{"meta": {"format": 3, "version": "7.11.0", "timestamp": "2025-11-07T18:46:50.904100", "branch_coverage": false, "show_contexts": false}, "files": {"src/analysis/__init__.py": {"executed_lines": [], "summary": {"covered_lines": 0, "num_statements": 4, "percent_covered": 0.0, "percent_covered_display": "0.00", "missing_lines": 4, "excluded_lines": 0}, "missing_lines": [10, 11, 12, 14], "excluded_lines": [], "functions": {"": {"executed_lines": [], "summary": {"covered_lines": 0, "num_statements": 4, "percent_covered": 0.0, "percent_covered_display": "0.00", "missing_lines": 4, "excluded_lines": 0}, "missing_lines": [10, 11, 12, 14], "excluded_lines": []}}, "classes": {"": {"executed_lines": [], "summary": {"covered_lines": 0, "num_statements": 4, "percent_covered": 0.0, "percent_covered_display": "0.00", "missing_lines": 4, "excluded_lines": 0}, "missing_lines": [10, 11, 12, 14], "excluded_lines": []}}}, "src/analysis/extraction_validator.py": {"executed_lines": [], "summary": {"covered_lines": 0, "num_statements": 213, "percent_covered": 0.0, "percent_covered_display": "0.00", "missing_lines": 213, "excluded_lines": 23}, "missing_lines": [12, 13, 14, 15, 16, 17, 18, 21, 23, 24, 25, 26, 28, 29, 30, 31, 32, 34, 35, 38, 39, 42, 43, 44, 45, 46, 47, 48, 49, 51, 52, 55, 56, 59, 60, 61, 62, 63, 64, 66, 67, 76, 78, 79, 82, 85, 92, 93, 94, 96, 98, 99, 100, 101, 103, 118, 120, 121, 123, 124, 125, 127, 128, 129, 132, 133, 134, 135, 137, 138, 139, 141, 142, 144, 147, 148, 149, 150, 152, 163, 178, 180, 181, 183, 184, 185, 187, 188, 189, 192, 193, 194, 195, 198, 199, 200, 203, 204, 206, 207, 208, 210, 211, 212, 213, 215, 216, 217, 218, 220, 231, 246, 248, 249, 251, 252, 253, 255, 256, 257, 260, 261, 262, 263, 264, 267, 268, 269, 271, 272, 274, 275, 276, 278, 279, 280, 281, 283, 284, 285, 286, 288, 299, 316, 318, 319, 320, 322, 328, 340, 343, 344, 345, 346, 348, 349, 358, 359, 360, 361, 362, 365, 366, 374, 376, 393, 396, 397, 398, 401, 412, 413, 415, 416, 417, 419, 420, 425, 427, 438, 440, 441, 442, 444, 455, 457, 458, 459, 461, 472, 474, 475, 476, 478, 489, 491, 493, 494, 495, 496, 497, 498, 499, 500, 501, 502, 503, 504, 505, 506, 507, 508, 510], "excluded_lines": [513, 514, 516, 517, 518, 520, 521, 522, 525, 526, 528, 529, 530, 533, 534, 537, 538, 541, 542, 543, 544, 545, 546], "functions": {"ValidationMetrics.to_dict": {"executed_lines": [], "summary": {"covered_lines": 0, "num_statements": 1, "percent_covered": 0.0, "percent_covered_display": "0.00", "missing_lines": 1, "excluded_lines": 0}, "missing_lines": [52], "excluded_lines": []}, "ValidationReport.to_dict": {"executed_lines": [], "summary": {"covered_lines": 0, "num_statements": 1, "percent_covered": 0.0, "percent_covered_display": "0.00", "missing_lines": 1, "excluded_lines": 0}, "missing_lines": [67], "excluded_lines": []}, "ValidationReport.to_json": {"executed_lines": [], "summary": {"covered_lines": 0, "num_statements": 2, "percent_covered": 0.0, "percent_covered_display": "0.00", "missing_lines": 2, "excluded_lines": 0}, "missing_lines": [78, 79], "excluded_lines": []}, "ExtractionValidator.__init__": {"executed_lines": [], "summary": {"covered_lines": 0, "num_statements": 3, "percent_covered": 0.0, "percent_covered_display": "0.00", "missing_lines": 3, "excluded_lines": 0}, "missing_lines": [92, 93, 94], "excluded_lines": []}, "ExtractionValidator._load_ground_truth": {"executed_lines": [], "summary": {"covered_lines": 0, "num_statements": 4, "percent_covered": 0.0, "percent_covered_display": "0.00", "missing_lines": 4, "excluded_lines": 0}, "missing_lines": [98, 99, 100, 101], "excluded_lines": []}, "ExtractionValidator.validate_page_extraction": {"executed_lines": [], "summary": {"covered_lines": 0, "num_statements": 24, "percent_covered": 0.0, "percent_covered_display": "0.00", "missing_lines": 24, "excluded_lines": 0}, "missing_lines": [118, 120, 121, 123, 124, 125, 127, 128, 129, 132, 133, 134, 135, 137, 138, 139, 141, 142, 144, 147, 148, 149, 150, 152], "excluded_lines": []}, "ExtractionValidator.validate_section_extraction": {"executed_lines": [], "summary": {"covered_lines": 0, "num_statements": 30, "percent_covered": 0.0, "percent_covered_display": "0.00", "missing_lines": 30, "excluded_lines": 0}, "missing_lines": [178, 180, 181, 183, 184, 185, 187, 188, 189, 192, 193, 194, 195, 198, 199, 200, 203, 204, 206, 207, 208, 210, 211, 212, 213, 215, 216, 217, 218, 220], "excluded_lines": []}, "ExtractionValidator.validate_content_extraction": {"executed_lines": [], "summary": {"covered_lines": 0, "num_statements": 31, "percent_covered": 0.0, "percent_covered_display": "0.00", "missing_lines": 31, "excluded_lines": 0}, "missing_lines": [246, 248, 249, 251, 252, 253, 255, 256, 257, 260, 261, 262, 263, 264, 267, 268, 269, 271, 272, 274, 275, 276, 278, 279, 280, 281, 283, 284, 285, 286, 288], "excluded_lines": []}, "ExtractionValidator.calculate_confusion_matrix": {"executed_lines": [], "summary": {"covered_lines": 0, "num_statements": 5, "percent_covered": 0.0, "percent_covered_display": "0.00", "missing_lines": 5, "excluded_lines": 0}, "missing_lines": [316, 318, 319, 320, 322], "excluded_lines": []}, "ExtractionValidator.generate_error_report": {"executed_lines": [], "summary": {"covered_lines": 0, "num_statements": 15, "percent_covered": 0.0, "percent_covered_display": "0.00", "missing_lines": 15, "excluded_lines": 0}, "missing_lines": [340, 343, 344, 345, 346, 348, 349, 358, 359, 360, 361, 362, 365, 366, 374], "excluded_lines": []}, "ExtractionValidator.validate_all": {"executed_lines": [], "summary": {"covered_lines": 0, "num_statements": 14, "percent_covered": 0.0, "percent_covered_display": "0.00", "missing_lines": 14, "excluded_lines": 0}, "missing_lines": [393, 396, 397, 398, 401, 412, 413, 415, 416, 417, 419, 420, 425, 427], "excluded_lines": []}, "ExtractionValidator._heuristic_page_validation": {"executed_lines": [], "summary": {"covered_lines": 0, "num_statements": 4, "percent_covered": 0.0, "percent_covered_display": "0.00", "missing_lines": 4, "excluded_lines": 0}, "missing_lines": [440, 441, 442, 444], "excluded_lines": []}, "ExtractionValidator._heuristic_section_validation": {"executed_lines": [], "summary": {"covered_lines": 0, "num_statements": 4, "percent_covered": 0.0, "percent_covered_display": "0.00", "missing_lines": 4, "excluded_lines": 0}, "missing_lines": [457, 458, 459, 461], "excluded_lines": []}, "ExtractionValidator._heuristic_content_validation": {"executed_lines": [], "summary": {"covered_lines": 0, "num_statements": 4, "percent_covered": 0.0, "percent_covered_display": "0.00", "missing_lines": 4, "excluded_lines": 0}, "missing_lines": [474, 475, 476, 478], "excluded_lines": []}, "ExtractionValidator._infer_page_type_from_name": {"executed_lines": [], "summary": {"covered_lines": 0, "num_statements": 18, "percent_covered": 0.0, "percent_covered_display": "0.00", "missing_lines": 18, "excluded_lines": 0}, "missing_lines": [491, 493, 494, 495, 496, 497, 498, 499, 500, 501, 502, 503, 504, 505, 506, 507, 508, 510], "excluded_lines": []}, "": {"executed_lines": [], "summary": {"covered_lines": 0, "num_statements": 53, "percent_covered": 0.0, "percent_covered_display": "0.00", "missing_lines": 53, "excluded_lines": 23}, "missing_lines": [12, 13, 14, 15, 16, 17, 18, 21, 23, 24, 25, 26, 28, 29, 30, 31, 32, 34, 35, 38, 39, 42, 43, 44, 45, 46, 47, 48, 49, 51, 55, 56, 59, 60, 61, 62, 63, 64, 66, 76, 82, 85, 96, 103, 163, 231, 299, 328, 376, 438, 455, 472, 489], "excluded_lines": [513, 514, 516, 517, 518, 520, 521, 522, 525, 526, 528, 529, 530, 533, 534, 537, 538, 541, 542, 543, 544, 545, 546]}}, "classes": {"ValidationMetrics": {"executed_lines": [], "summary": {"covered_lines": 0, "num_statements": 1, "percent_covered": 0.0, "percent_covered_display": "0.00", "missing_lines": 1, "excluded_lines": 0}, "missing_lines": [52], "excluded_lines": []}, "ValidationReport": {"executed_lines": [], "summary": {"covered_lines": 0, "num_statements": 3, "percent_covered": 0.0, "percent_covered_display": "0.00", "missing_lines": 3, "excluded_lines": 0}, "missing_lines": [67, 78, 79], "excluded_lines": []}, "ExtractionValidator": {"executed_lines": [], "summary": {"covered_lines": 0, "num_statements": 156, "percent_covered": 0.0, "percent_covered_display": "0.00", "missing_lines": 156, "excluded_lines": 0}, "missing_lines": [92, 93, 94, 98, 99, 100, 101, 118, 120, 121, 123, 124, 125, 127, 128, 129, 132, 133, 134, 135, 137, 138, 139, 141, 142, 144, 147, 148, 149, 150, 152, 178, 180, 181, 183, 184, 185, 187, 188, 189, 192, 193, 194, 195, 198, 199, 200, 203, 204, 206, 207, 208, 210, 211, 212, 213, 215, 216, 217, 218, 220, 246, 248, 249, 251, 252, 253, 255, 256, 257, 260, 261, 262, 263, 264, 267, 268, 269, 271, 272, 274, 275, 276, 278, 279, 280, 281, 283, 284, 285, 286, 288, 316, 318, 319, 320, 322, 340, 343, 344, 345, 346, 348, 349, 358, 359, 360, 361, 362, 365, 366, 374, 393, 396, 397, 398, 401, 412, 413, 415, 416, 417, 419, 420, 425, 427, 440, 441, 442, 444, 457, 458, 459, 461, 474, 475, 476, 478, 491, 493, 494, 495, 496, 497, 498, 499, 500, 501, 502, 503, 504, 505, 506, 507, 508, 510], "excluded_lines": []}, "": {"executed_lines": [], "summary": {"covered_lines": 0, "num_statements": 53, "percent_covered": 0.0, "percent_covered_display": "0.00", "missing_lines": 53, "excluded_lines": 23}, "missing_lines": [12, 13, 14, 15, 16, 17, 18, 21, 23, 24, 25, 26, 28, 29, 30, 31, 32, 34, 35, 38, 39, 42, 43, 44, 45, 46, 47, 48, 49, 51, 55, 56, 59, 60, 61, 62, 63, 64, 66, 76, 82, 85, 96, 103, 163, 231, 299, 328, 376, 438, 455, 472, 489], "excluded_lines": [513, 514, 516, 517, 518, 520, 521, 522, 525, 526, 528, 529, 530, 533, 534, 537, 538, 541, 542, 543, 544, 545, 546]}}}, "src/analysis/ground_truth.py": {"executed_lines": [], "summary": {"covered_lines": 0, "num_statements": 215, "percent_covered": 0.0, "percent_covered_display": "0.00", "missing_lines": 215, "excluded_lines": 22}, "missing_lines": [11, 12, 13, 14, 15, 16, 17, 19, 20, 23, 24, 27, 28, 29, 30, 31, 32, 33, 34, 36, 37, 40, 41, 44, 45, 46, 47, 48, 50, 51, 59, 61, 62, 63, 65, 66, 68, 69, 71, 76, 85, 88, 96, 97, 98, 100, 101, 103, 105, 107, 109, 110, 111, 113, 114, 115, 117, 119, 121, 122, 128, 129, 130, 131, 134, 135, 136, 137, 140, 141, 142, 143, 146, 147, 148, 149, 151, 153, 154, 155, 157, 172, 173, 175, 177, 178, 179, 180, 181, 182, 185, 186, 187, 188, 190, 192, 194, 195, 196, 197, 198, 199, 201, 202, 204, 205, 206, 207, 209, 212, 214, 229, 230, 231, 232, 233, 234, 236, 238, 243, 244, 245, 247, 248, 249, 252, 253, 256, 257, 259, 260, 262, 263, 265, 268, 282, 283, 285, 286, 287, 288, 291, 303, 305, 322, 324, 325, 327, 329, 330, 331, 334, 336, 350, 352, 364, 366, 381, 382, 385, 392, 393, 394, 395, 396, 397, 398, 399, 400, 401, 402, 403, 404, 406, 407, 409, 410, 412, 427, 428, 431, 437, 438, 439, 440, 442, 443, 444, 446, 452, 453, 455, 463, 465, 467, 468, 469, 470, 471, 472, 473, 474, 475, 476, 477, 478, 479, 480, 481, 482, 483, 484, 485, 486, 488], "excluded_lines": [491, 492, 494, 495, 496, 497, 499, 500, 501, 503, 505, 507, 508, 509, 510, 511, 512, 515, 518, 520, 521, 522], "functions": {"GroundTruthEntry.to_dict": {"executed_lines": [], "summary": {"covered_lines": 0, "num_statements": 1, "percent_covered": 0.0, "percent_covered_display": "0.00", "missing_lines": 1, "excluded_lines": 0}, "missing_lines": [37], "excluded_lines": []}, "GroundTruthDataset.to_dict": {"executed_lines": [], "summary": {"covered_lines": 0, "num_statements": 1, "percent_covered": 0.0, "percent_covered_display": "0.00", "missing_lines": 1, "excluded_lines": 0}, "missing_lines": [51], "excluded_lines": []}, "GroundTruthDataset.to_json": {"executed_lines": [], "summary": {"covered_lines": 0, "num_statements": 3, "percent_covered": 0.0, "percent_covered_display": "0.00", "missing_lines": 3, "excluded_lines": 0}, "missing_lines": [61, 62, 63], "excluded_lines": []}, "GroundTruthDataset.from_json": {"executed_lines": [], "summary": {"covered_lines": 0, "num_statements": 4, "percent_covered": 0.0, "percent_covered_display": "0.00", "missing_lines": 4, "excluded_lines": 0}, "missing_lines": [68, 69, 71, 76], "excluded_lines": []}, "GroundTruthBuilder.__init__": {"executed_lines": [], "summary": {"covered_lines": 0, "num_statements": 6, "percent_covered": 0.0, "percent_covered_display": "0.00", "missing_lines": 6, "excluded_lines": 0}, "missing_lines": [96, 97, 98, 100, 101, 103], "excluded_lines": []}, "GroundTruthBuilder._load_pages": {"executed_lines": [], "summary": {"covered_lines": 0, "num_statements": 8, "percent_covered": 0.0, "percent_covered_display": "0.00", "missing_lines": 8, "excluded_lines": 0}, "missing_lines": [107, 109, 110, 111, 113, 114, 115, 117], "excluded_lines": []}, "GroundTruthBuilder._load_page_data": {"executed_lines": [], "summary": {"covered_lines": 0, "num_statements": 22, "percent_covered": 0.0, "percent_covered_display": "0.00", "missing_lines": 22, "excluded_lines": 0}, "missing_lines": [121, 122, 128, 129, 130, 131, 134, 135, 136, 137, 140, 141, 142, 143, 146, 147, 148, 149, 151, 153, 154, 155], "excluded_lines": []}, "GroundTruthBuilder.sample_pages": {"executed_lines": [], "summary": {"covered_lines": 0, "num_statements": 29, "percent_covered": 0.0, "percent_covered_display": "0.00", "missing_lines": 29, "excluded_lines": 0}, "missing_lines": [172, 173, 175, 177, 178, 179, 180, 181, 182, 185, 186, 187, 188, 190, 192, 194, 195, 196, 197, 198, 199, 201, 202, 204, 205, 206, 207, 209, 212], "excluded_lines": []}, "GroundTruthBuilder.create_interactive_labeling_session": {"executed_lines": [], "summary": {"covered_lines": 0, "num_statements": 32, "percent_covered": 0.0, "percent_covered_display": "0.00", "missing_lines": 32, "excluded_lines": 0}, "missing_lines": [229, 230, 231, 232, 233, 234, 236, 238, 243, 244, 245, 247, 248, 249, 252, 253, 256, 257, 259, 260, 262, 263, 265, 268, 282, 283, 285, 286, 287, 288, 291, 303], "excluded_lines": []}, "GroundTruthBuilder.create_automated_ground_truth": {"executed_lines": [], "summary": {"covered_lines": 0, "num_statements": 12, "percent_covered": 0.0, "percent_covered_display": "0.00", "missing_lines": 12, "excluded_lines": 0}, "missing_lines": [322, 324, 325, 327, 329, 330, 331, 334, 336, 350, 352, 364], "excluded_lines": []}, "GroundTruthBuilder.export_for_validation": {"executed_lines": [], "summary": {"covered_lines": 0, "num_statements": 20, "percent_covered": 0.0, "percent_covered_display": "0.00", "missing_lines": 20, "excluded_lines": 0}, "missing_lines": [381, 382, 385, 392, 393, 394, 395, 396, 397, 398, 399, 400, 401, 402, 403, 404, 406, 407, 409, 410], "excluded_lines": []}, "GroundTruthBuilder.compare_with_extracted": {"executed_lines": [], "summary": {"covered_lines": 0, "num_statements": 14, "percent_covered": 0.0, "percent_covered_display": "0.00", "missing_lines": 14, "excluded_lines": 0}, "missing_lines": [427, 428, 431, 437, 438, 439, 440, 442, 443, 444, 446, 452, 453, 455], "excluded_lines": []}, "GroundTruthBuilder._infer_page_type": {"executed_lines": [], "summary": {"covered_lines": 0, "num_statements": 22, "percent_covered": 0.0, "percent_covered_display": "0.00", "missing_lines": 22, "excluded_lines": 0}, "missing_lines": [465, 467, 468, 469, 470, 471, 472, 473, 474, 475, 476, 477, 478, 479, 480, 481, 482, 483, 484, 485, 486, 488], "excluded_lines": []}, "": {"executed_lines": [], "summary": {"covered_lines": 0, "num_statements": 41, "percent_covered": 0.0, "percent_covered_display": "0.00", "missing_lines": 41, "excluded_lines": 22}, "missing_lines": [11, 12, 13, 14, 15, 16, 17, 19, 20, 23, 24, 27, 28, 29, 30, 31, 32, 33, 34, 36, 40, 41, 44, 45, 46, 47, 48, 50, 59, 65, 66, 85, 88, 105, 119, 157, 214, 305, 366, 412, 463], "excluded_lines": [491, 492, 494, 495, 496, 497, 499, 500, 501, 503, 505, 507, 508, 509, 510, 511, 512, 515, 518, 520, 521, 522]}}, "classes": {"GroundTruthEntry": {"executed_lines": [], "summary": {"covered_lines": 0, "num_statements": 1, "percent_covered": 0.0, "percent_covered_display": "0.00", "missing_lines": 1, "excluded_lines": 0}, "missing_lines": [37], "excluded_lines": []}, "GroundTruthDataset": {"executed_lines": [], "summary": {"covered_lines": 0, "num_statements": 8, "percent_covered": 0.0, "percent_covered_display": "0.00", "missing_lines": 8, "excluded_lines": 0}, "missing_lines": [51, 61, 62, 63, 68, 69, 71, 76], "excluded_lines": []}, "GroundTruthBuilder": {"executed_lines": [], "summary": {"covered_lines": 0, "num_statements": 165, "percent_covered": 0.0, "percent_covered_display": "0.00", "missing_lines": 165, "excluded_lines": 0}, "missing_lines": [96, 97, 98, 100, 101, 103, 107, 109, 110, 111, 113, 114, 115, 117, 121, 122, 128, 129, 130, 131, 134, 135, 136, 137, 140, 141, 142, 143, 146, 147, 148, 149, 151, 153, 154, 155, 172, 173, 175, 177, 178, 179, 180, 181, 182, 185, 186, 187, 188, 190, 192, 194, 195, 196, 197, 198, 199, 201, 202, 204, 205, 206, 207, 209, 212, 229, 230, 231, 232, 233, 234, 236, 238, 243, 244, 245, 247, 248, 249, 252, 253, 256, 257, 259, 260, 262, 263, 265, 268, 282, 283, 285, 286, 287, 288, 291, 303, 322, 324, 325, 327, 329, 330, 331, 334, 336, 350, 352, 364, 381, 382, 385, 392, 393, 394, 395, 396, 397, 398, 399, 400, 401, 402, 403, 404, 406, 407, 409, 410, 427, 428, 431, 437, 438, 439, 440, 442, 443, 444, 446, 452, 453, 455, 465, 467, 468, 469, 470, 471, 472, 473, 474, 475, 476, 477, 478, 479, 480, 481, 482, 483, 484, 485, 486, 488], "excluded_lines": []}, "": {"executed_lines": [], "summary": {"covered_lines": 0, "num_statements": 41, "percent_covered": 0.0, "percent_covered_display": "0.00", "missing_lines": 41, "excluded_lines": 22}, "missing_lines": [11, 12, 13, 14, 15, 16, 17, 19, 20, 23, 24, 27, 28, 29, 30, 31, 32, 33, 34, 36, 40, 41, 44, 45, 46, 47, 48, 50, 59, 65, 66, 85, 88, 105, 119, 157, 214, 305, 366, 412, 463], "excluded_lines": [491, 492, 494, 495, 496, 497, 499, 500, 501, 503, 505, 507, 508, 509, 510, 511, 512, 515, 518, 520, 521, 522]}}}, "src/analysis/pattern_analyzer.py": {"executed_lines": [], "summary": {"covered_lines": 0, "num_statements": 300, "percent_covered": 0.0, "percent_covered_display": "0.00", "missing_lines": 300, "excluded_lines": 11}, "missing_lines": [11, 12, 13, 14, 15, 16, 17, 19, 20, 23, 24, 27, 28, 29, 30, 31, 32, 33, 35, 37, 39, 41, 42, 45, 48, 55, 56, 57, 59, 61, 63, 64, 65, 67, 68, 69, 71, 73, 75, 76, 82, 83, 84, 85, 88, 89, 90, 91, 94, 95, 96, 97, 100, 101, 102, 103, 106, 107, 108, 109, 111, 113, 114, 115, 117, 128, 130, 131, 132, 133, 135, 136, 137, 141, 142, 143, 144, 145, 148, 149, 150, 157, 158, 160, 174, 185, 187, 188, 189, 190, 191, 193, 194, 195, 197, 199, 200, 203, 204, 205, 206, 207, 210, 211, 214, 215, 218, 219, 220, 222, 231, 242, 244, 245, 246, 247, 249, 250, 251, 254, 255, 256, 259, 260, 263, 266, 268, 281, 292, 294, 295, 296, 297, 299, 300, 301, 303, 304, 305, 306, 308, 310, 311, 316, 318, 319, 325, 334, 345, 347, 349, 350, 351, 353, 354, 355, 356, 359, 360, 361, 364, 370, 391, 393, 395, 407, 409, 410, 411, 412, 413, 414, 415, 416, 417, 418, 419, 420, 421, 422, 423, 424, 426, 428, 430, 431, 437, 439, 441, 442, 443, 445, 448, 449, 450, 452, 453, 454, 455, 457, 458, 460, 461, 463, 465, 466, 467, 469, 470, 471, 472, 473, 474, 475, 476, 477, 478, 479, 480, 482, 484, 486, 488, 489, 490, 491, 492, 493, 495, 496, 498, 500, 501, 502, 503, 504, 505, 507, 509, 511, 519, 520, 521, 522, 523, 524, 525, 526, 527, 529, 531, 533, 535, 536, 539, 540, 541, 542, 543, 544, 545, 546, 549, 550, 551, 552, 553, 554, 555, 556, 558, 559, 561, 563, 565, 566, 568, 569, 570, 571, 573, 574, 576, 582, 584, 585, 586, 587, 589, 591, 593, 594, 596, 598, 599, 600, 601, 602, 604, 605], "excluded_lines": [608, 609, 611, 612, 613, 615, 616, 618, 619, 621, 622], "functions": {"PatternReport.to_dict": {"executed_lines": [], "summary": {"covered_lines": 0, "num_statements": 1, "percent_covered": 0.0, "percent_covered_display": "0.00", "missing_lines": 1, "excluded_lines": 0}, "missing_lines": [37], "excluded_lines": []}, "PatternReport.to_json": {"executed_lines": [], "summary": {"covered_lines": 0, "num_statements": 2, "percent_covered": 0.0, "percent_covered_display": "0.00", "missing_lines": 2, "excluded_lines": 0}, "missing_lines": [41, 42], "excluded_lines": []}, "PatternAnalyzer.__init__": {"executed_lines": [], "summary": {"covered_lines": 0, "num_statements": 3, "percent_covered": 0.0, "percent_covered_display": "0.00", "missing_lines": 3, "excluded_lines": 0}, "missing_lines": [55, 56, 57], "excluded_lines": []}, "PatternAnalyzer._load_parsed_pages": {"executed_lines": [], "summary": {"covered_lines": 0, "num_statements": 8, "percent_covered": 0.0, "percent_covered_display": "0.00", "missing_lines": 8, "excluded_lines": 0}, "missing_lines": [61, 63, 64, 65, 67, 68, 69, 71], "excluded_lines": []}, "PatternAnalyzer._load_page_data": {"executed_lines": [], "summary": {"covered_lines": 0, "num_statements": 26, "percent_covered": 0.0, "percent_covered_display": "0.00", "missing_lines": 26, "excluded_lines": 0}, "missing_lines": [75, 76, 82, 83, 84, 85, 88, 89, 90, 91, 94, 95, 96, 97, 100, 101, 102, 103, 106, 107, 108, 109, 111, 113, 114, 115], "excluded_lines": []}, "PatternAnalyzer.analyze_page_patterns": {"executed_lines": [], "summary": {"covered_lines": 0, "num_statements": 19, "percent_covered": 0.0, "percent_covered_display": "0.00", "missing_lines": 19, "excluded_lines": 0}, "missing_lines": [128, 130, 131, 132, 133, 135, 136, 137, 141, 142, 143, 144, 145, 148, 149, 150, 157, 158, 160], "excluded_lines": []}, "PatternAnalyzer.analyze_section_patterns": {"executed_lines": [], "summary": {"covered_lines": 0, "num_statements": 25, "percent_covered": 0.0, "percent_covered_display": "0.00", "missing_lines": 25, "excluded_lines": 0}, "missing_lines": [185, 187, 188, 189, 190, 191, 193, 194, 195, 197, 199, 200, 203, 204, 205, 206, 207, 210, 211, 214, 215, 218, 219, 220, 222], "excluded_lines": []}, "PatternAnalyzer.analyze_content_patterns": {"executed_lines": [], "summary": {"covered_lines": 0, "num_statements": 16, "percent_covered": 0.0, "percent_covered_display": "0.00", "missing_lines": 16, "excluded_lines": 0}, "missing_lines": [242, 244, 245, 246, 247, 249, 250, 251, 254, 255, 256, 259, 260, 263, 266, 268], "excluded_lines": []}, "PatternAnalyzer.analyze_link_patterns": {"executed_lines": [], "summary": {"covered_lines": 0, "num_statements": 19, "percent_covered": 0.0, "percent_covered_display": "0.00", "missing_lines": 19, "excluded_lines": 0}, "missing_lines": [292, 294, 295, 296, 297, 299, 300, 301, 303, 304, 305, 306, 308, 310, 311, 316, 318, 319, 325], "excluded_lines": []}, "PatternAnalyzer.analyze_text_reuse": {"executed_lines": [], "summary": {"covered_lines": 0, "num_statements": 14, "percent_covered": 0.0, "percent_covered_display": "0.00", "missing_lines": 14, "excluded_lines": 0}, "missing_lines": [345, 347, 349, 350, 351, 353, 354, 355, 356, 359, 360, 361, 364, 370], "excluded_lines": []}, "PatternAnalyzer.generate_report": {"executed_lines": [], "summary": {"covered_lines": 0, "num_statements": 2, "percent_covered": 0.0, "percent_covered_display": "0.00", "missing_lines": 2, "excluded_lines": 0}, "missing_lines": [393, 395], "excluded_lines": []}, "PatternAnalyzer._categorize_url": {"executed_lines": [], "summary": {"covered_lines": 0, "num_statements": 17, "percent_covered": 0.0, "percent_covered_display": "0.00", "missing_lines": 17, "excluded_lines": 0}, "missing_lines": [409, 410, 411, 412, 413, 414, 415, 416, 417, 418, 419, 420, 421, 422, 423, 424, 426], "excluded_lines": []}, "PatternAnalyzer._analyze_title_structure": {"executed_lines": [], "summary": {"covered_lines": 0, "num_statements": 2, "percent_covered": 0.0, "percent_covered_display": "0.00", "missing_lines": 2, "excluded_lines": 0}, "missing_lines": [430, 431], "excluded_lines": []}, "PatternAnalyzer._find_sections": {"executed_lines": [], "summary": {"covered_lines": 0, "num_statements": 4, "percent_covered": 0.0, "percent_covered_display": "0.00", "missing_lines": 4, "excluded_lines": 0}, "missing_lines": [439, 441, 460, 461], "excluded_lines": []}, "PatternAnalyzer._find_sections.traverse": {"executed_lines": [], "summary": {"covered_lines": 0, "num_statements": 12, "percent_covered": 0.0, "percent_covered_display": "0.00", "missing_lines": 12, "excluded_lines": 0}, "missing_lines": [442, 443, 445, 448, 449, 450, 452, 453, 454, 455, 457, 458], "excluded_lines": []}, "PatternAnalyzer._classify_section": {"executed_lines": [], "summary": {"covered_lines": 0, "num_statements": 16, "percent_covered": 0.0, "percent_covered_display": "0.00", "missing_lines": 16, "excluded_lines": 0}, "missing_lines": [465, 466, 467, 469, 470, 471, 472, 473, 474, 475, 476, 477, 478, 479, 480, 482], "excluded_lines": []}, "PatternAnalyzer._find_headings": {"executed_lines": [], "summary": {"covered_lines": 0, "num_statements": 4, "percent_covered": 0.0, "percent_covered_display": "0.00", "missing_lines": 4, "excluded_lines": 0}, "missing_lines": [486, 488, 495, 496], "excluded_lines": []}, "PatternAnalyzer._find_headings.traverse": {"executed_lines": [], "summary": {"covered_lines": 0, "num_statements": 5, "percent_covered": 0.0, "percent_covered_display": "0.00", "missing_lines": 5, "excluded_lines": 0}, "missing_lines": [489, 490, 491, 492, 493], "excluded_lines": []}, "PatternAnalyzer._classify_content_type": {"executed_lines": [], "summary": {"covered_lines": 0, "num_statements": 7, "percent_covered": 0.0, "percent_covered_display": "0.00", "missing_lines": 7, "excluded_lines": 0}, "missing_lines": [500, 501, 502, 503, 504, 505, 507], "excluded_lines": []}, "PatternAnalyzer._categorize_lengths": {"executed_lines": [], "summary": {"covered_lines": 0, "num_statements": 12, "percent_covered": 0.0, "percent_covered_display": "0.00", "missing_lines": 12, "excluded_lines": 0}, "missing_lines": [511, 519, 520, 521, 522, 523, 524, 525, 526, 527, 529, 531], "excluded_lines": []}, "PatternAnalyzer._analyze_dom_elements": {"executed_lines": [], "summary": {"covered_lines": 0, "num_statements": 2, "percent_covered": 0.0, "percent_covered_display": "0.00", "missing_lines": 2, "excluded_lines": 0}, "missing_lines": [535, 561], "excluded_lines": []}, "PatternAnalyzer._analyze_dom_elements.traverse": {"executed_lines": [], "summary": {"covered_lines": 0, "num_statements": 19, "percent_covered": 0.0, "percent_covered_display": "0.00", "missing_lines": 19, "excluded_lines": 0}, "missing_lines": [536, 539, 540, 541, 542, 543, 544, 545, 546, 549, 550, 551, 552, 553, 554, 555, 556, 558, 559], "excluded_lines": []}, "PatternAnalyzer._analyze_dom_structures": {"executed_lines": [], "summary": {"covered_lines": 0, "num_statements": 9, "percent_covered": 0.0, "percent_covered_display": "0.00", "missing_lines": 9, "excluded_lines": 0}, "missing_lines": [565, 566, 568, 569, 570, 571, 573, 574, 576], "excluded_lines": []}, "PatternAnalyzer._calculate_max_depth": {"executed_lines": [], "summary": {"covered_lines": 0, "num_statements": 2, "percent_covered": 0.0, "percent_covered_display": "0.00", "missing_lines": 2, "excluded_lines": 0}, "missing_lines": [584, 589], "excluded_lines": []}, "PatternAnalyzer._calculate_max_depth.traverse": {"executed_lines": [], "summary": {"covered_lines": 0, "num_statements": 3, "percent_covered": 0.0, "percent_covered_display": "0.00", "missing_lines": 3, "excluded_lines": 0}, "missing_lines": [585, 586, 587], "excluded_lines": []}, "PatternAnalyzer._calculate_avg_children": {"executed_lines": [], "summary": {"covered_lines": 0, "num_statements": 5, "percent_covered": 0.0, "percent_covered_display": "0.00", "missing_lines": 5, "excluded_lines": 0}, "missing_lines": [593, 594, 596, 604, 605], "excluded_lines": []}, "PatternAnalyzer._calculate_avg_children.traverse": {"executed_lines": [], "summary": {"covered_lines": 0, "num_statements": 5, "percent_covered": 0.0, "percent_covered_display": "0.00", "missing_lines": 5, "excluded_lines": 0}, "missing_lines": [598, 599, 600, 601, 602], "excluded_lines": []}, "": {"executed_lines": [], "summary": {"covered_lines": 0, "num_statements": 41, "percent_covered": 0.0, "percent_covered_display": "0.00", "missing_lines": 41, "excluded_lines": 11}, "missing_lines": [11, 12, 13, 14, 15, 16, 17, 19, 20, 23, 24, 27, 28, 29, 30, 31, 32, 33, 35, 39, 45, 48, 59, 73, 117, 174, 231, 281, 334, 391, 407, 428, 437, 463, 484, 498, 509, 533, 563, 582, 591], "excluded_lines": [608, 609, 611, 612, 613, 615, 616, 618, 619, 621, 622]}}, "classes": {"PatternReport": {"executed_lines": [], "summary": {"covered_lines": 0, "num_statements": 3, "percent_covered": 0.0, "percent_covered_display": "0.00", "missing_lines": 3, "excluded_lines": 0}, "missing_lines": [37, 41, 42], "excluded_lines": []}, "PatternAnalyzer": {"executed_lines": [], "summary": {"covered_lines": 0, "num_statements": 256, "percent_covered": 0.0, "percent_covered_display": "0.00", "missing_lines": 256, "excluded_lines": 0}, "missing_lines": [55, 56, 57, 61, 63, 64, 65, 67, 68, 69, 71, 75, 76, 82, 83, 84, 85, 88, 89, 90, 91, 94, 95, 96, 97, 100, 101, 102, 103, 106, 107, 108, 109, 111, 113, 114, 115, 128, 130, 131, 132, 133, 135, 136, 137, 141, 142, 143, 144, 145, 148, 149, 150, 157, 158, 160, 185, 187, 188, 189, 190, 191, 193, 194, 195, 197, 199, 200, 203, 204, 205, 206, 207, 210, 211, 214, 215, 218, 219, 220, 222, 242, 244, 245, 246, 247, 249, 250, 251, 254, 255, 256, 259, 260, 263, 266, 268, 292, 294, 295, 296, 297, 299, 300, 301, 303, 304, 305, 306, 308, 310, 311, 316, 318, 319, 325, 345, 347, 349, 350, 351, 353, 354, 355, 356, 359, 360, 361, 364, 370, 393, 395, 409, 410, 411, 412, 413, 414, 415, 416, 417, 418, 419, 420, 421, 422, 423, 424, 426, 430, 431, 439, 441, 442, 443, 445, 448, 449, 450, 452, 453, 454, 455, 457, 458, 460, 461, 465, 466, 467, 469, 470, 471, 472, 473, 474, 475, 476, 477, 478, 479, 480, 482, 486, 488, 489, 490, 491, 492, 493, 495, 496, 500, 501, 502, 503, 504, 505, 507, 511, 519, 520, 521, 522, 523, 524, 525, 526, 527, 529, 531, 535, 536, 539, 540, 541, 542, 543, 544, 545, 546, 549, 550, 551, 552, 553, 554, 555, 556, 558, 559, 561, 565, 566, 568, 569, 570, 571, 573, 574, 576, 584, 585, 586, 587, 589, 593, 594, 596, 598, 599, 600, 601, 602, 604, 605], "excluded_lines": []}, "": {"executed_lines": [], "summary": {"covered_lines": 0, "num_statements": 41, "percent_covered": 0.0, "percent_covered_display": "0.00", "missing_lines": 41, "excluded_lines": 11}, "missing_lines": [11, 12, 13, 14, 15, 16, 17, 19, 20, 23, 24, 27, 28, 29, 30, 31, 32, 33, 35, 39, 45, 48, 59, 73, 117, 174, 231, 281, 334, 391, 407, 428, 437, 463, 484, 498, 509, 533, 563, 582, 591], "excluded_lines": [608, 609, 611, 612, 613, 615, 616, 618, 619, 621, 622]}}}, "src/analysis/run_analysis.py": {"executed_lines": [], "summary": {"covered_lines": 0, "num_statements": 172, "percent_covered": 0.0, "percent_covered_display": "0.00", "missing_lines": 172, "excluded_lines": 2}, "missing_lines": [12, 13, 14, 15, 16, 19, 21, 22, 23, 25, 29, 32, 43, 44, 45, 47, 48, 51, 52, 55, 56, 57, 58, 59, 60, 61, 63, 66, 84, 85, 86, 88, 89, 92, 95, 96, 97, 99, 100, 103, 106, 108, 109, 110, 111, 112, 114, 117, 133, 134, 135, 138, 139, 140, 141, 142, 143, 144, 146, 154, 157, 164, 165, 168, 169, 170, 171, 172, 173, 174, 175, 177, 180, 196, 197, 198, 201, 202, 204, 205, 208, 236, 237, 238, 240, 241, 242, 243, 245, 254, 255, 256, 258, 270, 271, 272, 274, 282, 283, 285, 312, 313, 314, 315, 316, 317, 318, 320, 333, 335, 336, 337, 338, 339, 341, 386, 387, 388, 390, 391, 393, 396, 398, 399, 400, 401, 402, 403, 404, 405, 406, 407, 408, 409, 410, 411, 412, 413, 414, 416, 419, 421, 422, 423, 424, 426, 427, 428, 430, 431, 432, 435, 436, 438, 439, 440, 442, 444, 447, 450, 453, 455, 456, 457, 458, 459, 460, 461, 462, 464, 465, 466], "excluded_lines": [469, 470], "functions": {"run_pattern_analysis": {"executed_lines": [], "summary": {"covered_lines": 0, "num_statements": 15, "percent_covered": 0.0, "percent_covered_display": "0.00", "missing_lines": 15, "excluded_lines": 0}, "missing_lines": [43, 44, 45, 47, 48, 51, 52, 55, 56, 57, 58, 59, 60, 61, 63], "excluded_lines": []}, "create_ground_truth": {"executed_lines": [], "summary": {"covered_lines": 0, "num_statements": 19, "percent_covered": 0.0, "percent_covered_display": "0.00", "missing_lines": 19, "excluded_lines": 0}, "missing_lines": [84, 85, 86, 88, 89, 92, 95, 96, 97, 99, 100, 103, 106, 108, 109, 110, 111, 112, 114], "excluded_lines": []}, "run_validation": {"executed_lines": [], "summary": {"covered_lines": 0, "num_statements": 24, "percent_covered": 0.0, "percent_covered_display": "0.00", "missing_lines": 24, "excluded_lines": 0}, "missing_lines": [133, 134, 135, 138, 139, 140, 141, 142, 143, 144, 146, 154, 157, 164, 165, 168, 169, 170, 171, 172, 173, 174, 175, 177], "excluded_lines": []}, "generate_markdown_report": {"executed_lines": [], "summary": {"covered_lines": 0, "num_statements": 48, "percent_covered": 0.0, "percent_covered_display": "0.00", "missing_lines": 48, "excluded_lines": 0}, "missing_lines": [196, 197, 198, 201, 202, 204, 205, 208, 236, 237, 238, 240, 241, 242, 243, 245, 254, 255, 256, 258, 270, 271, 272, 274, 282, 283, 285, 312, 313, 314, 315, 316, 317, 318, 320, 333, 335, 336, 337, 338, 339, 341, 386, 387, 388, 390, 391, 393], "excluded_lines": []}, "_infer_type": {"executed_lines": [], "summary": {"covered_lines": 0, "num_statements": 18, "percent_covered": 0.0, "percent_covered_display": "0.00", "missing_lines": 18, "excluded_lines": 0}, "missing_lines": [398, 399, 400, 401, 402, 403, 404, 405, 406, 407, 408, 409, 410, 411, 412, 413, 414, 416], "excluded_lines": []}, "main": {"executed_lines": [], "summary": {"covered_lines": 0, "num_statements": 31, "percent_covered": 0.0, "percent_covered_display": "0.00", "missing_lines": 31, "excluded_lines": 0}, "missing_lines": [421, 422, 423, 424, 426, 427, 428, 430, 431, 432, 435, 436, 438, 439, 440, 442, 444, 447, 450, 453, 455, 456, 457, 458, 459, 460, 461, 462, 464, 465, 466], "excluded_lines": []}, "": {"executed_lines": [], "summary": {"covered_lines": 0, "num_statements": 17, "percent_covered": 0.0, "percent_covered_display": "0.00", "missing_lines": 17, "excluded_lines": 2}, "missing_lines": [12, 13, 14, 15, 16, 19, 21, 22, 23, 25, 29, 32, 66, 117, 180, 396, 419], "excluded_lines": [469, 470]}}, "classes": {"": {"executed_lines": [], "summary": {"covered_lines": 0, "num_statements": 172, "percent_covered": 0.0, "percent_covered_display": "0.00", "missing_lines": 172, "excluded_lines": 2}, "missing_lines": [12, 13, 14, 15, 16, 19, 21, 22, 23, 25, 29, 32, 43, 44, 45, 47, 48, 51, 52, 55, 56, 57, 58, 59, 60, 61, 63, 66, 84, 85, 86, 88, 89, 92, 95, 96, 97, 99, 100, 103, 106, 108, 109, 110, 111, 112, 114, 117, 133, 134, 135, 138, 139, 140, 141, 142, 143, 144, 146, 154, 157, 164, 165, 168, 169, 170, 171, 172, 173, 174, 175, 177, 180, 196, 197, 198, 201, 202, 204, 205, 208, 236, 237, 238, 240, 241, 242, 243, 245, 254, 255, 256, 258, 270, 271, 272, 274, 282, 283, 285, 312, 313, 314, 315, 316, 317, 318, 320, 333, 335, 336, 337, 338, 339, 341, 386, 387, 388, 390, 391, 393, 396, 398, 399, 400, 401, 402, 403, 404, 405, 406, 407, 408, 409, 410, 411, 412, 413, 414, 416, 419, 421, 422, 423, 424, 426, 427, 428, 430, 431, 432, 435, 436, 438, 439, 440, 442, 444, 447, 450, 453, 455, 456, 457, 458, 459, 460, 461, 462, 464, 465, 466], "excluded_lines": [469, 470]}}}, "src/enrichment/__init__.py": {"executed_lines": [1, 18, 23, 24, 25, 26, 40, 60], "summary": {"covered_lines": 7, "num_statements": 7, "percent_covered": 100.0, "percent_covered_display": "100.00", "missing_lines": 0, "excluded_lines": 0}, "missing_lines": [], "excluded_lines": [], "functions": {"": {"executed_lines": [1, 18, 23, 24, 25, 26, 40, 60], "summary": {"covered_lines": 7, "num_statements": 7, "percent_covered": 100.0, "percent_covered_display": "100.00", "missing_lines": 0, "excluded_lines": 0}, "missing_lines": [], "excluded_lines": []}}, "classes": {"": {"executed_lines": [1, 18, 23, 24, 25, 26, 40, 60], "summary": {"covered_lines": 7, "num_statements": 7, "percent_covered": 100.0, "percent_covered_display": "100.00", "missing_lines": 0, "excluded_lines": 0}, "missing_lines": [], "excluded_lines": []}}}, "src/enrichment/embedding_generator.py": {"executed_lines": [], "summary": {"covered_lines": 0, "num_statements": 107, "percent_covered": 0.0, "percent_covered_display": "0.00", "missing_lines": 107, "excluded_lines": 0}, "missing_lines": [6, 7, 8, 9, 10, 11, 12, 13, 14, 17, 20, 23, 37, 38, 39, 40, 43, 44, 46, 48, 50, 51, 53, 55, 56, 57, 58, 59, 60, 61, 63, 65, 66, 67, 72, 74, 76, 78, 89, 91, 92, 94, 95, 96, 97, 98, 100, 101, 103, 114, 115, 116, 119, 120, 121, 122, 124, 125, 128, 129, 133, 134, 135, 136, 137, 140, 142, 144, 159, 161, 162, 165, 166, 167, 169, 170, 171, 172, 173, 175, 178, 179, 180, 185, 186, 187, 188, 190, 192, 193, 194, 197, 198, 200, 202, 204, 216, 218, 219, 225, 227, 237, 238, 240, 242, 244, 246], "excluded_lines": [], "functions": {"EmbeddingGenerator.__init__": {"executed_lines": [], "summary": {"covered_lines": 0, "num_statements": 7, "percent_covered": 0.0, "percent_covered_display": "0.00", "missing_lines": 7, "excluded_lines": 0}, "missing_lines": [37, 38, 39, 40, 43, 44, 46], "excluded_lines": []}, "EmbeddingGenerator._get_cache_path": {"executed_lines": [], "summary": {"covered_lines": 0, "num_statements": 2, "percent_covered": 0.0, "percent_covered_display": "0.00", "missing_lines": 2, "excluded_lines": 0}, "missing_lines": [50, 51], "excluded_lines": []}, "EmbeddingGenerator._load_from_cache": {"executed_lines": [], "summary": {"covered_lines": 0, "num_statements": 7, "percent_covered": 0.0, "percent_covered_display": "0.00", "missing_lines": 7, "excluded_lines": 0}, "missing_lines": [55, 56, 57, 58, 59, 60, 61], "excluded_lines": []}, "EmbeddingGenerator._save_to_cache": {"executed_lines": [], "summary": {"covered_lines": 0, "num_statements": 4, "percent_covered": 0.0, "percent_covered_display": "0.00", "missing_lines": 4, "excluded_lines": 0}, "missing_lines": [65, 66, 67, 72], "excluded_lines": []}, "EmbeddingGenerator.count_tokens": {"executed_lines": [], "summary": {"covered_lines": 0, "num_statements": 1, "percent_covered": 0.0, "percent_covered_display": "0.00", "missing_lines": 1, "excluded_lines": 0}, "missing_lines": [76], "excluded_lines": []}, "EmbeddingGenerator.chunk_text": {"executed_lines": [], "summary": {"covered_lines": 0, "num_statements": 10, "percent_covered": 0.0, "percent_covered_display": "0.00", "missing_lines": 10, "excluded_lines": 0}, "missing_lines": [89, 91, 92, 94, 95, 96, 97, 98, 100, 101], "excluded_lines": []}, "EmbeddingGenerator.generate_embedding": {"executed_lines": [], "summary": {"covered_lines": 0, "num_statements": 18, "percent_covered": 0.0, "percent_covered_display": "0.00", "missing_lines": 18, "excluded_lines": 0}, "missing_lines": [114, 115, 116, 119, 120, 121, 122, 124, 125, 128, 129, 133, 134, 135, 136, 137, 140, 142], "excluded_lines": []}, "EmbeddingGenerator.generate_batch": {"executed_lines": [], "summary": {"covered_lines": 0, "num_statements": 27, "percent_covered": 0.0, "percent_covered_display": "0.00", "missing_lines": 27, "excluded_lines": 0}, "missing_lines": [159, 161, 162, 165, 166, 167, 169, 170, 171, 172, 173, 175, 178, 179, 180, 185, 186, 187, 188, 190, 192, 193, 194, 197, 198, 200, 202], "excluded_lines": []}, "EmbeddingGenerator.save_embeddings": {"executed_lines": [], "summary": {"covered_lines": 0, "num_statements": 4, "percent_covered": 0.0, "percent_covered_display": "0.00", "missing_lines": 4, "excluded_lines": 0}, "missing_lines": [216, 218, 219, 225], "excluded_lines": []}, "EmbeddingGenerator.load_embeddings": {"executed_lines": [], "summary": {"covered_lines": 0, "num_statements": 4, "percent_covered": 0.0, "percent_covered_display": "0.00", "missing_lines": 4, "excluded_lines": 0}, "missing_lines": [237, 238, 240, 242], "excluded_lines": []}, "EmbeddingGenerator.close": {"executed_lines": [], "summary": {"covered_lines": 0, "num_statements": 1, "percent_covered": 0.0, "percent_covered_display": "0.00", "missing_lines": 1, "excluded_lines": 0}, "missing_lines": [246], "excluded_lines": []}, "": {"executed_lines": [], "summary": {"covered_lines": 0, "num_statements": 22, "percent_covered": 0.0, "percent_covered_display": "0.00", "missing_lines": 22, "excluded_lines": 0}, "missing_lines": [6, 7, 8, 9, 10, 11, 12, 13, 14, 17, 20, 23, 48, 53, 63, 74, 78, 103, 144, 204, 227, 244], "excluded_lines": []}}, "classes": {"EmbeddingGenerator": {"executed_lines": [], "summary": {"covered_lines": 0, "num_statements": 85, "percent_covered": 0.0, "percent_covered_display": "0.00", "missing_lines": 85, "excluded_lines": 0}, "missing_lines": [37, 38, 39, 40, 43, 44, 46, 50, 51, 55, 56, 57, 58, 59, 60, 61, 65, 66, 67, 72, 76, 89, 91, 92, 94, 95, 96, 97, 98, 100, 101, 114, 115, 116, 119, 120, 121, 122, 124, 125, 128, 129, 133, 134, 135, 136, 137, 140, 142, 159, 161, 162, 165, 166, 167, 169, 170, 171, 172, 173, 175, 178, 179, 180, 185, 186, 187, 188, 190, 192, 193, 194, 197, 198, 200, 202, 216, 218, 219, 225, 237, 238, 240, 242, 246], "excluded_lines": []}, "": {"executed_lines": [], "summary": {"covered_lines": 0, "num_statements": 22, "percent_covered": 0.0, "percent_covered_display": "0.00", "missing_lines": 22, "excluded_lines": 0}, "missing_lines": [6, 7, 8, 9, 10, 11, 12, 13, 14, 17, 20, 23, 48, 53, 63, 74, 78, 103, 144, 204, 227, 244], "excluded_lines": []}}}, "src/enrichment/entity_graph_builder.py": {"executed_lines": [], "summary": {"covered_lines": 0, "num_statements": 79, "percent_covered": 0.0, "percent_covered_display": "0.00", "missing_lines": 79, "excluded_lines": 0}, "missing_lines": [8, 9, 10, 12, 13, 16, 25, 32, 33, 35, 45, 53, 54, 55, 56, 57, 58, 60, 63, 64, 65, 68, 69, 70, 72, 74, 84, 86, 88, 91, 92, 93, 96, 97, 100, 107, 109, 112, 114, 131, 133, 135, 145, 147, 150, 151, 152, 153, 154, 156, 170, 171, 172, 173, 175, 185, 187, 188, 190, 191, 194, 198, 203, 214, 215, 216, 217, 219, 226, 235, 239, 240, 241, 242, 243, 245, 247, 257, 268], "excluded_lines": [], "functions": {"EntityGraphBuilder.__init__": {"executed_lines": [], "summary": {"covered_lines": 0, "num_statements": 2, "percent_covered": 0.0, "percent_covered_display": "0.00", "missing_lines": 2, "excluded_lines": 0}, "missing_lines": [32, 33], "excluded_lines": []}, "EntityGraphBuilder.build_entities": {"executed_lines": [], "summary": {"covered_lines": 0, "num_statements": 15, "percent_covered": 0.0, "percent_covered_display": "0.00", "missing_lines": 15, "excluded_lines": 0}, "missing_lines": [45, 53, 54, 55, 56, 57, 58, 60, 63, 64, 65, 68, 69, 70, 72], "excluded_lines": []}, "EntityGraphBuilder._create_or_update_entity": {"executed_lines": [], "summary": {"covered_lines": 0, "num_statements": 15, "percent_covered": 0.0, "percent_covered_display": "0.00", "missing_lines": 15, "excluded_lines": 0}, "missing_lines": [84, 86, 88, 91, 92, 93, 96, 97, 100, 107, 109, 112, 114, 131, 133], "excluded_lines": []}, "EntityGraphBuilder._create_mention": {"executed_lines": [], "summary": {"covered_lines": 0, "num_statements": 12, "percent_covered": 0.0, "percent_covered_display": "0.00", "missing_lines": 12, "excluded_lines": 0}, "missing_lines": [145, 147, 150, 151, 152, 153, 154, 156, 170, 171, 172, 173], "excluded_lines": []}, "EntityGraphBuilder._create_relationship": {"executed_lines": [], "summary": {"covered_lines": 0, "num_statements": 12, "percent_covered": 0.0, "percent_covered_display": "0.00", "missing_lines": 12, "excluded_lines": 0}, "missing_lines": [185, 187, 188, 190, 191, 194, 198, 203, 214, 215, 216, 217], "excluded_lines": []}, "EntityGraphBuilder.get_entity_stats": {"executed_lines": [], "summary": {"covered_lines": 0, "num_statements": 8, "percent_covered": 0.0, "percent_covered_display": "0.00", "missing_lines": 8, "excluded_lines": 0}, "missing_lines": [226, 235, 239, 240, 241, 242, 243, 245], "excluded_lines": []}, "EntityGraphBuilder.get_top_entities": {"executed_lines": [], "summary": {"covered_lines": 0, "num_statements": 2, "percent_covered": 0.0, "percent_covered_display": "0.00", "missing_lines": 2, "excluded_lines": 0}, "missing_lines": [257, 268], "excluded_lines": []}, "": {"executed_lines": [], "summary": {"covered_lines": 0, "num_statements": 13, "percent_covered": 0.0, "percent_covered_display": "0.00", "missing_lines": 13, "excluded_lines": 0}, "missing_lines": [8, 9, 10, 12, 13, 16, 25, 35, 74, 135, 175, 219, 247], "excluded_lines": []}}, "classes": {"EntityGraphBuilder": {"executed_lines": [], "summary": {"covered_lines": 0, "num_statements": 66, "percent_covered": 0.0, "percent_covered_display": "0.00", "missing_lines": 66, "excluded_lines": 0}, "missing_lines": [32, 33, 45, 53, 54, 55, 56, 57, 58, 60, 63, 64, 65, 68, 69, 70, 72, 84, 86, 88, 91, 92, 93, 96, 97, 100, 107, 109, 112, 114, 131, 133, 145, 147, 150, 151, 152, 153, 154, 156, 170, 171, 172, 173, 185, 187, 188, 190, 191, 194, 198, 203, 214, 215, 216, 217, 226, 235, 239, 240, 241, 242, 243, 245, 257, 268], "excluded_lines": []}, "": {"executed_lines": [], "summary": {"covered_lines": 0, "num_statements": 13, "percent_covered": 0.0, "percent_covered_display": "0.00", "missing_lines": 13, "excluded_lines": 0}, "missing_lines": [8, 9, 10, 12, 13, 16, 25, 35, 74, 135, 175, 219, 247], "excluded_lines": []}}}, "src/enrichment/entity_models.py": {"executed_lines": [1, 7, 8, 9, 10, 13, 14, 15, 16, 17, 18, 21, 22, 23, 38, 39, 40, 41, 42, 43, 44, 45, 46, 47, 49, 65, 66, 67, 80, 81, 82, 83, 84, 85, 86, 87, 89, 103, 104, 105, 116, 117, 118, 119, 120, 121, 123, 135, 136, 137, 149, 150, 151, 152, 153, 154, 155, 157, 170, 171, 172, 176, 177, 178, 179], "summary": {"covered_lines": 58, "num_statements": 62, "percent_covered": 93.54838709677419, "percent_covered_display": "93.55", "missing_lines": 4, "excluded_lines": 0}, "missing_lines": [51, 91, 125, 159], "excluded_lines": [], "functions": {"Entity.to_dict": {"executed_lines": [], "summary": {"covered_lines": 0, "num_statements": 1, "percent_covered": 0.0, "percent_covered_display": "0.00", "missing_lines": 1, "excluded_lines": 0}, "missing_lines": [51], "excluded_lines": []}, "EntityMention.to_dict": {"executed_lines": [], "summary": {"covered_lines": 0, "num_statements": 1, "percent_covered": 0.0, "percent_covered_display": "0.00", "missing_lines": 1, "excluded_lines": 0}, "missing_lines": [91], "excluded_lines": []}, "EntityRelationship.to_dict": {"executed_lines": [], "summary": {"covered_lines": 0, "num_statements": 1, "percent_covered": 0.0, "percent_covered_display": "0.00", "missing_lines": 1, "excluded_lines": 0}, "missing_lines": [125], "excluded_lines": []}, "NERExtractionResult.to_dict": {"executed_lines": [], "summary": {"covered_lines": 0, "num_statements": 1, "percent_covered": 0.0, "percent_covered_display": "0.00", "missing_lines": 1, "excluded_lines": 0}, "missing_lines": [159], "excluded_lines": []}, "": {"executed_lines": [1, 7, 8, 9, 10, 13, 14, 15, 16, 17, 18, 21, 22, 23, 38, 39, 40, 41, 42, 43, 44, 45, 46, 47, 49, 65, 66, 67, 80, 81, 82, 83, 84, 85, 86, 87, 89, 103, 104, 105, 116, 117, 118, 119, 120, 121, 123, 135, 136, 137, 149, 150, 151, 152, 153, 154, 155, 157, 170, 171, 172, 176, 177, 178, 179], "summary": {"covered_lines": 58, "num_statements": 58, "percent_covered": 100.0, "percent_covered_display": "100.00", "missing_lines": 0, "excluded_lines": 0}, "missing_lines": [], "excluded_lines": []}}, "classes": {"EntityType": {"executed_lines": [], "summary": {"covered_lines": 0, "num_statements": 0, "percent_covered": 100.0, "percent_covered_display": "100.00", "missing_lines": 0, "excluded_lines": 0}, "missing_lines": [], "excluded_lines": []}, "Entity": {"executed_lines": [], "summary": {"covered_lines": 0, "num_statements": 1, "percent_covered": 0.0, "percent_covered_display": "0.00", "missing_lines": 1, "excluded_lines": 0}, "missing_lines": [51], "excluded_lines": []}, "EntityMention": {"executed_lines": [], "summary": {"covered_lines": 0, "num_statements": 1, "percent_covered": 0.0, "percent_covered_display": "0.00", "missing_lines": 1, "excluded_lines": 0}, "missing_lines": [91], "excluded_lines": []}, "EntityRelationship": {"executed_lines": [], "summary": {"covered_lines": 0, "num_statements": 1, "percent_covered": 0.0, "percent_covered_display": "0.00", "missing_lines": 1, "excluded_lines": 0}, "missing_lines": [125], "excluded_lines": []}, "NERExtractionResult": {"executed_lines": [], "summary": {"covered_lines": 0, "num_statements": 1, "percent_covered": 0.0, "percent_covered_display": "0.00", "missing_lines": 1, "excluded_lines": 0}, "missing_lines": [159], "excluded_lines": []}, "EntityStatistics": {"executed_lines": [], "summary": {"covered_lines": 0, "num_statements": 0, "percent_covered": 100.0, "percent_covered_display": "100.00", "missing_lines": 0, "excluded_lines": 0}, "missing_lines": [], "excluded_lines": []}, "": {"executed_lines": [1, 7, 8, 9, 10, 13, 14, 15, 16, 17, 18, 21, 22, 23, 38, 39, 40, 41, 42, 43, 44, 45, 46, 47, 49, 65, 66, 67, 80, 81, 82, 83, 84, 85, 86, 87, 89, 103, 104, 105, 116, 117, 118, 119, 120, 121, 123, 135, 136, 137, 149, 150, 151, 152, 153, 154, 155, 157, 170, 171, 172, 176, 177, 178, 179], "summary": {"covered_lines": 58, "num_statements": 58, "percent_covered": 100.0, "percent_covered_display": "100.00", "missing_lines": 0, "excluded_lines": 0}, "missing_lines": [], "excluded_lines": []}}}, "src/enrichment/free_embeddings.py": {"executed_lines": [], "summary": {"covered_lines": 0, "num_statements": 111, "percent_covered": 0.0, "percent_covered_display": "0.00", "missing_lines": 111, "excluded_lines": 12}, "missing_lines": [10, 11, 12, 15, 33, 47, 48, 49, 51, 52, 53, 54, 55, 56, 58, 63, 65, 66, 67, 68, 74, 75, 77, 78, 79, 80, 82, 84, 85, 86, 87, 93, 94, 95, 100, 103, 104, 106, 107, 109, 111, 112, 113, 114, 120, 121, 122, 127, 130, 131, 133, 134, 136, 153, 154, 155, 156, 157, 158, 160, 167, 168, 170, 177, 179, 185, 186, 188, 190, 191, 193, 199, 201, 202, 204, 206, 212, 213, 215, 217, 218, 220, 225, 227, 228, 230, 232, 247, 251, 266, 269, 272, 273, 275, 276, 277, 278, 279, 282, 284, 286, 288, 299, 310, 311, 314, 325, 326, 329, 340, 341], "excluded_lines": [344, 346, 347, 349, 356, 357, 358, 360, 361, 362, 363, 365], "functions": {"FreeEmbedder.__init__": {"executed_lines": [], "summary": {"covered_lines": 0, "num_statements": 10, "percent_covered": 0.0, "percent_covered_display": "0.00", "missing_lines": 10, "excluded_lines": 0}, "missing_lines": [47, 48, 49, 51, 52, 53, 54, 55, 56, 58], "excluded_lines": []}, "FreeEmbedder._init_local": {"executed_lines": [], "summary": {"covered_lines": 0, "num_statements": 10, "percent_covered": 0.0, "percent_covered_display": "0.00", "missing_lines": 10, "excluded_lines": 0}, "missing_lines": [65, 66, 67, 68, 74, 75, 77, 78, 79, 80], "excluded_lines": []}, "FreeEmbedder._init_cohere": {"executed_lines": [], "summary": {"covered_lines": 0, "num_statements": 12, "percent_covered": 0.0, "percent_covered_display": "0.00", "missing_lines": 12, "excluded_lines": 0}, "missing_lines": [84, 85, 86, 87, 93, 94, 95, 100, 103, 104, 106, 107], "excluded_lines": []}, "FreeEmbedder._init_voyage": {"executed_lines": [], "summary": {"covered_lines": 0, "num_statements": 12, "percent_covered": 0.0, "percent_covered_display": "0.00", "missing_lines": 12, "excluded_lines": 0}, "missing_lines": [111, 112, 113, 114, 120, 121, 122, 127, 130, 131, 133, 134], "excluded_lines": []}, "FreeEmbedder.embed": {"executed_lines": [], "summary": {"covered_lines": 0, "num_statements": 6, "percent_covered": 0.0, "percent_covered_display": "0.00", "missing_lines": 6, "excluded_lines": 0}, "missing_lines": [153, 154, 155, 156, 157, 158], "excluded_lines": []}, "FreeEmbedder._embed_local": {"executed_lines": [], "summary": {"covered_lines": 0, "num_statements": 4, "percent_covered": 0.0, "percent_covered_display": "0.00", "missing_lines": 4, "excluded_lines": 0}, "missing_lines": [167, 168, 170, 177], "excluded_lines": []}, "FreeEmbedder._embed_cohere": {"executed_lines": [], "summary": {"covered_lines": 0, "num_statements": 10, "percent_covered": 0.0, "percent_covered_display": "0.00", "missing_lines": 10, "excluded_lines": 0}, "missing_lines": [185, 186, 188, 190, 191, 193, 199, 201, 202, 204], "excluded_lines": []}, "FreeEmbedder._embed_voyage": {"executed_lines": [], "summary": {"covered_lines": 0, "num_statements": 10, "percent_covered": 0.0, "percent_covered_display": "0.00", "missing_lines": 10, "excluded_lines": 0}, "missing_lines": [212, 213, 215, 217, 218, 220, 225, 227, 228, 230], "excluded_lines": []}, "FreeEmbedder.similarity": {"executed_lines": [], "summary": {"covered_lines": 0, "num_statements": 1, "percent_covered": 0.0, "percent_covered_display": "0.00", "missing_lines": 1, "excluded_lines": 0}, "missing_lines": [247], "excluded_lines": []}, "FreeEmbedder.batch_similarity": {"executed_lines": [], "summary": {"covered_lines": 0, "num_statements": 11, "percent_covered": 0.0, "percent_covered_display": "0.00", "missing_lines": 11, "excluded_lines": 0}, "missing_lines": [266, 269, 272, 273, 275, 276, 277, 278, 279, 282, 284], "excluded_lines": []}, "FreeEmbedder.info": {"executed_lines": [], "summary": {"covered_lines": 0, "num_statements": 1, "percent_covered": 0.0, "percent_covered_display": "0.00", "missing_lines": 1, "excluded_lines": 0}, "missing_lines": [288], "excluded_lines": []}, "embed_local": {"executed_lines": [], "summary": {"covered_lines": 0, "num_statements": 2, "percent_covered": 0.0, "percent_covered_display": "0.00", "missing_lines": 2, "excluded_lines": 0}, "missing_lines": [310, 311], "excluded_lines": []}, "embed_cohere": {"executed_lines": [], "summary": {"covered_lines": 0, "num_statements": 2, "percent_covered": 0.0, "percent_covered_display": "0.00", "missing_lines": 2, "excluded_lines": 0}, "missing_lines": [325, 326], "excluded_lines": []}, "embed_voyage": {"executed_lines": [], "summary": {"covered_lines": 0, "num_statements": 2, "percent_covered": 0.0, "percent_covered_display": "0.00", "missing_lines": 2, "excluded_lines": 0}, "missing_lines": [340, 341], "excluded_lines": []}, "": {"executed_lines": [], "summary": {"covered_lines": 0, "num_statements": 18, "percent_covered": 0.0, "percent_covered_display": "0.00", "missing_lines": 18, "excluded_lines": 12}, "missing_lines": [10, 11, 12, 15, 33, 63, 82, 109, 136, 160, 179, 206, 232, 251, 286, 299, 314, 329], "excluded_lines": [344, 346, 347, 349, 356, 357, 358, 360, 361, 362, 363, 365]}}, "classes": {"FreeEmbedder": {"executed_lines": [], "summary": {"covered_lines": 0, "num_statements": 87, "percent_covered": 0.0, "percent_covered_display": "0.00", "missing_lines": 87, "excluded_lines": 0}, "missing_lines": [47, 48, 49, 51, 52, 53, 54, 55, 56, 58, 65, 66, 67, 68, 74, 75, 77, 78, 79, 80, 84, 85, 86, 87, 93, 94, 95, 100, 103, 104, 106, 107, 111, 112, 113, 114, 120, 121, 122, 127, 130, 131, 133, 134, 153, 154, 155, 156, 157, 158, 167, 168, 170, 177, 185, 186, 188, 190, 191, 193, 199, 201, 202, 204, 212, 213, 215, 217, 218, 220, 225, 227, 228, 230, 247, 266, 269, 272, 273, 275, 276, 277, 278, 279, 282, 284, 288], "excluded_lines": []}, "": {"executed_lines": [], "summary": {"covered_lines": 0, "num_statements": 24, "percent_covered": 0.0, "percent_covered_display": "0.00", "missing_lines": 24, "excluded_lines": 12}, "missing_lines": [10, 11, 12, 15, 33, 63, 82, 109, 136, 160, 179, 206, 232, 251, 286, 299, 310, 311, 314, 325, 326, 329, 340, 341], "excluded_lines": [344, 346, 347, 349, 356, 357, 358, 360, 361, 362, 363, 365]}}}, "src/enrichment/has_topic_builder.py": {"executed_lines": [], "summary": {"covered_lines": 0, "num_statements": 94, "percent_covered": 0.0, "percent_covered_display": "0.00", "missing_lines": 94, "excluded_lines": 0}, "missing_lines": [7, 8, 9, 11, 12, 15, 22, 29, 30, 31, 32, 34, 49, 50, 52, 53, 56, 57, 60, 61, 63, 69, 70, 71, 73, 75, 85, 87, 88, 89, 91, 92, 95, 96, 97, 99, 101, 108, 110, 112, 118, 120, 121, 122, 125, 138, 139, 142, 143, 146, 152, 153, 155, 157, 164, 165, 167, 168, 171, 181, 188, 190, 192, 195, 197, 198, 200, 202, 211, 213, 215, 216, 219, 220, 223, 224, 226, 229, 230, 232, 237, 242, 244, 246, 253, 255, 257, 258, 259, 261, 263, 273, 276, 282], "excluded_lines": [], "functions": {"HasTopicBuilder.__init__": {"executed_lines": [], "summary": {"covered_lines": 0, "num_statements": 4, "percent_covered": 0.0, "percent_covered_display": "0.00", "missing_lines": 4, "excluded_lines": 0}, "missing_lines": [29, 30, 31, 32], "excluded_lines": []}, "HasTopicBuilder.build_from_extraction_results": {"executed_lines": [], "summary": {"covered_lines": 0, "num_statements": 13, "percent_covered": 0.0, "percent_covered_display": "0.00", "missing_lines": 13, "excluded_lines": 0}, "missing_lines": [49, 50, 52, 53, 56, 57, 60, 61, 63, 69, 70, 71, 73], "excluded_lines": []}, "HasTopicBuilder._collect_all_topics": {"executed_lines": [], "summary": {"covered_lines": 0, "num_statements": 10, "percent_covered": 0.0, "percent_covered_display": "0.00", "missing_lines": 10, "excluded_lines": 0}, "missing_lines": [85, 87, 88, 89, 91, 92, 95, 96, 97, 99], "excluded_lines": []}, "HasTopicBuilder._create_topic_nodes": {"executed_lines": [], "summary": {"covered_lines": 0, "num_statements": 16, "percent_covered": 0.0, "percent_covered_display": "0.00", "missing_lines": 16, "excluded_lines": 0}, "missing_lines": [108, 110, 112, 118, 120, 121, 122, 125, 138, 139, 142, 143, 146, 152, 153, 155], "excluded_lines": []}, "HasTopicBuilder._create_edges_for_result": {"executed_lines": [], "summary": {"covered_lines": 0, "num_statements": 7, "percent_covered": 0.0, "percent_covered_display": "0.00", "missing_lines": 7, "excluded_lines": 0}, "missing_lines": [164, 165, 167, 168, 171, 181, 188], "excluded_lines": []}, "HasTopicBuilder._clear_existing_topics": {"executed_lines": [], "summary": {"covered_lines": 0, "num_statements": 5, "percent_covered": 0.0, "percent_covered_display": "0.00", "missing_lines": 5, "excluded_lines": 0}, "missing_lines": [192, 195, 197, 198, 200], "excluded_lines": []}, "HasTopicBuilder.update_topic_statistics": {"executed_lines": [], "summary": {"covered_lines": 0, "num_statements": 15, "percent_covered": 0.0, "percent_covered_display": "0.00", "missing_lines": 15, "excluded_lines": 0}, "missing_lines": [211, 213, 215, 216, 219, 220, 223, 224, 226, 229, 230, 232, 237, 242, 244], "excluded_lines": []}, "HasTopicBuilder.get_topic_distribution": {"executed_lines": [], "summary": {"covered_lines": 0, "num_statements": 6, "percent_covered": 0.0, "percent_covered_display": "0.00", "missing_lines": 6, "excluded_lines": 0}, "missing_lines": [253, 255, 257, 258, 259, 261], "excluded_lines": []}, "HasTopicBuilder.get_top_topics": {"executed_lines": [], "summary": {"covered_lines": 0, "num_statements": 3, "percent_covered": 0.0, "percent_covered_display": "0.00", "missing_lines": 3, "excluded_lines": 0}, "missing_lines": [273, 276, 282], "excluded_lines": []}, "": {"executed_lines": [], "summary": {"covered_lines": 0, "num_statements": 15, "percent_covered": 0.0, "percent_covered_display": "0.00", "missing_lines": 15, "excluded_lines": 0}, "missing_lines": [7, 8, 9, 11, 12, 15, 22, 34, 75, 101, 157, 190, 202, 246, 263], "excluded_lines": []}}, "classes": {"HasTopicBuilder": {"executed_lines": [], "summary": {"covered_lines": 0, "num_statements": 79, "percent_covered": 0.0, "percent_covered_display": "0.00", "missing_lines": 79, "excluded_lines": 0}, "missing_lines": [29, 30, 31, 32, 49, 50, 52, 53, 56, 57, 60, 61, 63, 69, 70, 71, 73, 85, 87, 88, 89, 91, 92, 95, 96, 97, 99, 108, 110, 112, 118, 120, 121, 122, 125, 138, 139, 142, 143, 146, 152, 153, 155, 164, 165, 167, 168, 171, 181, 188, 192, 195, 197, 198, 200, 211, 213, 215, 216, 219, 220, 223, 224, 226, 229, 230, 232, 237, 242, 244, 253, 255, 257, 258, 259, 261, 273, 276, 282], "excluded_lines": []}, "": {"executed_lines": [], "summary": {"covered_lines": 0, "num_statements": 15, "percent_covered": 0.0, "percent_covered_display": "0.00", "missing_lines": 15, "excluded_lines": 0}, "missing_lines": [7, 8, 9, 11, 12, 15, 22, 34, 75, 101, 157, 190, 202, 246, 263], "excluded_lines": []}}}, "src/enrichment/journey_analyzer.py": {"executed_lines": [], "summary": {"covered_lines": 0, "num_statements": 197, "percent_covered": 0.0, "percent_covered_display": "0.00", "missing_lines": 197, "excluded_lines": 0}, "missing_lines": [12, 13, 14, 15, 17, 18, 24, 27, 30, 37, 38, 40, 50, 53, 54, 56, 57, 58, 61, 62, 65, 66, 69, 70, 71, 74, 75, 78, 79, 81, 95, 97, 99, 104, 105, 107, 124, 125, 127, 128, 130, 132, 133, 134, 137, 138, 139, 142, 145, 146, 149, 151, 160, 161, 164, 165, 167, 168, 177, 179, 196, 197, 199, 200, 202, 203, 204, 205, 207, 208, 209, 212, 215, 216, 219, 220, 223, 224, 225, 227, 228, 236, 237, 240, 241, 243, 245, 254, 256, 273, 274, 276, 278, 279, 280, 281, 283, 284, 285, 288, 289, 291, 293, 296, 297, 300, 301, 304, 305, 308, 309, 312, 313, 316, 318, 340, 343, 346, 347, 354, 355, 365, 367, 375, 376, 377, 379, 381, 384, 386, 387, 390, 391, 392, 393, 394, 395, 396, 399, 400, 402, 403, 405, 407, 409, 416, 418, 421, 422, 424, 425, 426, 428, 430, 433, 434, 435, 438, 439, 445, 447, 449, 450, 451, 452, 453, 454, 456, 458, 464, 465, 467, 469, 473, 474, 476, 478, 482, 483, 485, 487, 489, 490, 492, 493, 495, 497, 499, 501, 502, 503, 504, 505, 506, 508, 510, 512], "excluded_lines": [], "functions": {"JourneyAnalyzer.__init__": {"executed_lines": [], "summary": {"covered_lines": 0, "num_statements": 2, "percent_covered": 0.0, "percent_covered_display": "0.00", "missing_lines": 2, "excluded_lines": 0}, "missing_lines": [37, 38], "excluded_lines": []}, "JourneyAnalyzer.analyze_persona_journey": {"executed_lines": [], "summary": {"covered_lines": 0, "num_statements": 19, "percent_covered": 0.0, "percent_covered_display": "0.00", "missing_lines": 19, "excluded_lines": 0}, "missing_lines": [50, 53, 54, 56, 57, 58, 61, 62, 65, 66, 69, 70, 71, 74, 75, 78, 79, 81, 95], "excluded_lines": []}, "JourneyAnalyzer._get_targeted_pages": {"executed_lines": [], "summary": {"covered_lines": 0, "num_statements": 3, "percent_covered": 0.0, "percent_covered_display": "0.00", "missing_lines": 3, "excluded_lines": 0}, "missing_lines": [99, 104, 105], "excluded_lines": []}, "JourneyAnalyzer.find_entry_points": {"executed_lines": [], "summary": {"covered_lines": 0, "num_statements": 23, "percent_covered": 0.0, "percent_covered_display": "0.00", "missing_lines": 23, "excluded_lines": 0}, "missing_lines": [124, 125, 127, 128, 130, 132, 133, 134, 137, 138, 139, 142, 145, 146, 149, 151, 160, 161, 164, 165, 167, 168, 177], "excluded_lines": []}, "JourneyAnalyzer.find_conversion_points": {"executed_lines": [], "summary": {"covered_lines": 0, "num_statements": 28, "percent_covered": 0.0, "percent_covered_display": "0.00", "missing_lines": 28, "excluded_lines": 0}, "missing_lines": [196, 197, 199, 200, 202, 203, 204, 205, 207, 208, 209, 212, 215, 216, 219, 220, 223, 224, 225, 227, 228, 236, 237, 240, 241, 243, 245, 254], "excluded_lines": []}, "JourneyAnalyzer.map_journey_stages": {"executed_lines": [], "summary": {"covered_lines": 0, "num_statements": 13, "percent_covered": 0.0, "percent_covered_display": "0.00", "missing_lines": 13, "excluded_lines": 0}, "missing_lines": [273, 274, 276, 278, 279, 280, 281, 283, 284, 285, 288, 289, 291], "excluded_lines": []}, "JourneyAnalyzer._determine_stage": {"executed_lines": [], "summary": {"covered_lines": 0, "num_statements": 11, "percent_covered": 0.0, "percent_covered_display": "0.00", "missing_lines": 11, "excluded_lines": 0}, "missing_lines": [296, 297, 300, 301, 304, 305, 308, 309, 312, 313, 316], "excluded_lines": []}, "JourneyAnalyzer.identify_typical_paths": {"executed_lines": [], "summary": {"covered_lines": 0, "num_statements": 7, "percent_covered": 0.0, "percent_covered_display": "0.00", "missing_lines": 7, "excluded_lines": 0}, "missing_lines": [340, 343, 346, 347, 354, 355, 365], "excluded_lines": []}, "JourneyAnalyzer._trace_path_from_entry": {"executed_lines": [], "summary": {"covered_lines": 0, "num_statements": 20, "percent_covered": 0.0, "percent_covered_display": "0.00", "missing_lines": 20, "excluded_lines": 0}, "missing_lines": [375, 376, 377, 379, 381, 384, 386, 387, 390, 391, 392, 393, 394, 395, 396, 399, 400, 402, 403, 405], "excluded_lines": []}, "JourneyAnalyzer._is_stage_progression": {"executed_lines": [], "summary": {"covered_lines": 0, "num_statements": 2, "percent_covered": 0.0, "percent_covered_display": "0.00", "missing_lines": 2, "excluded_lines": 0}, "missing_lines": [409, 416], "excluded_lines": []}, "JourneyAnalyzer._calculate_transition_probs": {"executed_lines": [], "summary": {"covered_lines": 0, "num_statements": 5, "percent_covered": 0.0, "percent_covered_display": "0.00", "missing_lines": 5, "excluded_lines": 0}, "missing_lines": [421, 422, 424, 425, 426], "excluded_lines": []}, "JourneyAnalyzer._build_stage_info": {"executed_lines": [], "summary": {"covered_lines": 0, "num_statements": 7, "percent_covered": 0.0, "percent_covered_display": "0.00", "missing_lines": 7, "excluded_lines": 0}, "missing_lines": [430, 433, 434, 435, 438, 439, 445], "excluded_lines": []}, "JourneyAnalyzer._get_typical_content_types": {"executed_lines": [], "summary": {"covered_lines": 0, "num_statements": 6, "percent_covered": 0.0, "percent_covered_display": "0.00", "missing_lines": 6, "excluded_lines": 0}, "missing_lines": [449, 450, 451, 452, 453, 454], "excluded_lines": []}, "JourneyAnalyzer._get_page_data": {"executed_lines": [], "summary": {"covered_lines": 0, "num_statements": 3, "percent_covered": 0.0, "percent_covered_display": "0.00", "missing_lines": 3, "excluded_lines": 0}, "missing_lines": [458, 464, 465], "excluded_lines": []}, "JourneyAnalyzer._count_incoming_links": {"executed_lines": [], "summary": {"covered_lines": 0, "num_statements": 3, "percent_covered": 0.0, "percent_covered_display": "0.00", "missing_lines": 3, "excluded_lines": 0}, "missing_lines": [469, 473, 474], "excluded_lines": []}, "JourneyAnalyzer._get_outgoing_links": {"executed_lines": [], "summary": {"covered_lines": 0, "num_statements": 3, "percent_covered": 0.0, "percent_covered_display": "0.00", "missing_lines": 3, "excluded_lines": 0}, "missing_lines": [478, 482, 483], "excluded_lines": []}, "JourneyAnalyzer._estimate_traffic_sources": {"executed_lines": [], "summary": {"covered_lines": 0, "num_statements": 6, "percent_covered": 0.0, "percent_covered_display": "0.00", "missing_lines": 6, "excluded_lines": 0}, "missing_lines": [487, 489, 490, 492, 493, 495], "excluded_lines": []}, "JourneyAnalyzer._identify_conversion_actions": {"executed_lines": [], "summary": {"covered_lines": 0, "num_statements": 8, "percent_covered": 0.0, "percent_covered_display": "0.00", "missing_lines": 8, "excluded_lines": 0}, "missing_lines": [499, 501, 502, 503, 504, 505, 506, 508], "excluded_lines": []}, "JourneyAnalyzer._create_empty_journey": {"executed_lines": [], "summary": {"covered_lines": 0, "num_statements": 1, "percent_covered": 0.0, "percent_covered_display": "0.00", "missing_lines": 1, "excluded_lines": 0}, "missing_lines": [512], "excluded_lines": []}, "": {"executed_lines": [], "summary": {"covered_lines": 0, "num_statements": 27, "percent_covered": 0.0, "percent_covered_display": "0.00", "missing_lines": 27, "excluded_lines": 0}, "missing_lines": [12, 13, 14, 15, 17, 18, 24, 27, 30, 40, 97, 107, 179, 256, 293, 318, 367, 407, 418, 428, 447, 456, 467, 476, 485, 497, 510], "excluded_lines": []}}, "classes": {"JourneyAnalyzer": {"executed_lines": [], "summary": {"covered_lines": 0, "num_statements": 170, "percent_covered": 0.0, "percent_covered_display": "0.00", "missing_lines": 170, "excluded_lines": 0}, "missing_lines": [37, 38, 50, 53, 54, 56, 57, 58, 61, 62, 65, 66, 69, 70, 71, 74, 75, 78, 79, 81, 95, 99, 104, 105, 124, 125, 127, 128, 130, 132, 133, 134, 137, 138, 139, 142, 145, 146, 149, 151, 160, 161, 164, 165, 167, 168, 177, 196, 197, 199, 200, 202, 203, 204, 205, 207, 208, 209, 212, 215, 216, 219, 220, 223, 224, 225, 227, 228, 236, 237, 240, 241, 243, 245, 254, 273, 274, 276, 278, 279, 280, 281, 283, 284, 285, 288, 289, 291, 296, 297, 300, 301, 304, 305, 308, 309, 312, 313, 316, 340, 343, 346, 347, 354, 355, 365, 375, 376, 377, 379, 381, 384, 386, 387, 390, 391, 392, 393, 394, 395, 396, 399, 400, 402, 403, 405, 409, 416, 421, 422, 424, 425, 426, 430, 433, 434, 435, 438, 439, 445, 449, 450, 451, 452, 453, 454, 458, 464, 465, 469, 473, 474, 478, 482, 483, 487, 489, 490, 492, 493, 495, 499, 501, 502, 503, 504, 505, 506, 508, 512], "excluded_lines": []}, "": {"executed_lines": [], "summary": {"covered_lines": 0, "num_statements": 27, "percent_covered": 0.0, "percent_covered_display": "0.00", "missing_lines": 27, "excluded_lines": 0}, "missing_lines": [12, 13, 14, 15, 17, 18, 24, 27, 30, 40, 97, 107, 179, 256, 293, 318, 367, 407, 418, 428, 447, 456, 467, 476, 485, 497, 510], "excluded_lines": []}}}, "src/enrichment/journey_enricher.py": {"executed_lines": [], "summary": {"covered_lines": 0, "num_statements": 189, "percent_covered": 0.0, "percent_covered_display": "0.00", "missing_lines": 189, "excluded_lines": 0}, "missing_lines": [12, 13, 14, 15, 16, 18, 19, 20, 21, 24, 27, 30, 38, 39, 40, 42, 43, 44, 46, 47, 57, 64, 65, 66, 67, 69, 71, 72, 75, 78, 79, 82, 83, 86, 87, 90, 91, 94, 95, 97, 98, 99, 100, 101, 103, 105, 106, 107, 108, 110, 112, 114, 115, 116, 117, 120, 121, 122, 123, 124, 126, 127, 130, 131, 132, 133, 134, 136, 137, 139, 140, 141, 143, 145, 147, 148, 150, 151, 153, 155, 157, 158, 160, 161, 162, 164, 166, 167, 168, 169, 171, 172, 173, 174, 176, 177, 178, 180, 181, 183, 185, 187, 189, 190, 191, 192, 194, 196, 197, 198, 200, 201, 203, 205, 207, 209, 211, 213, 214, 215, 217, 218, 219, 221, 222, 224, 225, 226, 228, 230, 232, 234, 235, 236, 239, 240, 241, 244, 245, 246, 248, 250, 251, 252, 254, 256, 258, 260, 261, 262, 265, 266, 267, 269, 271, 272, 273, 275, 277, 279, 280, 308, 309, 311, 313, 314, 316, 318, 319, 320, 322, 324, 325, 326, 327, 328, 329, 330, 332, 333, 334, 335, 337, 339, 341, 343, 345, 347, 349], "excluded_lines": [], "functions": {"JourneyEnricher.__init__": {"executed_lines": [], "summary": {"covered_lines": 0, "num_statements": 8, "percent_covered": 0.0, "percent_covered_display": "0.00", "missing_lines": 8, "excluded_lines": 0}, "missing_lines": [38, 39, 40, 42, 43, 44, 46, 47], "excluded_lines": []}, "JourneyEnricher.enrich": {"executed_lines": [], "summary": {"covered_lines": 0, "num_statements": 28, "percent_covered": 0.0, "percent_covered_display": "0.00", "missing_lines": 28, "excluded_lines": 0}, "missing_lines": [64, 65, 66, 67, 69, 71, 72, 75, 78, 79, 82, 83, 86, 87, 90, 91, 94, 95, 97, 98, 99, 100, 101, 103, 105, 106, 107, 108], "excluded_lines": []}, "JourneyEnricher._load_graph": {"executed_lines": [], "summary": {"covered_lines": 0, "num_statements": 22, "percent_covered": 0.0, "percent_covered_display": "0.00", "missing_lines": 22, "excluded_lines": 0}, "missing_lines": [112, 114, 115, 116, 117, 120, 121, 122, 123, 124, 126, 127, 130, 131, 132, 133, 134, 136, 137, 139, 140, 141], "excluded_lines": []}, "JourneyEnricher._initialize_components": {"executed_lines": [], "summary": {"covered_lines": 0, "num_statements": 5, "percent_covered": 0.0, "percent_covered_display": "0.00", "missing_lines": 5, "excluded_lines": 0}, "missing_lines": [145, 147, 148, 150, 151], "excluded_lines": []}, "JourneyEnricher._analyze_all_journeys": {"executed_lines": [], "summary": {"covered_lines": 0, "num_statements": 20, "percent_covered": 0.0, "percent_covered_display": "0.00", "missing_lines": 20, "excluded_lines": 0}, "missing_lines": [155, 157, 158, 160, 161, 162, 164, 166, 167, 168, 169, 171, 172, 173, 174, 176, 177, 178, 180, 181], "excluded_lines": []}, "JourneyEnricher._create_next_step_edges": {"executed_lines": [], "summary": {"covered_lines": 0, "num_statements": 13, "percent_covered": 0.0, "percent_covered_display": "0.00", "missing_lines": 13, "excluded_lines": 0}, "missing_lines": [185, 187, 189, 190, 191, 192, 194, 196, 197, 198, 200, 201, 203], "excluded_lines": []}, "JourneyEnricher._validate_enrichment": {"executed_lines": [], "summary": {"covered_lines": 0, "num_statements": 14, "percent_covered": 0.0, "percent_covered_display": "0.00", "missing_lines": 14, "excluded_lines": 0}, "missing_lines": [207, 209, 211, 213, 214, 215, 217, 218, 219, 221, 222, 224, 225, 226], "excluded_lines": []}, "JourneyEnricher._export_enriched_graph": {"executed_lines": [], "summary": {"covered_lines": 0, "num_statements": 15, "percent_covered": 0.0, "percent_covered_display": "0.00", "missing_lines": 15, "excluded_lines": 0}, "missing_lines": [230, 232, 234, 235, 236, 239, 240, 241, 244, 245, 246, 248, 250, 251, 252], "excluded_lines": []}, "JourneyEnricher._generate_reports": {"executed_lines": [], "summary": {"covered_lines": 0, "num_statements": 12, "percent_covered": 0.0, "percent_covered_display": "0.00", "missing_lines": 12, "excluded_lines": 0}, "missing_lines": [256, 258, 260, 261, 262, 265, 266, 267, 269, 271, 272, 273], "excluded_lines": []}, "JourneyEnricher._export_journey_summaries": {"executed_lines": [], "summary": {"covered_lines": 0, "num_statements": 5, "percent_covered": 0.0, "percent_covered_display": "0.00", "missing_lines": 5, "excluded_lines": 0}, "missing_lines": [277, 279, 280, 308, 309], "excluded_lines": []}, "JourneyEnricher._export_statistics": {"executed_lines": [], "summary": {"covered_lines": 0, "num_statements": 2, "percent_covered": 0.0, "percent_covered_display": "0.00", "missing_lines": 2, "excluded_lines": 0}, "missing_lines": [313, 314], "excluded_lines": []}, "JourneyEnricher._count_personas": {"executed_lines": [], "summary": {"covered_lines": 0, "num_statements": 3, "percent_covered": 0.0, "percent_covered_display": "0.00", "missing_lines": 3, "excluded_lines": 0}, "missing_lines": [318, 319, 320], "excluded_lines": []}, "JourneyEnricher._print_summary": {"executed_lines": [], "summary": {"covered_lines": 0, "num_statements": 12, "percent_covered": 0.0, "percent_covered_display": "0.00", "missing_lines": 12, "excluded_lines": 0}, "missing_lines": [324, 325, 326, 327, 328, 329, 330, 332, 333, 334, 335, 337], "excluded_lines": []}, "JourneyEnricher.get_journey": {"executed_lines": [], "summary": {"covered_lines": 0, "num_statements": 1, "percent_covered": 0.0, "percent_covered_display": "0.00", "missing_lines": 1, "excluded_lines": 0}, "missing_lines": [341], "excluded_lines": []}, "JourneyEnricher.get_all_journeys": {"executed_lines": [], "summary": {"covered_lines": 0, "num_statements": 1, "percent_covered": 0.0, "percent_covered_display": "0.00", "missing_lines": 1, "excluded_lines": 0}, "missing_lines": [345], "excluded_lines": []}, "JourneyEnricher.get_statistics": {"executed_lines": [], "summary": {"covered_lines": 0, "num_statements": 1, "percent_covered": 0.0, "percent_covered_display": "0.00", "missing_lines": 1, "excluded_lines": 0}, "missing_lines": [349], "excluded_lines": []}, "": {"executed_lines": [], "summary": {"covered_lines": 0, "num_statements": 27, "percent_covered": 0.0, "percent_covered_display": "0.00", "missing_lines": 27, "excluded_lines": 0}, "missing_lines": [12, 13, 14, 15, 16, 18, 19, 20, 21, 24, 27, 30, 57, 110, 143, 153, 183, 205, 228, 254, 275, 311, 316, 322, 339, 343, 347], "excluded_lines": []}}, "classes": {"JourneyEnricher": {"executed_lines": [], "summary": {"covered_lines": 0, "num_statements": 162, "percent_covered": 0.0, "percent_covered_display": "0.00", "missing_lines": 162, "excluded_lines": 0}, "missing_lines": [38, 39, 40, 42, 43, 44, 46, 47, 64, 65, 66, 67, 69, 71, 72, 75, 78, 79, 82, 83, 86, 87, 90, 91, 94, 95, 97, 98, 99, 100, 101, 103, 105, 106, 107, 108, 112, 114, 115, 116, 117, 120, 121, 122, 123, 124, 126, 127, 130, 131, 132, 133, 134, 136, 137, 139, 140, 141, 145, 147, 148, 150, 151, 155, 157, 158, 160, 161, 162, 164, 166, 167, 168, 169, 171, 172, 173, 174, 176, 177, 178, 180, 181, 185, 187, 189, 190, 191, 192, 194, 196, 197, 198, 200, 201, 203, 207, 209, 211, 213, 214, 215, 217, 218, 219, 221, 222, 224, 225, 226, 230, 232, 234, 235, 236, 239, 240, 241, 244, 245, 246, 248, 250, 251, 252, 256, 258, 260, 261, 262, 265, 266, 267, 269, 271, 272, 273, 277, 279, 280, 308, 309, 313, 314, 318, 319, 320, 324, 325, 326, 327, 328, 329, 330, 332, 333, 334, 335, 337, 341, 345, 349], "excluded_lines": []}, "": {"executed_lines": [], "summary": {"covered_lines": 0, "num_statements": 27, "percent_covered": 0.0, "percent_covered_display": "0.00", "missing_lines": 27, "excluded_lines": 0}, "missing_lines": [12, 13, 14, 15, 16, 18, 19, 20, 21, 24, 27, 30, 57, 110, 143, 153, 183, 205, 228, 254, 275, 311, 316, 322, 339, 343, 347], "excluded_lines": []}}}, "src/enrichment/journey_models.py": {"executed_lines": [], "summary": {"covered_lines": 0, "num_statements": 99, "percent_covered": 0.0, "percent_covered_display": "0.00", "missing_lines": 99, "excluded_lines": 0}, "missing_lines": [10, 11, 12, 13, 16, 18, 19, 20, 21, 22, 25, 27, 28, 29, 30, 31, 32, 33, 34, 36, 37, 39, 41, 42, 44, 45, 46, 49, 51, 52, 53, 54, 55, 56, 58, 59, 62, 64, 65, 66, 67, 68, 69, 71, 72, 75, 77, 78, 79, 80, 81, 83, 84, 87, 89, 90, 91, 94, 95, 98, 104, 107, 108, 109, 112, 113, 114, 116, 117, 119, 121, 123, 125, 127, 129, 131, 133, 136, 138, 139, 140, 141, 142, 143, 144, 145, 147, 148, 150, 151, 153, 154, 156, 164, 168, 202, 204, 207, 209], "excluded_lines": [], "functions": {"JourneyPath.length": {"executed_lines": [], "summary": {"covered_lines": 0, "num_statements": 1, "percent_covered": 0.0, "percent_covered_display": "0.00", "missing_lines": 1, "excluded_lines": 0}, "missing_lines": [39], "excluded_lines": []}, "JourneyPath.path_strength": {"executed_lines": [], "summary": {"covered_lines": 0, "num_statements": 3, "percent_covered": 0.0, "percent_covered_display": "0.00", "missing_lines": 3, "excluded_lines": 0}, "missing_lines": [44, 45, 46], "excluded_lines": []}, "Journey.get_pages_for_stage": {"executed_lines": [], "summary": {"covered_lines": 0, "num_statements": 1, "percent_covered": 0.0, "percent_covered_display": "0.00", "missing_lines": 1, "excluded_lines": 0}, "missing_lines": [121], "excluded_lines": []}, "Journey.get_most_common_paths": {"executed_lines": [], "summary": {"covered_lines": 0, "num_statements": 1, "percent_covered": 0.0, "percent_covered_display": "0.00", "missing_lines": 1, "excluded_lines": 0}, "missing_lines": [125], "excluded_lines": []}, "Journey.get_top_entry_points": {"executed_lines": [], "summary": {"covered_lines": 0, "num_statements": 1, "percent_covered": 0.0, "percent_covered_display": "0.00", "missing_lines": 1, "excluded_lines": 0}, "missing_lines": [129], "excluded_lines": []}, "Journey.get_top_conversion_points": {"executed_lines": [], "summary": {"covered_lines": 0, "num_statements": 1, "percent_covered": 0.0, "percent_covered_display": "0.00", "missing_lines": 1, "excluded_lines": 0}, "missing_lines": [133], "excluded_lines": []}, "NextStepEdge.is_stage_progression": {"executed_lines": [], "summary": {"covered_lines": 0, "num_statements": 4, "percent_covered": 0.0, "percent_covered_display": "0.00", "missing_lines": 4, "excluded_lines": 0}, "missing_lines": [153, 154, 156, 164], "excluded_lines": []}, "get_persona_ids": {"executed_lines": [], "summary": {"covered_lines": 0, "num_statements": 1, "percent_covered": 0.0, "percent_covered_display": "0.00", "missing_lines": 1, "excluded_lines": 0}, "missing_lines": [204], "excluded_lines": []}, "get_persona_name": {"executed_lines": [], "summary": {"covered_lines": 0, "num_statements": 1, "percent_covered": 0.0, "percent_covered_display": "0.00", "missing_lines": 1, "excluded_lines": 0}, "missing_lines": [209], "excluded_lines": []}, "": {"executed_lines": [], "summary": {"covered_lines": 0, "num_statements": 85, "percent_covered": 0.0, "percent_covered_display": "0.00", "missing_lines": 85, "excluded_lines": 0}, "missing_lines": [10, 11, 12, 13, 16, 18, 19, 20, 21, 22, 25, 27, 28, 29, 30, 31, 32, 33, 34, 36, 37, 41, 42, 49, 51, 52, 53, 54, 55, 56, 5
[...]
74, 175, 176, 177, 189, 190, 191, 194, 196, 197, 198, 200, 220], "excluded_lines": []}, "Phase3ValidationSuite.generate_summary_report": {"executed_lines": [], "summary": {"covered_lines": 0, "num_statements": 36, "percent_covered": 0.0, "percent_covered_display": "0.00", "missing_lines": 36, "excluded_lines": 0}, "missing_lines": [224, 225, 226, 227, 228, 229, 230, 231, 233, 234, 235, 237, 246, 247, 248, 251, 252, 253, 255, 264, 265, 266, 269, 270, 271, 273, 274, 275, 277, 278, 280, 281, 282, 283, 285, 287], "excluded_lines": []}, "Phase3ValidationSuite.save_results": {"executed_lines": [], "summary": {"covered_lines": 0, "num_statements": 10, "percent_covered": 0.0, "percent_covered_display": "0.00", "missing_lines": 10, "excluded_lines": 0}, "missing_lines": [291, 292, 295, 296, 297, 298, 301, 302, 303, 304], "excluded_lines": []}, "main": {"executed_lines": [], "summary": {"covered_lines": 0, "num_statements": 7, "percent_covered": 0.0, "percent_covered_display": "0.00", "missing_lines": 7, "excluded_lines": 0}, "missing_lines": [309, 312, 315, 316, 319, 322, 323], "excluded_lines": []}, "": {"executed_lines": [], "summary": {"covered_lines": 0, "num_statements": 38, "percent_covered": 0.0, "percent_covered_display": "0.00", "missing_lines": 38, "excluded_lines": 2}, "missing_lines": [8, 9, 10, 11, 12, 13, 15, 17, 18, 19, 20, 21, 22, 25, 26, 28, 29, 30, 31, 32, 33, 34, 35, 36, 37, 38, 39, 40, 41, 42, 43, 44, 47, 50, 61, 222, 289, 307], "excluded_lines": [326, 327]}}, "classes": {"Phase3ValidationResults": {"executed_lines": [], "summary": {"covered_lines": 0, "num_statements": 0, "percent_covered": 100.0, "percent_covered_display": "100.00", "missing_lines": 0, "excluded_lines": 0}, "missing_lines": [], "excluded_lines": []}, "Phase3ValidationSuite": {"executed_lines": [], "summary": {"covered_lines": 0, "num_statements": 123, "percent_covered": 0.0, "percent_covered_display": "0.00", "missing_lines": 123, "excluded_lines": 0}, "missing_lines": [51, 52, 68, 69, 70, 71, 73, 76, 77, 78, 79, 80, 81, 82, 83, 92, 93, 94, 97, 98, 99, 100, 101, 102, 103, 104, 110, 111, 112, 115, 116, 117, 118, 119, 120, 121, 122, 128, 129, 130, 133, 134, 135, 136, 137, 138, 139, 140, 147, 148, 149, 152, 153, 154, 155, 156, 157, 158, 166, 167, 168, 171, 172, 173, 174, 175, 176, 177, 189, 190, 191, 194, 196, 197, 198, 200, 220, 224, 225, 226, 227, 228, 229, 230, 231, 233, 234, 235, 237, 246, 247, 248, 251, 252, 253, 255, 264, 265, 266, 269, 270, 271, 273, 274, 275, 277, 278, 280, 281, 282, 283, 285, 287, 291, 292, 295, 296, 297, 298, 301, 302, 303, 304], "excluded_lines": []}, "": {"executed_lines": [], "summary": {"covered_lines": 0, "num_statements": 45, "percent_covered": 0.0, "percent_covered_display": "0.00", "missing_lines": 45, "excluded_lines": 2}, "missing_lines": [8, 9, 10, 11, 12, 13, 15, 17, 18, 19, 20, 21, 22, 25, 26, 28, 29, 30, 31, 32, 33, 34, 35, 36, 37, 38, 39, 40, 41, 42, 43, 44, 47, 50, 61, 222, 289, 307, 309, 312, 315, 316, 319, 322, 323], "excluded_lines": [326, 327]}}}, "src/validation/run_validation.py": {"executed_lines": [], "summary": {"covered_lines": 0, "num_statements": 178, "percent_covered": 0.0, "percent_covered_display": "0.00", "missing_lines": 178, "excluded_lines": 2}, "missing_lines": [7, 8, 9, 10, 11, 14, 15, 16, 19, 22, 27, 28, 29, 31, 40, 42, 43, 44, 46, 47, 48, 49, 52, 53, 56, 57, 66, 67, 68, 70, 71, 73, 74, 75, 79, 81, 83, 84, 85, 87, 88, 89, 90, 93, 94, 97, 98, 108, 109, 110, 112, 113, 115, 116, 117, 121, 123, 125, 126, 127, 129, 130, 131, 132, 135, 136, 139, 140, 151, 152, 153, 155, 156, 157, 158, 160, 161, 162, 166, 168, 170, 171, 172, 175, 176, 177, 180, 182, 183, 185, 188, 191, 193, 195, 197, 198, 199, 202, 203, 204, 205, 206, 207, 208, 211, 212, 213, 214, 215, 216, 217, 218, 221, 222, 223, 224, 225, 226, 227, 228, 231, 232, 233, 234, 236, 237, 239, 241, 243, 244, 246, 248, 250, 251, 254, 255, 256, 259, 277, 278, 293, 301, 302, 316, 317, 321, 329, 330, 331, 332, 334, 364, 380, 381, 387, 391, 399, 400, 406, 412, 442, 443, 445, 448, 450, 453, 458, 463, 470, 473, 476, 479, 480, 483, 484, 485, 487, 488], "excluded_lines": [491, 492], "functions": {"ValidationOrchestrator.__init__": {"executed_lines": [], "summary": {"covered_lines": 0, "num_statements": 4, "percent_covered": 0.0, "percent_covered_display": "0.00", "missing_lines": 4, "excluded_lines": 0}, "missing_lines": [27, 28, 29, 31], "excluded_lines": []}, "ValidationOrchestrator.run_hash_consolidation": {"executed_lines": [], "summary": {"covered_lines": 0, "num_statements": 20, "percent_covered": 0.0, "percent_covered_display": "0.00", "missing_lines": 20, "excluded_lines": 0}, "missing_lines": [42, 43, 44, 46, 47, 48, 49, 52, 53, 56, 57, 66, 67, 68, 70, 71, 73, 74, 75, 79], "excluded_lines": []}, "ValidationOrchestrator.run_data_validation": {"executed_lines": [], "summary": {"covered_lines": 0, "num_statements": 20, "percent_covered": 0.0, "percent_covered_display": "0.00", "missing_lines": 20, "excluded_lines": 0}, "missing_lines": [83, 84, 85, 87, 88, 89, 90, 93, 94, 97, 98, 108, 109, 110, 112, 113, 115, 116, 117, 121], "excluded_lines": []}, "ValidationOrchestrator.run_quality_metrics": {"executed_lines": [], "summary": {"covered_lines": 0, "num_statements": 22, "percent_covered": 0.0, "percent_covered_display": "0.00", "missing_lines": 22, "excluded_lines": 0}, "missing_lines": [125, 126, 127, 129, 130, 131, 132, 135, 136, 139, 140, 151, 152, 153, 155, 156, 157, 158, 160, 161, 162, 166], "excluded_lines": []}, "ValidationOrchestrator.run_all": {"executed_lines": [], "summary": {"covered_lines": 0, "num_statements": 13, "percent_covered": 0.0, "percent_covered_display": "0.00", "missing_lines": 13, "excluded_lines": 0}, "missing_lines": [170, 171, 172, 175, 176, 177, 180, 182, 183, 185, 188, 191, 193], "excluded_lines": []}, "ValidationOrchestrator.print_final_summary": {"executed_lines": [], "summary": {"covered_lines": 0, "num_statements": 32, "percent_covered": 0.0, "percent_covered_display": "0.00", "missing_lines": 32, "excluded_lines": 0}, "missing_lines": [197, 198, 199, 202, 203, 204, 205, 206, 207, 208, 211, 212, 213, 214, 215, 216, 217, 218, 221, 222, 223, 224, 225, 226, 227, 228, 231, 232, 233, 234, 236, 237], "excluded_lines": []}, "ValidationOrchestrator.export_results": {"executed_lines": [], "summary": {"covered_lines": 0, "num_statements": 4, "percent_covered": 0.0, "percent_covered_display": "0.00", "missing_lines": 4, "excluded_lines": 0}, "missing_lines": [241, 243, 244, 246], "excluded_lines": []}, "ValidationOrchestrator.generate_markdown_report": {"executed_lines": [], "summary": {"covered_lines": 0, "num_statements": 31, "percent_covered": 0.0, "percent_covered_display": "0.00", "missing_lines": 31, "excluded_lines": 0}, "missing_lines": [250, 251, 254, 255, 256, 259, 277, 278, 293, 301, 302, 316, 317, 321, 329, 330, 331, 332, 334, 364, 380, 381, 387, 391, 399, 400, 406, 412, 442, 443, 445], "excluded_lines": []}, "main": {"executed_lines": [], "summary": {"covered_lines": 0, "num_statements": 14, "percent_covered": 0.0, "percent_covered_display": "0.00", "missing_lines": 14, "excluded_lines": 0}, "missing_lines": [450, 453, 458, 463, 470, 473, 476, 479, 480, 483, 484, 485, 487, 488], "excluded_lines": []}, "": {"executed_lines": [], "summary": {"covered_lines": 0, "num_statements": 18, "percent_covered": 0.0, "percent_covered_display": "0.00", "missing_lines": 18, "excluded_lines": 2}, "missing_lines": [7, 8, 9, 10, 11, 14, 15, 16, 19, 22, 40, 81, 123, 168, 195, 239, 248, 448], "excluded_lines": [491, 492]}}, "classes": {"ValidationOrchestrator": {"executed_lines": [], "summary": {"covered_lines": 0, "num_statements": 146, "percent_covered": 0.0, "percent_covered_display": "0.00", "missing_lines": 146, "excluded_lines": 0}, "missing_lines": [27, 28, 29, 31, 42, 43, 44, 46, 47, 48, 49, 52, 53, 56, 57, 66, 67, 68, 70, 71, 73, 74, 75, 79, 83, 84, 85, 87, 88, 89, 90, 93, 94, 97, 98, 108, 109, 110, 112, 113, 115, 116, 117, 121, 125, 126, 127, 129, 130, 131, 132, 135, 136, 139, 140, 151, 152, 153, 155, 156, 157, 158, 160, 161, 162, 166, 170, 171, 172, 175, 176, 177, 180, 182, 183, 185, 188, 191, 193, 197, 198, 199, 202, 203, 204, 205, 206, 207, 208, 211, 212, 213, 214, 215, 216, 217, 218, 221, 222, 223, 224, 225, 226, 227, 228, 231, 232, 233, 234, 236, 237, 241, 243, 244, 246, 250, 251, 254, 255, 256, 259, 277, 278, 293, 301, 302, 316, 317, 321, 329, 330, 331, 332, 334, 364, 380, 381, 387, 391, 399, 400, 406, 412, 442, 443, 445], "excluded_lines": []}, "": {"executed_lines": [], "summary": {"covered_lines": 0, "num_statements": 32, "percent_covered": 0.0, "percent_covered_display": "0.00", "missing_lines": 32, "excluded_lines": 2}, "missing_lines": [7, 8, 9, 10, 11, 14, 15, 16, 19, 22, 40, 81, 123, 168, 195, 239, 248, 448, 450, 453, 458, 463, 470, 473, 476, 479, 480, 483, 484, 485, 487, 488], "excluded_lines": [491, 492]}}}, "src/validation/sentiment_validator.py": {"executed_lines": [], "summary": {"covered_lines": 0, "num_statements": 183, "percent_covered": 0.0, "percent_covered_display": "0.00", "missing_lines": 183, "excluded_lines": 19}, "missing_lines": [8, 9, 10, 11, 12, 13, 14, 15, 18, 19, 22, 23, 25, 26, 27, 28, 29, 30, 33, 34, 36, 37, 38, 39, 40, 41, 42, 43, 46, 49, 50, 51, 52, 54, 67, 68, 71, 79, 80, 83, 84, 86, 87, 89, 92, 100, 103, 104, 106, 107, 113, 114, 115, 116, 117, 118, 119, 120, 121, 122, 123, 124, 126, 128, 130, 131, 133, 136, 137, 138, 139, 140, 141, 142, 144, 146, 153, 154, 156, 157, 160, 161, 162, 168, 169, 170, 171, 173, 176, 177, 180, 181, 182, 185, 188, 190, 191, 192, 194, 195, 196, 199, 200, 203, 204, 207, 208, 209, 210, 211, 212, 213, 216, 219, 221, 222, 223, 225, 227, 230, 233, 234, 236, 238, 240, 251, 253, 255, 256, 257, 258, 259, 260, 261, 262, 264, 265, 266, 267, 268, 270, 271, 272, 273, 274, 276, 277, 278, 279, 280, 282, 283, 284, 285, 286, 287, 288, 289, 290, 291, 293, 294, 295, 298, 299, 300, 301, 302, 304, 305, 306, 307, 308, 309, 312, 313, 314, 315, 316, 317, 318, 320, 322], "excluded_lines": [325, 326, 329, 330, 333, 334, 335, 338, 339, 342, 343, 346, 347, 348, 358, 360, 361, 362, 363], "functions": {"SentimentValidator.__init__": {"executed_lines": [], "summary": {"covered_lines": 0, "num_statements": 3, "percent_covered": 0.0, "percent_covered_display": "0.00", "missing_lines": 3, "excluded_lines": 0}, "missing_lines": [50, 51, 52], "excluded_lines": []}, "SentimentValidator.create_ground_truth_dataset": {"executed_lines": [], "summary": {"covered_lines": 0, "num_statements": 29, "percent_covered": 0.0, "percent_covered_display": "0.00", "missing_lines": 29, "excluded_lines": 0}, "missing_lines": [67, 68, 71, 79, 80, 83, 84, 86, 87, 89, 92, 100, 103, 104, 106, 107, 113, 114, 115, 116, 117, 118, 119, 120, 121, 122, 123, 124, 126], "excluded_lines": []}, "SentimentValidator.load_ground_truth": {"executed_lines": [], "summary": {"covered_lines": 0, "num_statements": 11, "percent_covered": 0.0, "percent_covered_display": "0.00", "missing_lines": 11, "excluded_lines": 0}, "missing_lines": [130, 131, 133, 136, 137, 138, 139, 140, 141, 142, 144], "excluded_lines": []}, "SentimentValidator.validate_sentiment_accuracy": {"executed_lines": [], "summary": {"covered_lines": 0, "num_statements": 50, "percent_covered": 0.0, "percent_covered_display": "0.00", "missing_lines": 50, "excluded_lines": 0}, "missing_lines": [153, 154, 156, 157, 160, 161, 162, 168, 169, 170, 171, 173, 176, 177, 180, 181, 182, 185, 188, 190, 191, 192, 194, 195, 196, 199, 200, 203, 204, 207, 208, 209, 210, 211, 212, 213, 216, 219, 221, 222, 223, 225, 227, 230, 233, 234, 236, 238, 240, 251], "excluded_lines": []}, "SentimentValidator.generate_report": {"executed_lines": [], "summary": {"covered_lines": 0, "num_statements": 56, "percent_covered": 0.0, "percent_covered_display": "0.00", "missing_lines": 56, "excluded_lines": 0}, "missing_lines": [255, 256, 257, 258, 259, 260, 261, 262, 264, 265, 266, 267, 268, 270, 271, 272, 273, 274, 276, 277, 278, 279, 280, 282, 283, 284, 285, 286, 287, 288, 289, 290, 291, 293, 294, 295, 298, 299, 300, 301, 302, 304, 305, 306, 307, 308, 309, 312, 313, 314, 315, 316, 317, 318, 320, 322], "excluded_lines": []}, "": {"executed_lines": [], "summary": {"covered_lines": 0, "num_statements": 34, "percent_covered": 0.0, "percent_covered_display": "0.00", "missing_lines": 34, "excluded_lines": 19}, "missing_lines": [8, 9, 10, 11, 12, 13, 14, 15, 18, 19, 22, 23, 25, 26, 27, 28, 29, 30, 33, 34, 36, 37, 38, 39, 40, 41, 42, 43, 46, 49, 54, 128, 146, 253], "excluded_lines": [325, 326, 329, 330, 333, 334, 335, 338, 339, 342, 343, 346, 347, 348, 358, 360, 361, 362, 363]}}, "classes": {"SentimentGroundTruth": {"executed_lines": [], "summary": {"covered_lines": 0, "num_statements": 0, "percent_covered": 100.0, "percent_covered_display": "100.00", "missing_lines": 0, "excluded_lines": 0}, "missing_lines": [], "excluded_lines": []}, "SentimentValidationMetrics": {"executed_lines": [], "summary": {"covered_lines": 0, "num_statements": 0, "percent_covered": 100.0, "percent_covered_display": "100.00", "missing_lines": 0, "excluded_lines": 0}, "missing_lines": [], "excluded_lines": []}, "SentimentValidator": {"executed_lines": [], "summary": {"covered_lines": 0, "num_statements": 149, "percent_covered": 0.0, "percent_covered_display": "0.00", "missing_lines": 149, "excluded_lines": 0}, "missing_lines": [50, 51, 52, 67, 68, 71, 79, 80, 83, 84, 86, 87, 89, 92, 100, 103, 104, 106, 107, 113, 114, 115, 116, 117, 118, 119, 120, 121, 122, 123, 124, 126, 130, 131, 133, 136, 137, 138, 139, 140, 141, 142, 144, 153, 154, 156, 157, 160, 161, 162, 168, 169, 170, 171, 173, 176, 177, 180, 181, 182, 185, 188, 190, 191, 192, 194, 195, 196, 199, 200, 203, 204, 207, 208, 209, 210, 211, 212, 213, 216, 219, 221, 222, 223, 225, 227, 230, 233, 234, 236, 238, 240, 251, 255, 256, 257, 258, 259, 260, 261, 262, 264, 265, 266, 267, 268, 270, 271, 272, 273, 274, 276, 277, 278, 279, 280, 282, 283, 284, 285, 286, 287, 288, 289, 290, 291, 293, 294, 295, 298, 299, 300, 301, 302, 304, 305, 306, 307, 308, 309, 312, 313, 314, 315, 316, 317, 318, 320, 322], "excluded_lines": []}, "": {"executed_lines": [], "summary": {"covered_lines": 0, "num_statements": 34, "percent_covered": 0.0, "percent_covered_display": "0.00", "missing_lines": 34, "excluded_lines": 19}, "missing_lines": [8, 9, 10, 11, 12, 13, 14, 15, 18, 19, 22, 23, 25, 26, 27, 28, 29, 30, 33, 34, 36, 37, 38, 39, 40, 41, 42, 43, 46, 49, 54, 128, 146, 253], "excluded_lines": [325, 326, 329, 330, 333, 334, 335, 338, 339, 342, 343, 346, 347, 348, 358, 360, 361, 362, 363]}}}, "src/validation/topic_validator.py": {"executed_lines": [], "summary": {"covered_lines": 0, "num_statements": 155, "percent_covered": 0.0, "percent_covered_display": "0.00", "missing_lines": 155, "excluded_lines": 19}, "missing_lines": [8, 9, 10, 11, 12, 13, 15, 16, 19, 20, 22, 23, 24, 25, 26, 29, 30, 32, 33, 34, 35, 36, 37, 38, 39, 40, 41, 44, 47, 48, 49, 50, 52, 65, 66, 69, 77, 80, 81, 82, 91, 94, 101, 103, 106, 107, 109, 110, 116, 117, 118, 119, 120, 121, 122, 123, 124, 125, 126, 127, 129, 131, 133, 134, 136, 139, 140, 141, 142, 143, 145, 147, 154, 155, 157, 158, 161, 162, 163, 171, 173, 176, 177, 178, 180, 181, 183, 185, 186, 187, 189, 190, 192, 193, 196, 197, 198, 200, 202, 203, 204, 207, 208, 209, 210, 211, 214, 215, 216, 219, 224, 237, 239, 241, 242, 243, 244, 245, 246, 247, 248, 249, 250, 251, 252, 254, 255, 256, 257, 258, 260, 261, 262, 263, 264, 265, 267, 268, 269, 270, 271, 272, 275, 276, 277, 278, 279, 281, 282, 283, 284, 285, 286, 288, 290], "excluded_lines": [293, 294, 297, 298, 301, 302, 303, 306, 307, 310, 311, 314, 315, 316, 326, 328, 329, 330, 331], "functions": {"TopicValidator.__init__": {"executed_lines": [], "summary": {"covered_lines": 0, "num_statements": 3, "percent_covered": 0.0, "percent_covered_display": "0.00", "missing_lines": 3, "excluded_lines": 0}, "missing_lines": [48, 49, 50], "excluded_lines": []}, "TopicValidator.create_ground_truth_dataset": {"executed_lines": [], "summary": {"covered_lines": 0, "num_statements": 28, "percent_covered": 0.0, "percent_covered_display": "0.00", "missing_lines": 28, "excluded_lines": 0}, "missing_lines": [65, 66, 69, 77, 80, 81, 82, 91, 94, 101, 103, 106, 107, 109, 110, 116, 117, 118, 119, 120, 121, 122, 123, 124, 125, 126, 127, 129], "excluded_lines": []}, "TopicValidator.load_ground_truth": {"executed_lines": [], "summary": {"covered_lines": 0, "num_statements": 9, "percent_covered": 0.0, "percent_covered_display": "0.00", "missing_lines": 9, "excluded_lines": 0}, "missing_lines": [133, 134, 136, 139, 140, 141, 142, 143, 145], "excluded_lines": []}, "TopicValidator.validate_topic_extraction": {"executed_lines": [], "summary": {"covered_lines": 0, "num_statements": 40, "percent_covered": 0.0, "percent_covered_display": "0.00", "missing_lines": 40, "excluded_lines": 0}, "missing_lines": [154, 155, 157, 158, 161, 162, 163, 171, 173, 176, 177, 178, 180, 181, 183, 185, 186, 187, 189, 190, 192, 193, 196, 197, 198, 200, 202, 203, 204, 207, 208, 209, 210, 211, 214, 215, 216, 219, 224, 237], "excluded_lines": []}, "TopicValidator.generate_report": {"executed_lines": [], "summary": {"covered_lines": 0, "num_statements": 42, "percent_covered": 0.0, "percent_covered_display": "0.00", "missing_lines": 42, "excluded_lines": 0}, "missing_lines": [241, 242, 243, 244, 245, 246, 247, 248, 249, 250, 251, 252, 254, 255, 256, 257, 258, 260, 261, 262, 263, 264, 265, 267, 268, 269, 270, 271, 272, 275, 276, 277, 278, 279, 281, 282, 283, 284, 285, 286, 288, 290], "excluded_lines": []}, "": {"executed_lines": [], "summary": {"covered_lines": 0, "num_statements": 33, "percent_covered": 0.0, "percent_covered_display": "0.00", "missing_lines": 33, "excluded_lines": 19}, "missing_lines": [8, 9, 10, 11, 12, 13, 15, 16, 19, 20, 22, 23, 24, 25, 26, 29, 30, 32, 33, 34, 35, 36, 37, 38, 39, 40, 41, 44, 47, 52, 131, 147, 239], "excluded_lines": [293, 294, 297, 298, 301, 302, 303, 306, 307, 310, 311, 314, 315, 316, 326, 328, 329, 330, 331]}}, "classes": {"TopicGroundTruth": {"executed_lines": [], "summary": {"covered_lines": 0, "num_statements": 0, "percent_covered": 100.0, "percent_covered_display": "100.00", "missing_lines": 0, "excluded_lines": 0}, "missing_lines": [], "excluded_lines": []}, "TopicValidationMetrics": {"executed_lines": [], "summary": {"covered_lines": 0, "num_statements": 0, "percent_covered": 100.0, "percent_covered_display": "100.00", "missing_lines": 0, "excluded_lines": 0}, "missing_lines": [], "excluded_lines": []}, "TopicValidator": {"executed_lines": [], "summary": {"covered_lines": 0, "num_statements": 122, "percent_covered": 0.0, "percent_covered_display": "0.00", "missing_lines": 122, "excluded_lines": 0}, "missing_lines": [48, 49, 50, 65, 66, 69, 77, 80, 81, 82, 91, 94, 101, 103, 106, 107, 109, 110, 116, 117, 118, 119, 120, 121, 122, 123, 124, 125, 126, 127, 129, 133, 134, 136, 139, 140, 141, 142, 143, 145, 154, 155, 157, 158, 161, 162, 163, 171, 173, 176, 177, 178, 180, 181, 183, 185, 186, 187, 189, 190, 192, 193, 196, 197, 198, 200, 202, 203, 204, 207, 208, 209, 210, 211, 214, 215, 216, 219, 224, 237, 241, 242, 243, 244, 245, 246, 247, 248, 249, 250, 251, 252, 254, 255, 256, 257, 258, 260, 261, 262, 263, 264, 265, 267, 268, 269, 270, 271, 272, 275, 276, 277, 278, 279, 281, 282, 283, 284, 285, 286, 288, 290], "excluded_lines": []}, "": {"executed_lines": [], "summary": {"covered_lines": 0, "num_statements": 33, "percent_covered": 0.0, "percent_covered_display": "0.00", "missing_lines": 33, "excluded_lines": 19}, "missing_lines": [8, 9, 10, 11, 12, 13, 15, 16, 19, 20, 22, 23, 24, 25, 26, 29, 30, 32, 33, 34, 35, 36, 37, 38, 39, 40, 41, 44, 47, 52, 131, 147, 239], "excluded_lines": [293, 294, 297, 298, 301, 302, 303, 306, 307, 310, 311, 314, 315, 316, 326, 328, 329, 330, 331]}}}}, "totals": {"covered_lines": 324, "num_statements": 9794, "percent_covered": 3.308147845619767, "percent_covered_display": "3.31", "missing_lines": 9470, "excluded_lines": 228}}