{"meta": {"format": 3, "version": "7.11.0", "timestamp": "2025-11-05T20:17:40.247163", "branch_coverage": false, "show_contexts": false}, "files": {"src/analysis/__init__.py": {"executed_lines": [], "summary": {"covered_lines": 0, "num_statements": 4, "percent_covered": 0.0, "percent_covered_display": "0.00", "missing_lines": 4, "excluded_lines": 0}, "missing_lines": [10, 11, 12, 14], "excluded_lines": [], "functions": {"": {"executed_lines": [], "summary": {"covered_lines": 0, "num_statements": 4, "percent_covered": 0.0, "percent_covered_display": "0.00", "missing_lines": 4, "excluded_lines": 0}, "missing_lines": [10, 11, 12, 14], "excluded_lines": []}}, "classes": {"": {"executed_lines": [], "summary": {"covered_lines": 0, "num_statements": 4, "percent_covered": 0.0, "percent_covered_display": "0.00", "missing_lines": 4, "excluded_lines": 0}, "missing_lines": [10, 11, 12, 14], "excluded_lines": []}}}, "src/analysis/extraction_validator.py": {"executed_lines": [], "summary": {"covered_lines": 0, "num_statements": 213, "percent_covered": 0.0, "percent_covered_display": "0.00", "missing_lines": 213, "excluded_lines": 23}, "missing_lines": [12, 13, 14, 15, 16, 17, 18, 21, 23, 24, 25, 26, 28, 29, 30, 31, 32, 34, 35, 38, 39, 42, 43, 44, 45, 46, 47, 48, 49, 51, 52, 55, 56, 59, 60, 61, 62, 63, 64, 66, 67, 76, 78, 79, 82, 85, 92, 93, 94, 96, 98, 99, 100, 101, 103, 118, 120, 121, 123, 124, 125, 127, 128, 129, 132, 133, 134, 135, 137, 138, 139, 141, 142, 144, 147, 148, 149, 150, 152, 163, 178, 180, 181, 183, 184, 185, 187, 188, 189, 192, 193, 194, 195, 198, 199, 200, 203, 204, 206, 207, 208, 210, 211, 212, 213, 215, 216, 217, 218, 220, 231, 246, 248, 249, 251, 252, 253, 255, 256, 257, 260, 261, 262, 263, 264, 267, 268, 269, 271, 272, 274, 275, 276, 278, 279, 280, 281, 283, 284, 285, 286, 288, 299, 316, 318, 319, 320, 322, 328, 340, 343, 344, 345, 346, 348, 349, 358, 359, 360, 361, 362, 365, 366, 374, 376, 393, 396, 397, 398, 401, 412, 413, 415, 416, 417, 419, 420, 425, 427, 438, 440, 441, 442, 444, 455, 457, 458, 459, 461, 472, 474, 475, 476, 478, 489, 491, 493, 494, 495, 496, 497, 498, 499, 500, 501, 502, 503, 504, 505, 506, 507, 508, 510], "excluded_lines": [513, 514, 516, 517, 518, 520, 521, 522, 525, 526, 528, 529, 530, 533, 534, 537, 538, 541, 542, 543, 544, 545, 546], "functions": {"ValidationMetrics.to_dict": {"executed_lines": [], "summary": {"covered_lines": 0, "num_statements": 1, "percent_covered": 0.0, "percent_covered_display": "0.00", "missing_lines": 1, "excluded_lines": 0}, "missing_lines": [52], "excluded_lines": []}, "ValidationReport.to_dict": {"executed_lines": [], "summary": {"covered_lines": 0, "num_statements": 1, "percent_covered": 0.0, "percent_covered_display": "0.00", "missing_lines": 1, "excluded_lines": 0}, "missing_lines": [67], "excluded_lines": []}, "ValidationReport.to_json": {"executed_lines": [], "summary": {"covered_lines": 0, "num_statements": 2, "percent_covered": 0.0, "percent_covered_display": "0.00", "missing_lines": 2, "excluded_lines": 0}, "missing_lines": [78, 79], "excluded_lines": []}, "ExtractionValidator.__init__": {"executed_lines": [], "summary": {"covered_lines": 0, "num_statements": 3, "percent_covered": 0.0, "percent_covered_display": "0.00", "missing_lines": 3, "excluded_lines": 0}, "missing_lines": [92, 93, 94], "excluded_lines": []}, "ExtractionValidator._load_ground_truth": {"executed_lines": [], "summary": {"covered_lines": 0, "num_statements": 4, "percent_covered": 0.0, "percent_covered_display": "0.00", "missing_lines": 4, "excluded_lines": 0}, "missing_lines": [98, 99, 100, 101], "excluded_lines": []}, "ExtractionValidator.validate_page_extraction": {"executed_lines": [], "summary": {"covered_lines": 0, "num_statements": 24, "percent_covered": 0.0, "percent_covered_display": "0.00", "missing_lines": 24, "excluded_lines": 0}, "missing_lines": [118, 120, 121, 123, 124, 125, 127, 128, 129, 132, 133, 134, 135, 137, 138, 139, 141, 142, 144, 147, 148, 149, 150, 152], "excluded_lines": []}, "ExtractionValidator.validate_section_extraction": {"executed_lines": [], "summary": {"covered_lines": 0, "num_statements": 30, "percent_covered": 0.0, "percent_covered_display": "0.00", "missing_lines": 30, "excluded_lines": 0}, "missing_lines": [178, 180, 181, 183, 184, 185, 187, 188, 189, 192, 193, 194, 195, 198, 199, 200, 203, 204, 206, 207, 208, 210, 211, 212, 213, 215, 216, 217, 218, 220], "excluded_lines": []}, "ExtractionValidator.validate_content_extraction": {"executed_lines": [], "summary": {"covered_lines": 0, "num_statements": 31, "percent_covered": 0.0, "percent_covered_display": "0.00", "missing_lines": 31, "excluded_lines": 0}, "missing_lines": [246, 248, 249, 251, 252, 253, 255, 256, 257, 260, 261, 262, 263, 264, 267, 268, 269, 271, 272, 274, 275, 276, 278, 279, 280, 281, 283, 284, 285, 286, 288], "excluded_lines": []}, "ExtractionValidator.calculate_confusion_matrix": {"executed_lines": [], "summary": {"covered_lines": 0, "num_statements": 5, "percent_covered": 0.0, "percent_covered_display": "0.00", "missing_lines": 5, "excluded_lines": 0}, "missing_lines": [316, 318, 319, 320, 322], "excluded_lines": []}, "ExtractionValidator.generate_error_report": {"executed_lines": [], "summary": {"covered_lines": 0, "num_statements": 15, "percent_covered": 0.0, "percent_covered_display": "0.00", "missing_lines": 15, "excluded_lines": 0}, "missing_lines": [340, 343, 344, 345, 346, 348, 349, 358, 359, 360, 361, 362, 365, 366, 374], "excluded_lines": []}, "ExtractionValidator.validate_all": {"executed_lines": [], "summary": {"covered_lines": 0, "num_statements": 14, "percent_covered": 0.0, "percent_covered_display": "0.00", "missing_lines": 14, "excluded_lines": 0}, "missing_lines": [393, 396, 397, 398, 401, 412, 413, 415, 416, 417, 419, 420, 425, 427], "excluded_lines": []}, "ExtractionValidator._heuristic_page_validation": {"executed_lines": [], "summary": {"covered_lines": 0, "num_statements": 4, "percent_covered": 0.0, "percent_covered_display": "0.00", "missing_lines": 4, "excluded_lines": 0}, "missing_lines": [440, 441, 442, 444], "excluded_lines": []}, "ExtractionValidator._heuristic_section_validation": {"executed_lines": [], "summary": {"covered_lines": 0, "num_statements": 4, "percent_covered": 0.0, "percent_covered_display": "0.00", "missing_lines": 4, "excluded_lines": 0}, "missing_lines": [457, 458, 459, 461], "excluded_lines": []}, "ExtractionValidator._heuristic_content_validation": {"executed_lines": [], "summary": {"covered_lines": 0, "num_statements": 4, "percent_covered": 0.0, "percent_covered_display": "0.00", "missing_lines": 4, "excluded_lines": 0}, "missing_lines": [474, 475, 476, 478], "excluded_lines": []}, "ExtractionValidator._infer_page_type_from_name": {"executed_lines": [], "summary": {"covered_lines": 0, "num_statements": 18, "percent_covered": 0.0, "percent_covered_display": "0.00", "missing_lines": 18, "excluded_lines": 0}, "missing_lines": [491, 493, 494, 495, 496, 497, 498, 499, 500, 501, 502, 503, 504, 505, 506, 507, 508, 510], "excluded_lines": []}, "": {"executed_lines": [], "summary": {"covered_lines": 0, "num_statements": 53, "percent_covered": 0.0, "percent_covered_display": "0.00", "missing_lines": 53, "excluded_lines": 23}, "missing_lines": [12, 13, 14, 15, 16, 17, 18, 21, 23, 24, 25, 26, 28, 29, 30, 31, 32, 34, 35, 38, 39, 42, 43, 44, 45, 46, 47, 48, 49, 51, 55, 56, 59, 60, 61, 62, 63, 64, 66, 76, 82, 85, 96, 103, 163, 231, 299, 328, 376, 438, 455, 472, 489], "excluded_lines": [513, 514, 516, 517, 518, 520, 521, 522, 525, 526, 528, 529, 530, 533, 534, 537, 538, 541, 542, 543, 544, 545, 546]}}, "classes": {"ValidationMetrics": {"executed_lines": [], "summary": {"covered_lines": 0, "num_statements": 1, "percent_covered": 0.0, "percent_covered_display": "0.00", "missing_lines": 1, "excluded_lines": 0}, "missing_lines": [52], "excluded_lines": []}, "ValidationReport": {"executed_lines": [], "summary": {"covered_lines": 0, "num_statements": 3, "percent_covered": 0.0, "percent_covered_display": "0.00", "missing_lines": 3, "excluded_lines": 0}, "missing_lines": [67, 78, 79], "excluded_lines": []}, "ExtractionValidator": {"executed_lines": [], "summary": {"covered_lines": 0, "num_statements": 156, "percent_covered": 0.0, "percent_covered_display": "0.00", "missing_lines": 156, "excluded_lines": 0}, "missing_lines": [92, 93, 94, 98, 99, 100, 101, 118, 120, 121, 123, 124, 125, 127, 128, 129, 132, 133, 134, 135, 137, 138, 139, 141, 142, 144, 147, 148, 149, 150, 152, 178, 180, 181, 183, 184, 185, 187, 188, 189, 192, 193, 194, 195, 198, 199, 200, 203, 204, 206, 207, 208, 210, 211, 212, 213, 215, 216, 217, 218, 220, 246, 248, 249, 251, 252, 253, 255, 256, 257, 260, 261, 262, 263, 264, 267, 268, 269, 271, 272, 274, 275, 276, 278, 279, 280, 281, 283, 284, 285, 286, 288, 316, 318, 319, 320, 322, 340, 343, 344, 345, 346, 348, 349, 358, 359, 360, 361, 362, 365, 366, 374, 393, 396, 397, 398, 401, 412, 413, 415, 416, 417, 419, 420, 425, 427, 440, 441, 442, 444, 457, 458, 459, 461, 474, 475, 476, 478, 491, 493, 494, 495, 496, 497, 498, 499, 500, 501, 502, 503, 504, 505, 506, 507, 508, 510], "excluded_lines": []}, "": {"executed_lines": [], "summary": {"covered_lines": 0, "num_statements": 53, "percent_covered": 0.0, "percent_covered_display": "0.00", "missing_lines": 53, "excluded_lines": 23}, "missing_lines": [12, 13, 14, 15, 16, 17, 18, 21, 23, 24, 25, 26, 28, 29, 30, 31, 32, 34, 35, 38, 39, 42, 43, 44, 45, 46, 47, 48, 49, 51, 55, 56, 59, 60, 61, 62, 63, 64, 66, 76, 82, 85, 96, 103, 163, 231, 299, 328, 376, 438, 455, 472, 489], "excluded_lines": [513, 514, 516, 517, 518, 520, 521, 522, 525, 526, 528, 529, 530, 533, 534, 537, 538, 541, 542, 543, 544, 545, 546]}}}, "src/analysis/ground_truth.py": {"executed_lines": [], "summary": {"covered_lines": 0, "num_statements": 215, "percent_covered": 0.0, "percent_covered_display": "0.00", "missing_lines": 215, "excluded_lines": 22}, "missing_lines": [11, 12, 13, 14, 15, 16, 17, 19, 20, 23, 24, 27, 28, 29, 30, 31, 32, 33, 34, 36, 37, 40, 41, 44, 45, 46, 47, 48, 50, 51, 59, 61, 62, 63, 65, 66, 68, 69, 71, 76, 85, 88, 96, 97, 98, 100, 101, 103, 105, 107, 109, 110, 111, 113, 114, 115, 117, 119, 121, 122, 128, 129, 130, 131, 134, 135, 136, 137, 140, 141, 142, 143, 146, 147, 148, 149, 151, 153, 154, 155, 157, 172, 173, 175, 177, 178, 179, 180, 181, 182, 185, 186, 187, 188, 190, 192, 194, 195, 196, 197, 198, 199, 201, 202, 204, 205, 206, 207, 209, 212, 214, 229, 230, 231, 232, 233, 234, 236, 238, 243, 244, 245, 247, 248, 249, 252, 253, 256, 257, 259, 260, 262, 263, 265, 268, 282, 283, 285, 286, 287, 288, 291, 303, 305, 322, 324, 325, 327, 329, 330, 331, 334, 336, 350, 352, 364, 366, 381, 382, 385, 392, 393, 394, 395, 396, 397, 398, 399, 400, 401, 402, 403, 404, 406, 407, 409, 410, 412, 427, 428, 431, 437, 438, 439, 440, 442, 443, 444, 446, 452, 453, 455, 463, 465, 467, 468, 469, 470, 471, 472, 473, 474, 475, 476, 477, 478, 479, 480, 481, 482, 483, 484, 485, 486, 488], "excluded_lines": [491, 492, 494, 495, 496, 497, 499, 500, 501, 503, 505, 507, 508, 509, 510, 511, 512, 515, 518, 520, 521, 522], "functions": {"GroundTruthEntry.to_dict": {"executed_lines": [], "summary": {"covered_lines": 0, "num_statements": 1, "percent_covered": 0.0, "percent_covered_display": "0.00", "missing_lines": 1, "excluded_lines": 0}, "missing_lines": [37], "excluded_lines": []}, "GroundTruthDataset.to_dict": {"executed_lines": [], "summary": {"covered_lines": 0, "num_statements": 1, "percent_covered": 0.0, "percent_covered_display": "0.00", "missing_lines": 1, "excluded_lines": 0}, "missing_lines": [51], "excluded_lines": []}, "GroundTruthDataset.to_json": {"executed_lines": [], "summary": {"covered_lines": 0, "num_statements": 3, "percent_covered": 0.0, "percent_covered_display": "0.00", "missing_lines": 3, "excluded_lines": 0}, "missing_lines": [61, 62, 63], "excluded_lines": []}, "GroundTruthDataset.from_json": {"executed_lines": [], "summary": {"covered_lines": 0, "num_statements": 4, "percent_covered": 0.0, "percent_covered_display": "0.00", "missing_lines": 4, "excluded_lines": 0}, "missing_lines": [68, 69, 71, 76], "excluded_lines": []}, "GroundTruthBuilder.__init__": {"executed_lines": [], "summary": {"covered_lines": 0, "num_statements": 6, "percent_covered": 0.0, "percent_covered_display": "0.00", "missing_lines": 6, "excluded_lines": 0}, "missing_lines": [96, 97, 98, 100, 101, 103], "excluded_lines": []}, "GroundTruthBuilder._load_pages": {"executed_lines": [], "summary": {"covered_lines": 0, "num_statements": 8, "percent_covered": 0.0, "percent_covered_display": "0.00", "missing_lines": 8, "excluded_lines": 0}, "missing_lines": [107, 109, 110, 111, 113, 114, 115, 117], "excluded_lines": []}, "GroundTruthBuilder._load_page_data": {"executed_lines": [], "summary": {"covered_lines": 0, "num_statements": 22, "percent_covered": 0.0, "percent_covered_display": "0.00", "missing_lines": 22, "excluded_lines": 0}, "missing_lines": [121, 122, 128, 129, 130, 131, 134, 135, 136, 137, 140, 141, 142, 143, 146, 147, 148, 149, 151, 153, 154, 155], "excluded_lines": []}, "GroundTruthBuilder.sample_pages": {"executed_lines": [], "summary": {"covered_lines": 0, "num_statements": 29, "percent_covered": 0.0, "percent_covered_display": "0.00", "missing_lines": 29, "excluded_lines": 0}, "missing_lines": [172, 173, 175, 177, 178, 179, 180, 181, 182, 185, 186, 187, 188, 190, 192, 194, 195, 196, 197, 198, 199, 201, 202, 204, 205, 206, 207, 209, 212], "excluded_lines": []}, "GroundTruthBuilder.create_interactive_labeling_session": {"executed_lines": [], "summary": {"covered_lines": 0, "num_statements": 32, "percent_covered": 0.0, "percent_covered_display": "0.00", "missing_lines": 32, "excluded_lines": 0}, "missing_lines": [229, 230, 231, 232, 233, 234, 236, 238, 243, 244, 245, 247, 248, 249, 252, 253, 256, 257, 259, 260, 262, 263, 265, 268, 282, 283, 285, 286, 287, 288, 291, 303], "excluded_lines": []}, "GroundTruthBuilder.create_automated_ground_truth": {"executed_lines": [], "summary": {"covered_lines": 0, "num_statements": 12, "percent_covered": 0.0, "percent_covered_display": "0.00", "missing_lines": 12, "excluded_lines": 0}, "missing_lines": [322, 324, 325, 327, 329, 330, 331, 334, 336, 350, 352, 364], "excluded_lines": []}, "GroundTruthBuilder.export_for_validation": {"executed_lines": [], "summary": {"covered_lines": 0, "num_statements": 20, "percent_covered": 0.0, "percent_covered_display": "0.00", "missing_lines": 20, "excluded_lines": 0}, "missing_lines": [381, 382, 385, 392, 393, 394, 395, 396, 397, 398, 399, 400, 401, 402, 403, 404, 406, 407, 409, 410], "excluded_lines": []}, "GroundTruthBuilder.compare_with_extracted": {"executed_lines": [], "summary": {"covered_lines": 0, "num_statements": 14, "percent_covered": 0.0, "percent_covered_display": "0.00", "missing_lines": 14, "excluded_lines": 0}, "missing_lines": [427, 428, 431, 437, 438, 439, 440, 442, 443, 444, 446, 452, 453, 455], "excluded_lines": []}, "GroundTruthBuilder._infer_page_type": {"executed_lines": [], "summary": {"covered_lines": 0, "num_statements": 22, "percent_covered": 0.0, "percent_covered_display": "0.00", "missing_lines": 22, "excluded_lines": 0}, "missing_lines": [465, 467, 468, 469, 470, 471, 472, 473, 474, 475, 476, 477, 478, 479, 480, 481, 482, 483, 484, 485, 486, 488], "excluded_lines": []}, "": {"executed_lines": [], "summary": {"covered_lines": 0, "num_statements": 41, "percent_covered": 0.0, "percent_covered_display": "0.00", "missing_lines": 41, "excluded_lines": 22}, "missing_lines": [11, 12, 13, 14, 15, 16, 17, 19, 20, 23, 24, 27, 28, 29, 30, 31, 32, 33, 34, 36, 40, 41, 44, 45, 46, 47, 48, 50, 59, 65, 66, 85, 88, 105, 119, 157, 214, 305, 366, 412, 463], "excluded_lines": [491, 492, 494, 495, 496, 497, 499, 500, 501, 503, 505, 507, 508, 509, 510, 511, 512, 515, 518, 520, 521, 522]}}, "classes": {"GroundTruthEntry": {"executed_lines": [], "summary": {"covered_lines": 0, "num_statements": 1, "percent_covered": 0.0, "percent_covered_display": "0.00", "missing_lines": 1, "excluded_lines": 0}, "missing_lines": [37], "excluded_lines": []}, "GroundTruthDataset": {"executed_lines": [], "summary": {"covered_lines": 0, "num_statements": 8, "percent_covered": 0.0, "percent_covered_display": "0.00", "missing_lines": 8, "excluded_lines": 0}, "missing_lines": [51, 61, 62, 63, 68, 69, 71, 76], "excluded_lines": []}, "GroundTruthBuilder": {"executed_lines": [], "summary": {"covered_lines": 0, "num_statements": 165, "percent_covered": 0.0, "percent_covered_display": "0.00", "missing_lines": 165, "excluded_lines": 0}, "missing_lines": [96, 97, 98, 100, 101, 103, 107, 109, 110, 111, 113, 114, 115, 117, 121, 122, 128, 129, 130, 131, 134, 135, 136, 137, 140, 141, 142, 143, 146, 147, 148, 149, 151, 153, 154, 155, 172, 173, 175, 177, 178, 179, 180, 181, 182, 185, 186, 187, 188, 190, 192, 194, 195, 196, 197, 198, 199, 201, 202, 204, 205, 206, 207, 209, 212, 229, 230, 231, 232, 233, 234, 236, 238, 243, 244, 245, 247, 248, 249, 252, 253, 256, 257, 259, 260, 262, 263, 265, 268, 282, 283, 285, 286, 287, 288, 291, 303, 322, 324, 325, 327, 329, 330, 331, 334, 336, 350, 352, 364, 381, 382, 385, 392, 393, 394, 395, 396, 397, 398, 399, 400, 401, 402, 403, 404, 406, 407, 409, 410, 427, 428, 431, 437, 438, 439, 440, 442, 443, 444, 446, 452, 453, 455, 465, 467, 468, 469, 470, 471, 472, 473, 474, 475, 476, 477, 478, 479, 480, 481, 482, 483, 484, 485, 486, 488], "excluded_lines": []}, "": {"executed_lines": [], "summary": {"covered_lines": 0, "num_statements": 41, "percent_covered": 0.0, "percent_covered_display": "0.00", "missing_lines": 41, "excluded_lines": 22}, "missing_lines": [11, 12, 13, 14, 15, 16, 17, 19, 20, 23, 24, 27, 28, 29, 30, 31, 32, 33, 34, 36, 40, 41, 44, 45, 46, 47, 48, 50, 59, 65, 66, 85, 88, 105, 119, 157, 214, 305, 366, 412, 463], "excluded_lines": [491, 492, 494, 495, 496, 497, 499, 500, 501, 503, 505, 507, 508, 509, 510, 511, 512, 515, 518, 520, 521, 522]}}}, "src/analysis/pattern_analyzer.py": {"executed_lines": [], "summary": {"covered_lines": 0, "num_statements": 300, "percent_covered": 0.0, "percent_covered_display": "0.00", "missing_lines": 300, "excluded_lines": 11}, "missing_lines": [11, 12, 13, 14, 15, 16, 17, 19, 20, 23, 24, 27, 28, 29, 30, 31, 32, 33, 35, 37, 39, 41, 42, 45, 48, 55, 56, 57, 59, 61, 63, 64, 65, 67, 68, 69, 71, 73, 75, 76, 82, 83, 84, 85, 88, 89, 90, 91, 94, 95, 96, 97, 100, 101, 102, 103, 106, 107, 108, 109, 111, 113, 114, 115, 117, 128, 130, 131, 132, 133, 135, 136, 137, 141, 142, 143, 144, 145, 148, 149, 150, 157, 158, 160, 174, 185, 187, 188, 189, 190, 191, 193, 194, 195, 197, 199, 200, 203, 204, 205, 206, 207, 210, 211, 214, 215, 218, 219, 220, 222, 231, 242, 244, 245, 246, 247, 249, 250, 251, 254, 255, 256, 259, 260, 263, 266, 268, 281, 292, 294, 295, 296, 297, 299, 300, 301, 303, 304, 305, 306, 308, 310, 311, 316, 318, 319, 325, 334, 345, 347, 349, 350, 351, 353, 354, 355, 356, 359, 360, 361, 364, 370, 391, 393, 395, 407, 409, 410, 411, 412, 413, 414, 415, 416, 417, 418, 419, 420, 421, 422, 423, 424, 426, 428, 430, 431, 437, 439, 441, 442, 443, 445, 448, 449, 450, 452, 453, 454, 455, 457, 458, 460, 461, 463, 465, 466, 467, 469, 470, 471, 472, 473, 474, 475, 476, 477, 478, 479, 480, 482, 484, 486, 488, 489, 490, 491, 492, 493, 495, 496, 498, 500, 501, 502, 503, 504, 505, 507, 509, 511, 519, 520, 521, 522, 523, 524, 525, 526, 527, 529, 531, 533, 535, 536, 539, 540, 541, 542, 543, 544, 545, 546, 549, 550, 551, 552, 553, 554, 555, 556, 558, 559, 561, 563, 565, 566, 568, 569, 570, 571, 573, 574, 576, 582, 584, 585, 586, 587, 589, 591, 593, 594, 596, 598, 599, 600, 601, 602, 604, 605], "excluded_lines": [608, 609, 611, 612, 613, 615, 616, 618, 619, 621, 622], "functions": {"PatternReport.to_dict": {"executed_lines": [], "summary": {"covered_lines": 0, "num_statements": 1, "percent_covered": 0.0, "percent_covered_display": "0.00", "missing_lines": 1, "excluded_lines": 0}, "missing_lines": [37], "excluded_lines": []}, "PatternReport.to_json": {"executed_lines": [], "summary": {"covered_lines": 0, "num_statements": 2, "percent_covered": 0.0, "percent_covered_display": "0.00", "missing_lines": 2, "excluded_lines": 0}, "missing_lines": [41, 42], "excluded_lines": []}, "PatternAnalyzer.__init__": {"executed_lines": [], "summary": {"covered_lines": 0, "num_statements": 3, "percent_covered": 0.0, "percent_covered_display": "0.00", "missing_lines": 3, "excluded_lines": 0}, "missing_lines": [55, 56, 57], "excluded_lines": []}, "PatternAnalyzer._load_parsed_pages": {"executed_lines": [], "summary": {"covered_lines": 0, "num_statements": 8, "percent_covered": 0.0, "percent_covered_display": "0.00", "missing_lines": 8, "excluded_lines": 0}, "missing_lines": [61, 63, 64, 65, 67, 68, 69, 71], "excluded_lines": []}, "PatternAnalyzer._load_page_data": {"executed_lines": [], "summary": {"covered_lines": 0, "num_statements": 26, "percent_covered": 0.0, "percent_covered_display": "0.00", "missing_lines": 26, "excluded_lines": 0}, "missing_lines": [75, 76, 82, 83, 84, 85, 88, 89, 90, 91, 94, 95, 96, 97, 100, 101, 102, 103, 106, 107, 108, 109, 111, 113, 114, 115], "excluded_lines": []}, "PatternAnalyzer.analyze_page_patterns": {"executed_lines": [], "summary": {"covered_lines": 0, "num_statements": 19, "percent_covered": 0.0, "percent_covered_display": "0.00", "missing_lines": 19, "excluded_lines": 0}, "missing_lines": [128, 130, 131, 132, 133, 135, 136, 137, 141, 142, 143, 144, 145, 148, 149, 150, 157, 158, 160], "excluded_lines": []}, "PatternAnalyzer.analyze_section_patterns": {"executed_lines": [], "summary": {"covered_lines": 0, "num_statements": 25, "percent_covered": 0.0, "percent_covered_display": "0.00", "missing_lines": 25, "excluded_lines": 0}, "missing_lines": [185, 187, 188, 189, 190, 191, 193, 194, 195, 197, 199, 200, 203, 204, 205, 206, 207, 210, 211, 214, 215, 218, 219, 220, 222], "excluded_lines": []}, "PatternAnalyzer.analyze_content_patterns": {"executed_lines": [], "summary": {"covered_lines": 0, "num_statements": 16, "percent_covered": 0.0, "percent_covered_display": "0.00", "missing_lines": 16, "excluded_lines": 0}, "missing_lines": [242, 244, 245, 246, 247, 249, 250, 251, 254, 255, 256, 259, 260, 263, 266, 268], "excluded_lines": []}, "PatternAnalyzer.analyze_link_patterns": {"executed_lines": [], "summary": {"covered_lines": 0, "num_statements": 19, "percent_covered": 0.0, "percent_covered_display": "0.00", "missing_lines": 19, "excluded_lines": 0}, "missing_lines": [292, 294, 295, 296, 297, 299, 300, 301, 303, 304, 305, 306, 308, 310, 311, 316, 318, 319, 325], "excluded_lines": []}, "PatternAnalyzer.analyze_text_reuse": {"executed_lines": [], "summary": {"covered_lines": 0, "num_statements": 14, "percent_covered": 0.0, "percent_covered_display": "0.00", "missing_lines": 14, "excluded_lines": 0}, "missing_lines": [345, 347, 349, 350, 351, 353, 354, 355, 356, 359, 360, 361, 364, 370], "excluded_lines": []}, "PatternAnalyzer.generate_report": {"executed_lines": [], "summary": {"covered_lines": 0, "num_statements": 2, "percent_covered": 0.0, "percent_covered_display": "0.00", "missing_lines": 2, "excluded_lines": 0}, "missing_lines": [393, 395], "excluded_lines": []}, "PatternAnalyzer._categorize_url": {"executed_lines": [], "summary": {"covered_lines": 0, "num_statements": 17, "percent_covered": 0.0, "percent_covered_display": "0.00", "missing_lines": 17, "excluded_lines": 0}, "missing_lines": [409, 410, 411, 412, 413, 414, 415, 416, 417, 418, 419, 420, 421, 422, 423, 424, 426], "excluded_lines": []}, "PatternAnalyzer._analyze_title_structure": {"executed_lines": [], "summary": {"covered_lines": 0, "num_statements": 2, "percent_covered": 0.0, "percent_covered_display": "0.00", "missing_lines": 2, "excluded_lines": 0}, "missing_lines": [430, 431], "excluded_lines": []}, "PatternAnalyzer._find_sections": {"executed_lines": [], "summary": {"covered_lines": 0, "num_statements": 4, "percent_covered": 0.0, "percent_covered_display": "0.00", "missing_lines": 4, "excluded_lines": 0}, "missing_lines": [439, 441, 460, 461], "excluded_lines": []}, "PatternAnalyzer._find_sections.traverse": {"executed_lines": [], "summary": {"covered_lines": 0, "num_statements": 12, "percent_covered": 0.0, "percent_covered_display": "0.00", "missing_lines": 12, "excluded_lines": 0}, "missing_lines": [442, 443, 445, 448, 449, 450, 452, 453, 454, 455, 457, 458], "excluded_lines": []}, "PatternAnalyzer._classify_section": {"executed_lines": [], "summary": {"covered_lines": 0, "num_statements": 16, "percent_covered": 0.0, "percent_covered_display": "0.00", "missing_lines": 16, "excluded_lines": 0}, "missing_lines": [465, 466, 467, 469, 470, 471, 472, 473, 474, 475, 476, 477, 478, 479, 480, 482], "excluded_lines": []}, "PatternAnalyzer._find_headings": {"executed_lines": [], "summary": {"covered_lines": 0, "num_statements": 4, "percent_covered": 0.0, "percent_covered_display": "0.00", "missing_lines": 4, "excluded_lines": 0}, "missing_lines": [486, 488, 495, 496], "excluded_lines": []}, "PatternAnalyzer._find_headings.traverse": {"executed_lines": [], "summary": {"covered_lines": 0, "num_statements": 5, "percent_covered": 0.0, "percent_covered_display": "0.00", "missing_lines": 5, "excluded_lines": 0}, "missing_lines": [489, 490, 491, 492, 493], "excluded_lines": []}, "PatternAnalyzer._classify_content_type": {"executed_lines": [], "summary": {"covered_lines": 0, "num_statements": 7, "percent_covered": 0.0, "percent_covered_display": "0.00", "missing_lines": 7, "excluded_lines": 0}, "missing_lines": [500, 501, 502, 503, 504, 505, 507], "excluded_lines": []}, "PatternAnalyzer._categorize_lengths": {"executed_lines": [], "summary": {"covered_lines": 0, "num_statements": 12, "percent_covered": 0.0, "percent_covered_display": "0.00", "missing_lines": 12, "excluded_lines": 0}, "missing_lines": [511, 519, 520, 521, 522, 523, 524, 525, 526, 527, 529, 531], "excluded_lines": []}, "PatternAnalyzer._analyze_dom_elements": {"executed_lines": [], "summary": {"covered_lines": 0, "num_statements": 2, "percent_covered": 0.0, "percent_covered_display": "0.00", "missing_lines": 2, "excluded_lines": 0}, "missing_lines": [535, 561], "excluded_lines": []}, "PatternAnalyzer._analyze_dom_elements.traverse": {"executed_lines": [], "summary": {"covered_lines": 0, "num_statements": 19, "percent_covered": 0.0, "percent_covered_display": "0.00", "missing_lines": 19, "excluded_lines": 0}, "missing_lines": [536, 539, 540, 541, 542, 543, 544, 545, 546, 549, 550, 551, 552, 553, 554, 555, 556, 558, 559], "excluded_lines": []}, "PatternAnalyzer._analyze_dom_structures": {"executed_lines": [], "summary": {"covered_lines": 0, "num_statements": 9, "percent_covered": 0.0, "percent_covered_display": "0.00", "missing_lines": 9, "excluded_lines": 0}, "missing_lines": [565, 566, 568, 569, 570, 571, 573, 574, 576], "excluded_lines": []}, "PatternAnalyzer._calculate_max_depth": {"executed_lines": [], "summary": {"covered_lines": 0, "num_statements": 2, "percent_covered": 0.0, "percent_covered_display": "0.00", "missing_lines": 2, "excluded_lines": 0}, "missing_lines": [584, 589], "excluded_lines": []}, "PatternAnalyzer._calculate_max_depth.traverse": {"executed_lines": [], "summary": {"covered_lines": 0, "num_statements": 3, "percent_covered": 0.0, "percent_covered_display": "0.00", "missing_lines": 3, "excluded_lines": 0}, "missing_lines": [585, 586, 587], "excluded_lines": []}, "PatternAnalyzer._calculate_avg_children": {"executed_lines": [], "summary": {"covered_lines": 0, "num_statements": 5, "percent_covered": 0.0, "percent_covered_display": "0.00", "missing_lines": 5, "excluded_lines": 0}, "missing_lines": [593, 594, 596, 604, 605], "excluded_lines": []}, "PatternAnalyzer._calculate_avg_children.traverse": {"executed_lines": [], "summary": {"covered_lines": 0, "num_statements": 5, "percent_covered": 0.0, "percent_covered_display": "0.00", "missing_lines": 5, "excluded_lines": 0}, "missing_lines": [598, 599, 600, 601, 602], "excluded_lines": []}, "": {"executed_lines": [], "summary": {"covered_lines": 0, "num_statements": 41, "percent_covered": 0.0, "percent_covered_display": "0.00", "missing_lines": 41, "excluded_lines": 11}, "missing_lines": [11, 12, 13, 14, 15, 16, 17, 19, 20, 23, 24, 27, 28, 29, 30, 31, 32, 33, 35, 39, 45, 48, 59, 73, 117, 174, 231, 281, 334, 391, 407, 428, 437, 463, 484, 498, 509, 533, 563, 582, 591], "excluded_lines": [608, 609, 611, 612, 613, 615, 616, 618, 619, 621, 622]}}, "classes": {"PatternReport": {"executed_lines": [], "summary": {"covered_lines": 0, "num_statements": 3, "percent_covered": 0.0, "percent_covered_display": "0.00", "missing_lines": 3, "excluded_lines": 0}, "missing_lines": [37, 41, 42], "excluded_lines": []}, "PatternAnalyzer": {"executed_lines": [], "summary": {"covered_lines": 0, "num_statements": 256, "percent_covered": 0.0, "percent_covered_display": "0.00", "missing_lines": 256, "excluded_lines": 0}, "missing_lines": [55, 56, 57, 61, 63, 64, 65, 67, 68, 69, 71, 75, 76, 82, 83, 84, 85, 88, 89, 90, 91, 94, 95, 96, 97, 100, 101, 102, 103, 106, 107, 108, 109, 111, 113, 114, 115, 128, 130, 131, 132, 133, 135, 136, 137, 141, 142, 143, 144, 145, 148, 149, 150, 157, 158, 160, 185, 187, 188, 189, 190, 191, 193, 194, 195, 197, 199, 200, 203, 204, 205, 206, 207, 210, 211, 214, 215, 218, 219, 220, 222, 242, 244, 245, 246, 247, 249, 250, 251, 254, 255, 256, 259, 260, 263, 266, 268, 292, 294, 295, 296, 297, 299, 300, 301, 303, 304, 305, 306, 308, 310, 311, 316, 318, 319, 325, 345, 347, 349, 350, 351, 353, 354, 355, 356, 359, 360, 361, 364, 370, 393, 395, 409, 410, 411, 412, 413, 414, 415, 416, 417, 418, 419, 420, 421, 422, 423, 424, 426, 430, 431, 439, 441, 442, 443, 445, 448, 449, 450, 452, 453, 454, 455, 457, 458, 460, 461, 465, 466, 467, 469, 470, 471, 472, 473, 474, 475, 476, 477, 478, 479, 480, 482, 486, 488, 489, 490, 491, 492, 493, 495, 496, 500, 501, 502, 503, 504, 505, 507, 511, 519, 520, 521, 522, 523, 524, 525, 526, 527, 529, 531, 535, 536, 539, 540, 541, 542, 543, 544, 545, 546, 549, 550, 551, 552, 553, 554, 555, 556, 558, 559, 561, 565, 566, 568, 569, 570, 571, 573, 574, 576, 584, 585, 586, 587, 589, 593, 594, 596, 598, 599, 600, 601, 602, 604, 605], "excluded_lines": []}, "": {"executed_lines": [], "summary": {"covered_lines": 0, "num_statements": 41, "percent_covered": 0.0, "percent_covered_display": "0.00", "missing_lines": 41, "excluded_lines": 11}, "missing_lines": [11, 12, 13, 14, 15, 16, 17, 19, 20, 23, 24, 27, 28, 29, 30, 31, 32, 33, 35, 39, 45, 48, 59, 73, 117, 174, 231, 281, 334, 391, 407, 428, 437, 463, 484, 498, 509, 533, 563, 582, 591], "excluded_lines": [608, 609, 611, 612, 613, 615, 616, 618, 619, 621, 622]}}}, "src/analysis/run_analysis.py": {"executed_lines": [], "summary": {"covered_lines": 0, "num_statements": 172, "percent_covered": 0.0, "percent_covered_display": "0.00", "missing_lines": 172, "excluded_lines": 2}, "missing_lines": [12, 13, 14, 15, 16, 19, 21, 22, 23, 25, 29, 32, 43, 44, 45, 47, 48, 51, 52, 55, 56, 57, 58, 59, 60, 61, 63, 66, 84, 85, 86, 88, 89, 92, 95, 96, 97, 99, 100, 103, 106, 108, 109, 110, 111, 112, 114, 117, 133, 134, 135, 138, 139, 140, 141, 142, 143, 144, 146, 154, 157, 164, 165, 168, 169, 170, 171, 172, 173, 174, 175, 177, 180, 196, 197, 198, 201, 202, 204, 205, 208, 236, 237, 238, 240, 241, 242, 243, 245, 254, 255, 256, 258, 270, 271, 272, 274, 282, 283, 285, 312, 313, 314, 315, 316, 317, 318, 320, 333, 335, 336, 337, 338, 339, 341, 386, 387, 388, 390, 391, 393, 396, 398, 399, 400, 401, 402, 403, 404, 405, 406, 407, 408, 409, 410, 411, 412, 413, 414, 416, 419, 421, 422, 423, 424, 426, 427, 428, 430, 431, 432, 435, 436, 438, 439, 440, 442, 444, 447, 450, 453, 455, 456, 457, 458, 459, 460, 461, 462, 464, 465, 466], "excluded_lines": [469, 470], "functions": {"run_pattern_analysis": {"executed_lines": [], "summary": {"covered_lines": 0, "num_statements": 15, "percent_covered": 0.0, "percent_covered_display": "0.00", "missing_lines": 15, "excluded_lines": 0}, "missing_lines": [43, 44, 45, 47, 48, 51, 52, 55, 56, 57, 58, 59, 60, 61, 63], "excluded_lines": []}, "create_ground_truth": {"executed_lines": [], "summary": {"covered_lines": 0, "num_statements": 19, "percent_covered": 0.0, "percent_covered_display": "0.00", "missing_lines": 19, "excluded_lines": 0}, "missing_lines": [84, 85, 86, 88, 89, 92, 95, 96, 97, 99, 100, 103, 106, 108, 109, 110, 111, 112, 114], "excluded_lines": []}, "run_validation": {"executed_lines": [], "summary": {"covered_lines": 0, "num_statements": 24, "percent_covered": 0.0, "percent_covered_display": "0.00", "missing_lines": 24, "excluded_lines": 0}, "missing_lines": [133, 134, 135, 138, 139, 140, 141, 142, 143, 144, 146, 154, 157, 164, 165, 168, 169, 170, 171, 172, 173, 174, 175, 177], "excluded_lines": []}, "generate_markdown_report": {"executed_lines": [], "summary": {"covered_lines": 0, "num_statements": 48, "percent_covered": 0.0, "percent_covered_display": "0.00", "missing_lines": 48, "excluded_lines": 0}, "missing_lines": [196, 197, 198, 201, 202, 204, 205, 208, 236, 237, 238, 240, 241, 242, 243, 245, 254, 255, 256, 258, 270, 271, 272, 274, 282, 283, 285, 312, 313, 314, 315, 316, 317, 318, 320, 333, 335, 336, 337, 338, 339, 341, 386, 387, 388, 390, 391, 393], "excluded_lines": []}, "_infer_type": {"executed_lines": [], "summary": {"covered_lines": 0, "num_statements": 18, "percent_covered": 0.0, "percent_covered_display": "0.00", "missing_lines": 18, "excluded_lines": 0}, "missing_lines": [398, 399, 400, 401, 402, 403, 404, 405, 406, 407, 408, 409, 410, 411, 412, 413, 414, 416], "excluded_lines": []}, "main": {"executed_lines": [], "summary": {"covered_lines": 0, "num_statements": 31, "percent_covered": 0.0, "percent_covered_display": "0.00", "missing_lines": 31, "excluded_lines": 0}, "missing_lines": [421, 422, 423, 424, 426, 427, 428, 430, 431, 432, 435, 436, 438, 439, 440, 442, 444, 447, 450, 453, 455, 456, 457, 458, 459, 460, 461, 462, 464, 465, 466], "excluded_lines": []}, "": {"executed_lines": [], "summary": {"covered_lines": 0, "num_statements": 17, "percent_covered": 0.0, "percent_covered_display": "0.00", "missing_lines": 17, "excluded_lines": 2}, "missing_lines": [12, 13, 14, 15, 16, 19, 21, 22, 23, 25, 29, 32, 66, 117, 180, 396, 419], "excluded_lines": [469, 470]}}, "classes": {"": {"executed_lines": [], "summary": {"covered_lines": 0, "num_statements": 172, "percent_covered": 0.0, "percent_covered_display": "0.00", "missing_lines": 172, "excluded_lines": 2}, "missing_lines": [12, 13, 14, 15, 16, 19, 21, 22, 23, 25, 29, 32, 43, 44, 45, 47, 48, 51, 52, 55, 56, 57, 58, 59, 60, 61, 63, 66, 84, 85, 86, 88, 89, 92, 95, 96, 97, 99, 100, 103, 106, 108, 109, 110, 111, 112, 114, 117, 133, 134, 135, 138, 139, 140, 141, 142, 143, 144, 146, 154, 157, 164, 165, 168, 169, 170, 171, 172, 173, 174, 175, 177, 180, 196, 197, 198, 201, 202, 204, 205, 208, 236, 237, 238, 240, 241, 242, 243, 245, 254, 255, 256, 258, 270, 271, 272, 274, 282, 283, 285, 312, 313, 314, 315, 316, 317, 318, 320, 333, 335, 336, 337, 338, 339, 341, 386, 387, 388, 390, 391, 393, 396, 398, 399, 400, 401, 402, 403, 404, 405, 406, 407, 408, 409, 410, 411, 412, 413, 414, 416, 419, 421, 422, 423, 424, 426, 427, 428, 430, 431, 432, 435, 436, 438, 439, 440, 442, 444, 447, 450, 453, 455, 456, 457, 458, 459, 460, 461, 462, 464, 465, 466], "excluded_lines": [469, 470]}}}, "src/enrichment/similarity_calculator.py": {"executed_lines": [1, 6, 7, 8, 9, 11, 14, 15, 16, 17, 18, 19, 20, 23, 24, 26, 40, 41, 42, 45, 46, 52, 59, 74, 77, 78, 83, 84, 87, 88, 89, 91, 94, 97, 99, 101, 116, 119, 120, 122, 125, 127, 146, 148, 149, 151, 152, 162, 165, 167, 182, 184, 199, 201, 225, 226, 229, 230, 240, 241, 242, 243, 246, 253, 263, 265, 288, 290, 291, 292, 294, 296, 299, 300, 301, 303, 305, 314, 315, 341, 344, 346], "summary": {"covered_lines": 79, "num_statements": 106, "percent_covered": 74.52830188679245, "percent_covered_display": "74.53", "missing_lines": 27, "excluded_lines": 0}, "missing_lines": [47, 48, 49, 50, 75, 92, 117, 123, 232, 234, 235, 236, 237, 297, 325, 330, 331, 367, 370, 371, 373, 375, 383, 384, 390, 397, 402], "excluded_lines": [], "functions": {"SimilarityCalculator.__init__": {"executed_lines": [40, 41, 42, 45, 46, 52], "summary": {"covered_lines": 6, "num_statements": 10, "percent_covered": 60.0, "percent_covered_display": "60.00", "missing_lines": 4, "excluded_lines": 0}, "missing_lines": [47, 48, 49, 50], "excluded_lines": []}, "SimilarityCalculator.cosine_similarity": {"executed_lines": [74, 77, 78, 83, 84, 87, 88, 89, 91, 94, 97, 99], "summary": {"covered_lines": 12, "num_statements": 14, "percent_covered": 85.71428571428571, "percent_covered_display": "85.71", "missing_lines": 2, "excluded_lines": 0}, "missing_lines": [75, 92], "excluded_lines": []}, "SimilarityCalculator.jaccard_similarity": {"executed_lines": [116, 119, 120, 122, 125], "summary": {"covered_lines": 5, "num_statements": 7, "percent_covered": 71.42857142857143, "percent_covered_display": "71.43", "missing_lines": 2, "excluded_lines": 0}, "missing_lines": [117, 123], "excluded_lines": []}, "SimilarityCalculator.find_similar": {"executed_lines": [146, 148, 149, 151, 152, 162, 165], "summary": {"covered_lines": 7, "num_statements": 7, "percent_covered": 100.0, "percent_covered_display": "100.00", "missing_lines": 0, "excluded_lines": 0}, "missing_lines": [], "excluded_lines": []}, "SimilarityCalculator.topic_similarity": {"executed_lines": [182], "summary": {"covered_lines": 1, "num_statements": 1, "percent_covered": 100.0, "percent_covered_display": "100.00", "missing_lines": 0, "excluded_lines": 0}, "missing_lines": [], "excluded_lines": []}, "SimilarityCalculator.entity_similarity": {"executed_lines": [199], "summary": {"covered_lines": 1, "num_statements": 1, "percent_covered": 100.0, "percent_covered_display": "100.00", "missing_lines": 0, "excluded_lines": 0}, "missing_lines": [], "excluded_lines": []}, "SimilarityCalculator.multi_signal_similarity": {"executed_lines": [225, 226, 229, 230, 240, 241, 242, 243, 246, 253, 263], "summary": {"covered_lines": 11, "num_statements": 16, "percent_covered": 68.75, "percent_covered_display": "68.75", "missing_lines": 5, "excluded_lines": 0}, "missing_lines": [232, 234, 235, 236, 237], "excluded_lines": []}, "SimilarityCalculator.batch_similarity": {"executed_lines": [288, 290, 291, 292, 294, 296, 299, 300, 301, 303, 305, 314, 315, 341, 344], "summary": {"covered_lines": 15, "num_statements": 19, "percent_covered": 78.94736842105263, "percent_covered_display": "78.95", "missing_lines": 4, "excluded_lines": 0}, "missing_lines": [297, 325, 330, 331], "excluded_lines": []}, "SimilarityCalculator.approximate_nearest_neighbors": {"executed_lines": [], "summary": {"covered_lines": 0, "num_statements": 10, "percent_covered": 0.0, "percent_covered_display": "0.00", "missing_lines": 10, "excluded_lines": 0}, "missing_lines": [367, 370, 371, 373, 375, 383, 384, 390, 397, 402], "excluded_lines": []}, "": {"executed_lines": [1, 6, 7, 8, 9, 11, 14, 15, 16, 17, 18, 19, 20, 23, 24, 26, 59, 101, 127, 167, 184, 201, 265, 346], "summary": {"covered_lines": 21, "num_statements": 21, "percent_covered": 100.0, "percent_covered_display": "100.00", "missing_lines": 0, "excluded_lines": 0}, "missing_lines": [], "excluded_lines": []}}, "classes": {"SimilarityResult": {"executed_lines": [], "summary": {"covered_lines": 0, "num_statements": 0, "percent_covered": 100.0, "percent_covered_display": "100.00", "missing_lines": 0, "excluded_lines": 0}, "missing_lines": [], "excluded_lines": []}, "SimilarityCalculator": {"executed_lines": [40, 41, 42, 45, 46, 52, 74, 77, 78, 83, 84, 87, 88, 89, 91, 94, 97, 99, 116, 119, 120, 122, 125, 146, 148, 149, 151, 152, 162, 165, 182, 199, 225, 226, 229, 230, 240, 241, 242, 243, 246, 253, 263, 288, 290, 291, 292, 294, 296, 299, 300, 301, 303, 305, 314, 315, 341, 344], "summary": {"covered_lines": 58, "num_statements": 85, "percent_covered": 68.23529411764706, "percent_covered_display": "68.24", "missing_lines": 27, "excluded_lines": 0}, "missing_lines": [47, 48, 49, 50, 75, 92, 117, 123, 232, 234, 235, 236, 237, 297, 325, 330, 331, 367, 370, 371, 373, 375, 383, 384, 390, 397, 402], "excluded_lines": []}, "": {"executed_lines": [1, 6, 7, 8, 9, 11, 14, 15, 16, 17, 18, 19, 20, 23, 24, 26, 59, 101, 127, 167, 184, 201, 265, 346], "summary": {"covered_lines": 21, "num_statements": 21, "percent_covered": 100.0, "percent_covered_display": "100.00", "missing_lines": 0, "excluded_lines": 0}, "missing_lines": [], "excluded_lines": []}}}, "src/extractors/__init__.py": {"executed_lines": [], "summary": {"covered_lines": 0, "num_statements": 4, "percent_covered": 0.0, "percent_covered_display": "0.00", "missing_lines": 4, "excluded_lines": 0}, "missing_lines": [22, 23, 24, 26], "excluded_lines": [], "functions": {"": {"executed_lines": [], "summary": {"covered_lines": 0, "num_statements": 4, "percent_covered": 0.0, "percent_covered_display": "0.00", "missing_lines": 4, "excluded_lines": 0}, "missing_lines": [22, 23, 24, 26], "excluded_lines": []}}, "classes": {"": {"executed_lines": [], "summary": {"covered_lines": 0, "num_statements": 4, "percent_covered": 0.0, "percent_covered_display": "0.00", "missing_lines": 4, "excluded_lines": 0}, "missing_lines": [22, 23, 24, 26], "excluded_lines": []}}}, "src/extractors/content_item_extractor.py": {"executed_lines": [], "summary": {"covered_lines": 0, "num_statements": 136, "percent_covered": 0.0, "percent_covered_display": "0.00", "missing_lines": 136, "excluded_lines": 0}, "missing_lines": [16, 17, 18, 20, 21, 24, 27, 36, 57, 68, 69, 71, 91, 111, 112, 115, 116, 117, 118, 121, 122, 125, 127, 128, 129, 131, 132, 134, 144, 147, 148, 150, 152, 153, 155, 172, 175, 176, 179, 181, 182, 183, 184, 185, 188, 189, 190, 193, 194, 195, 197, 198, 201, 202, 203, 206, 207, 213, 215, 226, 228, 229, 230, 232, 233, 234, 237, 238, 247, 248, 256, 257, 258, 259, 260, 262, 269, 270, 272, 274, 275, 277, 288, 290, 291, 292, 294, 295, 296, 298, 299, 300, 302, 312, 313, 315, 317, 318, 320, 336, 337, 338, 341, 343, 344, 345, 347, 348, 349, 350, 352, 353, 355, 358, 359, 361, 363, 380, 382, 384, 385, 386, 389, 394, 395, 396, 399, 400, 402, 404, 415, 416, 418, 419, 420, 422], "excluded_lines": [], "functions": {"ContentItemExtractor.extract_content_entity": {"executed_lines": [], "summary": {"covered_lines": 0, "num_statements": 3, "percent_covered": 0.0, "percent_covered_display": "0.00", "missing_lines": 3, "excluded_lines": 0}, "missing_lines": [68, 69, 71], "excluded_lines": []}, "ContentItemExtractor.extract_text_blocks": {"executed_lines": [], "summary": {"covered_lines": 0, "num_statements": 10, "percent_covered": 0.0, "percent_covered_display": "0.00", "missing_lines": 10, "excluded_lines": 0}, "missing_lines": [111, 112, 115, 116, 117, 118, 121, 150, 152, 153], "excluded_lines": []}, "ContentItemExtractor.extract_text_blocks.traverse": {"executed_lines": [], "summary": {"covered_lines": 0, "num_statements": 11, "percent_covered": 0.0, "percent_covered_display": "0.00", "missing_lines": 11, "excluded_lines": 0}, "missing_lines": [122, 125, 127, 128, 129, 131, 132, 134, 144, 147, 148], "excluded_lines": []}, "ContentItemExtractor.detect_content_type": {"executed_lines": [], "summary": {"covered_lines": 0, "num_statements": 23, "percent_covered": 0.0, "percent_covered_display": "0.00", "missing_lines": 23, "excluded_lines": 0}, "missing_lines": [172, 175, 176, 179, 181, 182, 183, 184, 185, 188, 189, 190, 193, 194, 195, 197, 198, 201, 202, 203, 206, 207, 213], "excluded_lines": []}, "ContentItemExtractor.extract_media": {"executed_lines": [], "summary": {"covered_lines": 0, "num_statements": 8, "percent_covered": 0.0, "percent_covered_display": "0.00", "missing_lines": 8, "excluded_lines": 0}, "missing_lines": [226, 228, 229, 230, 232, 272, 274, 275], "excluded_lines": []}, "ContentItemExtractor.extract_media.traverse": {"executed_lines": [], "summary": {"covered_lines": 0, "num_statements": 14, "percent_covered": 0.0, "percent_covered_display": "0.00", "missing_lines": 14, "excluded_lines": 0}, "missing_lines": [233, 234, 237, 238, 247, 248, 256, 257, 258, 259, 260, 262, 269, 270], "excluded_lines": []}, "ContentItemExtractor.extract_links": {"executed_lines": [], "summary": {"covered_lines": 0, "num_statements": 8, "percent_covered": 0.0, "percent_covered_display": "0.00", "missing_lines": 8, "excluded_lines": 0}, "missing_lines": [288, 290, 291, 292, 294, 315, 317, 318], "excluded_lines": []}, "ContentItemExtractor.extract_links.traverse": {"executed_lines": [], "summary": {"covered_lines": 0, "num_statements": 8, "percent_covered": 0.0, "percent_covered_display": "0.00", "missing_lines": 8, "excluded_lines": 0}, "missing_lines": [295, 296, 298, 299, 300, 302, 312, 313], "excluded_lines": []}, "ContentItemExtractor._find_section_node": {"executed_lines": [], "summary": {"covered_lines": 0, "num_statements": 9, "percent_covered": 0.0, "percent_covered_display": "0.00", "missing_lines": 9, "excluded_lines": 0}, "missing_lines": [336, 337, 338, 341, 343, 355, 358, 359, 361], "excluded_lines": []}, "ContentItemExtractor._find_section_node.traverse": {"executed_lines": [], "summary": {"covered_lines": 0, "num_statements": 8, "percent_covered": 0.0, "percent_covered_display": "0.00", "missing_lines": 8, "excluded_lines": 0}, "missing_lines": [344, 345, 347, 348, 349, 350, 352, 353], "excluded_lines": []}, "ContentItemExtractor._find_sections_using_hash": {"executed_lines": [], "summary": {"covered_lines": 0, "num_statements": 12, "percent_covered": 0.0, "percent_covered_display": "0.00", "missing_lines": 12, "excluded_lines": 0}, "missing_lines": [380, 382, 384, 385, 386, 389, 394, 395, 396, 399, 400, 402], "excluded_lines": []}, "ContentItemExtractor._hash_in_subtree": {"executed_lines": [], "summary": {"covered_lines": 0, "num_statements": 6, "percent_covered": 0.0, "percent_covered_display": "0.00", "missing_lines": 6, "excluded_lines": 0}, "missing_lines": [415, 416, 418, 419, 420, 422], "excluded_lines": []}, "": {"executed_lines": [], "summary": {"covered_lines": 0, "num_statements": 16, "percent_covered": 0.0, "percent_covered_display": "0.00", "missing_lines": 16, "excluded_lines": 0}, "missing_lines": [16, 17, 18, 20, 21, 24, 27, 36, 57, 91, 155, 215, 277, 320, 363, 404], "excluded_lines": []}}, "classes": {"ContentItemExtractor": {"executed_lines": [], "summary": {"covered_lines": 0, "num_statements": 120, "percent_covered": 0.0, "percent_covered_display": "0.00", "missing_lines": 120, "excluded_lines": 0}, "missing_lines": [68, 69, 71, 111, 112, 115, 116, 117, 118, 121, 122, 125, 127, 128, 129, 131, 132, 134, 144, 147, 148, 150, 152, 153, 172, 175, 176, 179, 181, 182, 183, 184, 185, 188, 189, 190, 193, 194, 195, 197, 198, 201, 202, 203, 206, 207, 213, 226, 228, 229, 230, 232, 233, 234, 237, 238, 247, 248, 256, 257, 258, 259, 260, 262, 269, 270, 272, 274, 275, 288, 290, 291, 292, 294, 295, 296, 298, 299, 300, 302, 312, 313, 315, 317, 318, 336, 337, 338, 341, 343, 344, 345, 347, 348, 349, 350, 352, 353, 355, 358, 359, 361, 380, 382, 384, 385, 386, 389, 394, 395, 396, 399, 400, 402, 415, 416, 418, 419, 420, 422], "excluded_lines": []}, "": {"executed_lines": [], "summary": {"covered_lines": 0, "num_statements": 16, "percent_covered": 0.0, "percent_covered_display": "0.00", "missing_lines": 16, "excluded_lines": 0}, "missing_lines": [16, 17, 18, 20, 21, 24, 27, 36, 57, 91, 155, 215, 277, 320, 363, 404], "excluded_lines": []}}}, "src/extractors/page_extractor.py": {"executed_lines": [], "summary": {"covered_lines": 0, "num_statements": 141, "percent_covered": 0.0, "percent_covered_display": "0.00", "missing_lines": 141, "excluded_lines": 0}, "missing_lines": [15, 16, 17, 18, 19, 20, 21, 23, 24, 27, 30, 39, 42, 100, 124, 144, 145, 146, 147, 148, 149, 152, 155, 156, 159, 162, 165, 166, 167, 170, 171, 172, 175, 178, 203, 204, 206, 207, 208, 209, 210, 211, 213, 232, 233, 235, 236, 237, 238, 239, 240, 242, 243, 244, 247, 248, 249, 250, 251, 252, 253, 254, 255, 256, 259, 260, 261, 262, 263, 264, 265, 268, 269, 271, 288, 289, 293, 296, 299, 300, 301, 302, 303, 306, 312, 314, 328, 329, 330, 333, 334, 335, 336, 338, 340, 342, 344, 346, 347, 348, 350, 352, 353, 354, 356, 358, 359, 361, 364, 365, 366, 368, 370, 371, 372, 376, 378, 380, 381, 382, 383, 385, 387, 388, 389, 390, 392, 395, 396, 397, 398, 399, 400, 401, 403, 405, 408, 409, 412, 413, 415], "excluded_lines": [], "functions": {"PageExtractor.extract_page_entity": {"executed_lines": [], "summary": {"covered_lines": 0, "num_statements": 27, "percent_covered": 0.0, "percent_covered_display": "0.00", "missing_lines": 27, "excluded_lines": 0}, "missing_lines": [144, 145, 146, 147, 148, 149, 152, 155, 156, 159, 162, 165, 166, 167, 170, 171, 172, 175, 178, 203, 204, 206, 207, 208, 209, 210, 211], "excluded_lines": []}, "PageExtractor.extract_page_type": {"executed_lines": [], "summary": {"covered_lines": 0, "num_statements": 30, "percent_covered": 0.0, "percent_covered_display": "0.00", "missing_lines": 30, "excluded_lines": 0}, "missing_lines": [232, 233, 235, 236, 237, 238, 239, 240, 242, 243, 244, 247, 248, 249, 250, 251, 252, 253, 254, 255, 256, 259, 260, 261, 262, 263, 264, 265, 268, 269], "excluded_lines": []}, "PageExtractor.calculate_importance": {"executed_lines": [], "summary": {"covered_lines": 0, "num_statements": 11, "percent_covered": 0.0, "percent_covered_display": "0.00", "missing_lines": 11, "excluded_lines": 0}, "missing_lines": [288, 289, 293, 296, 299, 300, 301, 302, 303, 306, 312], "excluded_lines": []}, "PageExtractor.extract_categories": {"executed_lines": [], "summary": {"covered_lines": 0, "num_statements": 8, "percent_covered": 0.0, "percent_covered_display": "0.00", "missing_lines": 8, "excluded_lines": 0}, "missing_lines": [328, 329, 330, 333, 334, 335, 336, 338], "excluded_lines": []}, "PageExtractor._generate_uuid_from_url": {"executed_lines": [], "summary": {"covered_lines": 0, "num_statements": 1, "percent_covered": 0.0, "percent_covered_display": "0.00", "missing_lines": 1, "excluded_lines": 0}, "missing_lines": [342], "excluded_lines": []}, "PageExtractor._normalize_url": {"executed_lines": [], "summary": {"covered_lines": 0, "num_statements": 3, "percent_covered": 0.0, "percent_covered_display": "0.00", "missing_lines": 3, "excluded_lines": 0}, "missing_lines": [346, 347, 348], "excluded_lines": []}, "PageExtractor._calculate_depth": {"executed_lines": [], "summary": {"covered_lines": 0, "num_statements": 3, "percent_covered": 0.0, "percent_covered_display": "0.00", "missing_lines": 3, "excluded_lines": 0}, "missing_lines": [352, 353, 354], "excluded_lines": []}, "PageExtractor._calculate_html_hash": {"executed_lines": [], "summary": {"covered_lines": 0, "num_statements": 2, "percent_covered": 0.0, "percent_covered_display": "0.00", "missing_lines": 2, "excluded_lines": 0}, "missing_lines": [358, 359], "excluded_lines": []}, "PageExtractor._calculate_content_hash": {"executed_lines": [], "summary": {"covered_lines": 0, "num_statements": 3, "percent_covered": 0.0, "percent_covered_display": "0.00", "missing_lines": 3, "excluded_lines": 0}, "missing_lines": [364, 365, 366], "excluded_lines": []}, "PageExtractor._extract_title": {"executed_lines": [], "summary": {"covered_lines": 0, "num_statements": 4, "percent_covered": 0.0, "percent_covered_display": "0.00", "missing_lines": 4, "excluded_lines": 0}, "missing_lines": [370, 371, 372, 376], "excluded_lines": []}, "PageExtractor._extract_keywords": {"executed_lines": [], "summary": {"covered_lines": 0, "num_statements": 4, "percent_covered": 0.0, "percent_covered_display": "0.00", "missing_lines": 4, "excluded_lines": 0}, "missing_lines": [380, 381, 382, 383], "excluded_lines": []}, "PageExtractor._extract_schema_type": {"executed_lines": [], "summary": {"covered_lines": 0, "num_statements": 4, "percent_covered": 0.0, "percent_covered_display": "0.00", "missing_lines": 4, "excluded_lines": 0}, "missing_lines": [387, 388, 389, 390], "excluded_lines": []}, "PageExtractor._extract_publish_date": {"executed_lines": [], "summary": {"covered_lines": 0, "num_statements": 7, "percent_covered": 0.0, "percent_covered_display": "0.00", "missing_lines": 7, "excluded_lines": 0}, "missing_lines": [395, 396, 397, 398, 399, 400, 401], "excluded_lines": []}, "PageExtractor._extract_custom_metadata": {"executed_lines": [], "summary": {"covered_lines": 0, "num_statements": 6, "percent_covered": 0.0, "percent_covered_display": "0.00", "missing_lines": 6, "excluded_lines": 0}, "missing_lines": [405, 408, 409, 412, 413, 415], "excluded_lines": []}, "": {"executed_lines": [], "summary": {"covered_lines": 0, "num_statements": 28, "percent_covered": 0.0, "percent_covered_display": "0.00", "missing_lines": 28, "excluded_lines": 0}, "missing_lines": [15, 16, 17, 18, 19, 20, 21, 23, 24, 27, 30, 39, 42, 100, 124, 213, 271, 314, 340, 344, 350, 356, 361, 368, 378, 385, 392, 403], "excluded_lines": []}}, "classes": {"PageExtractor": {"executed_lines": [], "summary": {"covered_lines": 0, "num_statements": 113, "percent_covered": 0.0, "percent_covered_display": "0.00", "missing_lines": 113, "excluded_lines": 0}, "missing_lines": [144, 145, 146, 147, 148, 149, 152, 155, 156, 159, 162, 165, 166, 167, 170, 171, 172, 175, 178, 203, 204, 206, 207, 208, 209, 210, 211, 232, 233, 235, 236, 237, 238, 239, 240, 242, 243, 244, 247, 248, 249, 250, 251, 252, 253, 254, 255, 256, 259, 260, 261, 262, 263, 264, 265, 268, 269, 288, 289, 293, 296, 299, 300, 301, 302, 303, 306, 312, 328, 329, 330, 333, 334, 335, 336, 338, 342, 346, 347, 348, 352, 353, 354, 358, 359, 364, 365, 366, 370, 371, 372, 376, 380, 381, 382, 383, 387, 388, 389, 390, 395, 396, 397, 398, 399, 400, 401, 405, 408, 409, 412, 413, 415], "excluded_lines": []}, "": {"executed_lines": [], "summary": {"covered_lines": 0, "num_statements": 28, "percent_covered": 0.0, "percent_covered_display": "0.00", "missing_lines": 28, "excluded_lines": 0}, "missing_lines": [15, 16, 17, 18, 19, 20, 21, 23, 24, 27, 30, 39, 42, 100, 124, 213, 271, 314, 340, 344, 350, 356, 361, 368, 378, 385, 392, 403], "excluded_lines": []}}}, "src/extractors/section_extractor.py": {"executed_lines": [], "summary": {"covered_lines": 0, "num_statements": 148, "percent_covered": 0.0, "percent_covered_display": "0.00", "missing_lines": 148, "excluded_lines": 0}, "missing_lines": [15, 16, 17, 19, 20, 23, 26, 35, 38, 53, 64, 77, 90, 91, 93, 97, 98, 100, 101, 102, 105, 108, 109, 112, 113, 114, 115, 117, 119, 120, 121, 122, 123, 125, 136, 137, 140, 143, 144, 145, 148, 150, 151, 153, 165, 173, 174, 175, 177, 179, 197, 198, 199, 202, 203, 204, 205, 206, 207, 208, 209, 212, 213, 214, 217, 219, 220, 223, 224, 225, 226, 229, 230, 233, 235, 247, 248, 249, 251, 252, 253, 254, 255, 258, 259, 260, 261, 263, 265, 267, 280, 281, 282, 284, 285, 286, 287, 288, 290, 291, 292, 293, 295, 297, 299, 310, 311, 314, 315, 316, 319, 320, 322, 323, 325, 327, 339, 342, 343, 346, 347, 348, 350, 352, 354, 356, 366, 367, 370, 371, 372, 375, 376, 378, 379, 380, 382, 384, 394, 395, 396, 398, 399, 401, 402, 403, 405, 407], "excluded_lines": [], "functions": {"SectionExtractor.extract_section_entity": {"executed_lines": [], "summary": {"covered_lines": 0, "num_statements": 1, "percent_covered": 0.0, "percent_covered_display": "0.00", "missing_lines": 1, "excluded_lines": 0}, "missing_lines": [64], "excluded_lines": []}, "SectionExtractor.detect_sections": {"executed_lines": [], "summary": {"covered_lines": 0, "num_statements": 6, "percent_covered": 0.0, "percent_covered_display": "0.00", "missing_lines": 6, "excluded_lines": 0}, "missing_lines": [90, 91, 93, 148, 150, 151], "excluded_lines": []}, "SectionExtractor.detect_sections.traverse": {"executed_lines": [], "summary": {"covered_lines": 0, "num_statements": 25, "percent_covered": 0.0, "percent_covered_display": "0.00", "missing_lines": 25, "excluded_lines": 0}, "missing_lines": [97, 98, 100, 101, 102, 105, 108, 109, 112, 113, 114, 115, 117, 119, 120, 121, 122, 123, 125, 136, 137, 140, 143, 144, 145], "excluded_lines": []}, "SectionExtractor.build_hierarchy": {"executed_lines": [], "summary": {"covered_lines": 0, "num_statements": 5, "percent_covered": 0.0, "percent_covered_display": "0.00", "missing_lines": 5, "excluded_lines": 0}, "missing_lines": [165, 173, 174, 175, 177], "excluded_lines": []}, "SectionExtractor.classify_section_type": {"executed_lines": [], "summary": {"covered_lines": 0, "num_statements": 24, "percent_covered": 0.0, "percent_covered_display": "0.00", "missing_lines": 24, "excluded_lines": 0}, "missing_lines": [197, 198, 199, 202, 203, 204, 205, 206, 207, 208, 209, 212, 213, 214, 217, 219, 220, 223, 224, 225, 226, 229, 230, 233], "excluded_lines": []}, "SectionExtractor._extract_heading": {"executed_lines": [], "summary": {"covered_lines": 0, "num_statements": 2, "percent_covered": 0.0, "percent_covered_display": "0.00", "missing_lines": 2, "excluded_lines": 0}, "missing_lines": [247, 265], "excluded_lines": []}, "SectionExtractor._extract_heading.find_heading": {"executed_lines": [], "summary": {"covered_lines": 0, "num_statements": 12, "percent_covered": 0.0, "percent_covered_display": "0.00", "missing_lines": 12, "excluded_lines": 0}, "missing_lines": [248, 249, 251, 252, 253, 254, 255, 258, 259, 260, 261, 263], "excluded_lines": []}, "SectionExtractor._extract_subheading": {"executed_lines": [], "summary": {"covered_lines": 0, "num_statements": 2, "percent_covered": 0.0, "percent_covered_display": "0.00", "missing_lines": 2, "excluded_lines": 0}, "missing_lines": [280, 297], "excluded_lines": []}, "SectionExtractor._extract_subheading.find_subheading": {"executed_lines": [], "summary": {"covered_lines": 0, "num_statements": 12, "percent_covered": 0.0, "percent_covered_display": "0.00", "missing_lines": 12, "excluded_lines": 0}, "missing_lines": [281, 282, 284, 285, 286, 287, 288, 290, 291, 292, 293, 295], "excluded_lines": []}, "SectionExtractor._generate_selector": {"executed_lines": [], "summary": {"covered_lines": 0, "num_statements": 10, "percent_covered": 0.0, "percent_covered_display": "0.00", "missing_lines": 10, "excluded_lines": 0}, "missing_lines": [310, 311, 314, 315, 316, 319, 320, 322, 323, 325], "excluded_lines": []}, "SectionExtractor._extract_component_name": {"executed_lines": [], "summary": {"covered_lines": 0, "num_statements": 7, "percent_covered": 0.0, "percent_covered_display": "0.00", "missing_lines": 7, "excluded_lines": 0}, "missing_lines": [339, 342, 343, 346, 347, 348, 350], "excluded_lines": []}, "SectionExtractor._extract_attributes": {"executed_lines": [], "summary": {"covered_lines": 0, "num_statements": 1, "percent_covered": 0.0, "percent_covered_display": "0.00", "missing_lines": 1, "excluded_lines": 0}, "missing_lines": [354], "excluded_lines": []}, "SectionExtractor._are_similar_children": {"executed_lines": [], "summary": {"covered_lines": 0, "num_statements": 11, "percent_covered": 0.0, "percent_covered_display": "0.00", "missing_lines": 11, "excluded_lines": 0}, "missing_lines": [366, 367, 370, 371, 372, 375, 376, 378, 379, 380, 382], "excluded_lines": []}, "SectionExtractor._contains_form": {"executed_lines": [], "summary": {"covered_lines": 0, "num_statements": 2, "percent_covered": 0.0, "percent_covered_display": "0.00", "missing_lines": 2, "excluded_lines": 0}, "missing_lines": [394, 407], "excluded_lines": []}, "SectionExtractor._contains_form.search_form": {"executed_lines": [], "summary": {"covered_lines": 0, "num_statements": 8, "percent_covered": 0.0, "percent_covered_display": "0.00", "missing_lines": 8, "excluded_lines": 0}, "missing_lines": [395, 396, 398, 399, 401, 402, 403, 405], "excluded_lines": []}, "": {"executed_lines": [], "summary": {"covered_lines": 0, "num_statements": 20, "percent_covered": 0.0, "percent_covered_display": "0.00", "missing_lines": 20, "excluded_lines": 0}, "missing_lines": [15, 16, 17, 19, 20, 23, 26, 35, 38, 53, 77, 153, 179, 235, 267, 299, 327, 352, 356, 384], "excluded_lines": []}}, "classes": {"SectionExtractor": {"executed_lines": [], "summary": {"covered_lines": 0, "num_statements": 128, "percent_covered": 0.0, "percent_covered_display": "0.00", "missing_lines": 128, "excluded_lines": 0}, "missing_lines": [64, 90, 91, 93, 97, 98, 100, 101, 102, 105, 108, 109, 112, 113, 114, 115, 117, 119, 120, 121, 122, 123, 125, 136, 137, 140, 143, 144, 145, 148, 150, 151, 165, 173, 174, 175, 177, 197, 198, 199, 202, 203, 204, 205, 206, 207, 208, 209, 212, 213, 214, 217, 219, 220, 223, 224, 225, 226, 229, 230, 233, 247, 248, 249, 251, 252, 253, 254, 255, 258, 259, 260, 261, 263, 265, 280, 281, 282, 284, 285, 286, 287, 288, 290, 291, 292, 293, 295, 297, 310, 311, 314, 315, 316, 319, 320, 322, 323, 325, 339, 342, 343, 346, 347, 348, 350, 354, 366, 367, 370, 371, 372, 375, 376, 378, 379, 380, 382, 394, 395, 396, 398, 399, 401, 402, 403, 405, 407], "excluded_lines": []}, "": {"executed_lines": [], "summary": {"covered_lines": 0, "num_statements": 20, "percent_covered": 0.0, "percent_covered_display": "0.00", "missing_lines": 20, "excluded_lines": 0}, "missing_lines": [15, 16, 17, 19, 20, 23, 26, 35, 38, 53, 77, 153, 179, 235, 267, 299, 327, 352, 356, 384], "excluded_lines": []}}}, "src/graph/__init__.py": {"executed_lines": [], "summary": {"covered_lines": 0, "num_statements": 4, "percent_covered": 0.0, "percent_covered_display": "0.00", "missing_lines": 4, "excluded_lines": 0}, "missing_lines": [7, 16, 17, 19], "excluded_lines": [], "functions": {"": {"executed_lines": [], "summary": {"covered_lines": 0, "num_statements": 4, "percent_covered": 0.0, "percent_covered_display": "0.00", "missing_lines": 4, "excluded_lines": 0}, "missing_lines": [7, 16, 17, 19], "excluded_lines": []}}, "classes": {"": {"executed_lines": [], "summary": {"covered_lines": 0, "num_statements": 4, "percent_covered": 0.0, "percent_covered_display": "0.00", "missing_lines": 4, "excluded_lines": 0}, "missing_lines": [7, 16, 17, 19], "excluded_lines": []}}}, "src/graph/graph_builder.py": {"executed_lines": [], "summary": {"covered_lines": 0, "num_statements": 106, "percent_covered": 0.0, "percent_covered_display": "0.00", "missing_lines": 106, "excluded_lines": 0}, "missing_lines": [7, 8, 9, 10, 11, 13, 14, 16, 19, 30, 31, 32, 33, 34, 43, 50, 52, 53, 55, 67, 70, 76, 77, 79, 80, 81, 82, 83, 85, 93, 94, 95, 102, 105, 112, 119, 120, 121, 123, 124, 125, 126, 127, 129, 137, 138, 139, 148, 151, 158, 165, 166, 167, 169, 170, 171, 172, 173, 175, 183, 184, 185, 186, 187, 190, 191, 192, 194, 199, 201, 208, 210, 211, 213, 224, 226, 228, 229, 230, 231, 232, 233, 234, 235, 236, 237, 239, 241, 242, 244, 251, 269, 276, 283, 284, 285, 287, 288, 291, 292, 293, 294, 295, 296, 297, 299], "excluded_lines": [], "functions": {"GraphBuilder.__init__": {"executed_lines": [], "summary": {"covered_lines": 0, "num_statements": 4, "percent_covered": 0.0, "percent_covered_display": "0.00", "missing_lines": 4, "excluded_lines": 0}, "missing_lines": [31, 32, 33, 34], "excluded_lines": []}, "GraphBuilder.add_pages": {"executed_lines": [], "summary": {"covered_lines": 0, "num_statements": 13, "percent_covered": 0.0, "percent_covered_display": "0.00", "missing_lines": 13, "excluded_lines": 0}, "missing_lines": [50, 52, 53, 55, 67, 70, 76, 77, 79, 80, 81, 82, 83], "excluded_lines": []}, "GraphBuilder.add_sections": {"executed_lines": [], "summary": {"covered_lines": 0, "num_statements": 14, "percent_covered": 0.0, "percent_covered_display": "0.00", "missing_lines": 14, "excluded_lines": 0}, "missing_lines": [93, 94, 95, 102, 105, 112, 119, 120, 121, 123, 124, 125, 126, 127], "excluded_lines": []}, "GraphBuilder.add_content_items": {"executed_lines": [], "summary": {"covered_lines": 0, "num_statements": 14, "percent_covered": 0.0, "percent_covered_display": "0.00", "missing_lines": 14, "excluded_lines": 0}, "missing_lines": [137, 138, 139, 148, 151, 158, 165, 166, 167, 169, 170, 171, 172, 173], "excluded_lines": []}, "GraphBuilder.add_links": {"executed_lines": [], "summary": {"covered_lines": 0, "num_statements": 14, "percent_covered": 0.0, "percent_covered_display": "0.00", "missing_lines": 14, "excluded_lines": 0}, "missing_lines": [183, 184, 185, 186, 187, 190, 191, 192, 194, 199, 201, 208, 210, 211], "excluded_lines": []}, "GraphBuilder.export_graph": {"executed_lines": [], "summary": {"covered_lines": 0, "num_statements": 15, "percent_covered": 0.0, "percent_covered_display": "0.00", "missing_lines": 15, "excluded_lines": 0}, "missing_lines": [224, 226, 228, 229, 230, 231, 232, 233, 234, 235, 236, 237, 239, 241, 242], "excluded_lines": []}, "GraphBuilder.get_statistics": {"executed_lines": [], "summary": {"covered_lines": 0, "num_statements": 1, "percent_covered": 0.0, "percent_covered_display": "0.00", "missing_lines": 1, "excluded_lines": 0}, "missing_lines": [251], "excluded_lines": []}, "GraphBuilder.validate_graph": {"executed_lines": [], "summary": {"covered_lines": 0, "num_statements": 14, "percent_covered": 0.0, "percent_covered_display": "0.00", "missing_lines": 14, "excluded_lines": 0}, "missing_lines": [276, 283, 284, 285, 287, 288, 291, 292, 293, 294, 295, 296, 297, 299], "excluded_lines": []}, "": {"executed_lines": [], "summary": {"covered_lines": 0, "num_statements": 17, "percent_covered": 0.0, "percent_covered_display": "0.00", "missing_lines": 17, "excluded_lines": 0}, "missing_lines": [7, 8, 9, 10, 11, 13, 14, 16, 19, 30, 43, 85, 129, 175, 213, 244, 269], "excluded_lines": []}}, "classes": {"GraphBuilder": {"executed_lines": [], "summary": {"covered_lines": 0, "num_statements": 89, "percent_covered": 0.0, "percent_covered_display": "0.00", "missing_lines": 89, "excluded_lines": 0}, "missing_lines": [31, 32, 33, 34, 50, 52, 53, 55, 67, 70, 76, 77, 79, 80, 81, 82, 83, 93, 94, 95, 102, 105, 112, 119, 120, 121, 123, 124, 125, 126, 127, 137, 138, 139, 148, 151, 158, 165, 166, 167, 169, 170, 171, 172, 173, 183, 184, 185, 186, 187, 190, 191, 192, 194, 199, 201, 208, 210, 211, 224, 226, 228, 229, 230, 231, 232, 233, 234, 235, 236, 237, 239, 241, 242, 251, 276, 283, 284, 285, 287, 288, 291, 292, 293, 294, 295, 296, 297, 299], "excluded_lines": []}, "": {"executed_lines": [], "summary": {"covered_lines": 0, "num_statements": 17, "percent_covered": 0.0, "percent_covered_display": "0.00", "missing_lines": 17, "excluded_lines": 0}, "missing_lines": [7, 8, 9, 10, 11, 13, 14, 16, 19, 30, 43, 85, 129, 175, 213, 244, 269], "excluded_lines": []}}}, "src/graph/graph_loader.py": {"executed_lines": [], "summary": {"covered_lines": 0, "num_statements": 139, "percent_covered": 0.0, "percent_covered_display": "0.00", "missing_lines": 139, "excluded_lines": 0}, "missing_lines": [7, 8, 9, 10, 12, 13, 15, 18, 30, 31, 32, 34, 41, 43, 46, 47, 48, 50, 51, 52, 53, 54, 55, 57, 58, 60, 71, 72, 73, 74, 76, 77, 80, 81, 82, 83, 84, 87, 88, 89, 90, 91, 94, 95, 96, 97, 98, 101, 104, 119, 121, 131, 132, 133, 136, 137, 138, 139, 140, 141, 142, 143, 144, 145, 146, 147, 148, 149, 151, 153, 163, 166, 169, 170, 173, 174, 175, 177, 178, 180, 187, 188, 189, 191, 192, 195, 198, 199, 200, 202, 205, 206, 208, 220, 221, 223, 227, 228, 229, 230, 233, 234, 237, 239, 247, 250, 251, 253, 256, 257, 265, 267, 279, 280, 282, 286, 287, 288, 289, 291, 301, 302, 304, 305, 307, 314, 316, 326, 327, 329, 331, 339, 340, 341, 342, 343, 344, 345, 347], "excluded_lines": [], "functions": {"GraphLoader.__init__": {"executed_lines": [], "summary": {"covered_lines": 0, "num_statements": 2, "percent_covered": 0.0, "percent_covered_display": "0.00", "missing_lines": 2, "excluded_lines": 0}, "missing_lines": [31, 32], "excluded_lines": []}, "GraphLoader.load_parsed_data": {"executed_lines": [], "summary": {"covered_lines": 0, "num_statements": 13, "percent_covered": 0.0, "percent_covered_display": "0.00", "missing_lines": 13, "excluded_lines": 0}, "missing_lines": [41, 43, 46, 47, 48, 50, 51, 52, 53, 54, 55, 57, 58], "excluded_lines": []}, "GraphLoader._load_page": {"executed_lines": [], "summary": {"covered_lines": 0, "num_statements": 24, "percent_covered": 0.0, "percent_covered_display": "0.00", "missing_lines": 24, "excluded_lines": 0}, "missing_lines": [71, 72, 73, 74, 76, 77, 80, 81, 82, 83, 84, 87, 88, 89, 90, 91, 94, 95, 96, 97, 98, 101, 104, 119], "excluded_lines": []}, "GraphLoader._classify_page_type": {"executed_lines": [], "summary": {"covered_lines": 0, "num_statements": 18, "percent_covered": 0.0, "percent_covered_display": "0.00", "missing_lines": 18, "excluded_lines": 0}, "missing_lines": [131, 132, 133, 136, 137, 138, 139, 140, 141, 142, 143, 144, 145, 146, 147, 148, 149, 151], "excluded_lines": []}, "GraphLoader.build_complete_graph": {"executed_lines": [], "summary": {"covered_lines": 0, "num_statements": 9, "percent_covered": 0.0, "percent_covered_display": "0.00", "missing_lines": 9, "excluded_lines": 0}, "missing_lines": [163, 166, 169, 170, 173, 174, 175, 177, 178], "excluded_lines": []}, "GraphLoader._build_page_structure": {"executed_lines": [], "summary": {"covered_lines": 0, "num_statements": 12, "percent_covered": 0.0, "percent_covered_display": "0.00", "missing_lines": 12, "excluded_lines": 0}, "missing_lines": [187, 188, 189, 191, 192, 195, 198, 199, 200, 202, 205, 206], "excluded_lines": []}, "GraphLoader._extract_sections": {"executed_lines": [], "summary": {"covered_lines": 0, "num_statements": 7, "percent_covered": 0.0, "percent_covered_display": "0.00", "missing_lines": 7, "excluded_lines": 0}, "missing_lines": [220, 221, 223, 253, 256, 257, 265], "excluded_lines": []}, "GraphLoader._extract_sections.traverse_dom": {"executed_lines": [], "summary": {"covered_lines": 0, "num_statements": 11, "percent_covered": 0.0, "percent_covered_display": "0.00", "missing_lines": 11, "excluded_lines": 0}, "missing_lines": [227, 228, 229, 230, 233, 234, 237, 239, 247, 250, 251], "excluded_lines": []}, "GraphLoader._extract_content_items": {"executed_lines": [], "summary": {"covered_lines": 0, "num_statements": 5, "percent_covered": 0.0, "percent_covered_display": "0.00", "missing_lines": 5, "excluded_lines": 0}, "missing_lines": [279, 280, 282, 304, 305], "excluded_lines": []}, "GraphLoader._extract_content_items.traverse_for_content": {"executed_lines": [], "summary": {"covered_lines": 0, "num_statements": 7, "percent_covered": 0.0, "percent_covered_display": "0.00", "missing_lines": 7, "excluded_lines": 0}, "missing_lines": [286, 287, 288, 289, 291, 301, 302], "excluded_lines": []}, "GraphLoader.validate_graph": {"executed_lines": [], "summary": {"covered_lines": 0, "num_statements": 1, "percent_covered": 0.0, "percent_covered_display": "0.00", "missing_lines": 1, "excluded_lines": 0}, "missing_lines": [314], "excluded_lines": []}, "GraphLoader.save_graph": {"executed_lines": [], "summary": {"covered_lines": 0, "num_statements": 12, "percent_covered": 0.0, "percent_covered_display": "0.00", "missing_lines": 12, "excluded_lines": 0}, "missing_lines": [326, 327, 329, 331, 339, 340, 341, 342, 343, 344, 345, 347], "excluded_lines": []}, "": {"executed_lines": [], "summary": {"covered_lines": 0, "num_statements": 18, "percent_covered": 0.0, "percent_covered_display": "0.00", "missing_lines": 18, "excluded_lines": 0}, "missing_lines": [7, 8, 9, 10, 12, 13, 15, 18, 30, 34, 60, 121, 153, 180, 208, 267, 307, 316], "excluded_lines": []}}, "classes": {"GraphLoader": {"executed_lines": [], "summary": {"covered_lines": 0, "num_statements": 121, "percent_covered": 0.0, "percent_covered_display": "0.00", "missing_lines": 121, "excluded_lines": 0}, "missing_lines": [31, 32, 41, 43, 46, 47, 48, 50, 51, 52, 53, 54, 55, 57, 58, 71, 72, 73, 74, 76, 77, 80, 81, 82, 83, 84, 87, 88, 89, 90, 91, 94, 95, 96, 97, 98, 101, 104, 119, 131, 132, 133, 136, 137, 138, 139, 140, 141, 142, 143, 144, 145, 146, 147, 148, 149, 151, 163, 166, 169, 170, 173, 174, 175, 177, 178, 187, 188, 189, 191, 192, 195, 198, 199, 200, 202, 205, 206, 220, 221, 223, 227, 228, 229, 230, 233, 234, 237, 239, 247, 250, 251, 253, 256, 257, 265, 279, 280, 282, 286, 287, 288, 289, 291, 301, 302, 304, 305, 314, 326, 327, 329, 331, 339, 340, 341, 342, 343, 344, 345, 347], "excluded_lines": []}, "": {"executed_lines": [], "summary": {"covered_lines": 0, "num_statements": 18, "percent_covered": 0.0, "percent_covered_display": "0.00", "missing_lines": 18, "excluded_lines": 0}, "missing_lines": [7, 8, 9, 10, 12, 13, 15, 18, 30, 34, 60, 121, 153, 180, 208, 267, 307, 316], "excluded_lines": []}}}, "src/graph/mgraph_compat.py": {"executed_lines": [], "summary": {"covered_lines": 0, "num_statements": 181, "percent_covered": 0.0, "percent_covered_display": "0.00", "missing_lines": 181, "excluded_lines": 0}, "missing_lines": [8, 9, 10, 11, 12, 15, 16, 18, 19, 20, 22, 23, 26, 27, 29, 30, 31, 32, 34, 35, 38, 45, 46, 47, 48, 50, 59, 62, 63, 64, 66, 76, 77, 79, 82, 83, 84, 86, 88, 89, 91, 92, 93, 95, 97, 99, 101, 103, 104, 105, 106, 107, 108, 109, 115, 117, 118, 119, 120, 121, 122, 123, 129, 131, 132, 133, 134, 135, 136, 137, 144, 146, 159, 160, 162, 164, 165, 166, 167, 169, 170, 171, 172, 174, 176, 177, 179, 181, 183, 184, 186, 188, 189, 190, 197, 199, 201, 203, 205, 207, 212, 213, 215, 217, 218, 221, 222, 223, 226, 227, 234, 235, 242, 244, 246, 248, 250, 251, 252, 255, 256, 257, 258, 261, 263, 264, 267, 268, 269, 272, 273, 275, 277, 279, 291, 292, 294, 295, 296, 298, 299, 301, 302, 304, 306, 307, 308, 309, 311, 312, 313, 315, 316, 317, 318, 320, 322, 324, 326, 327, 329, 330, 331, 333, 334, 336, 337, 339, 341, 342, 343, 344, 346, 347, 348, 349, 350, 351, 352, 354, 356], "excluded_lines": [], "functions": {"MNode.dict": {"executed_lines": [], "summary": {"covered_lines": 0, "num_statements": 1, "percent_covered": 0.0, "percent_covered_display": "0.00", "missing_lines": 1, "excluded_lines": 0}, "missing_lines": [23], "excluded_lines": []}, "MEdge.dict": {"executed_lines": [], "summary": {"covered_lines": 0, "num_statements": 1, "percent_covered": 0.0, "percent_covered_display": "0.00", "missing_lines": 1, "excluded_lines": 0}, "missing_lines": [35], "excluded_lines": []}, "MGraph.__init__": {"executed_lines": [], "summary": {"covered_lines": 0, "num_statements": 3, "percent_covered": 0.0, "percent_covered_display": "0.00", "missing_lines": 3, "excluded_lines": 0}, "missing_lines": [46, 47, 48], "excluded_lines": []}, "MGraph.add_node": {"executed_lines": [], "summary": {"covered_lines": 0, "num_statements": 4, "percent_covered": 0.0, "percent_covered_display": "0.00", "missing_lines": 4, "excluded_lines": 0}, "missing_lines": [59, 62, 63, 64], "excluded_lines": []}, "MGraph.add_edge": {"executed_lines": [], "summary": {"covered_lines": 0, "num_statements": 6, "percent_covered": 0.0, "percent_covered_display": "0.00", "missing_lines": 6, "excluded_lines": 0}, "missing_lines": [76, 77, 79, 82, 83, 84], "excluded_lines": []}, "MGraph.get_node": {"executed_lines": [], "summary": {"covered_lines": 0, "num_statements": 6, "percent_covered": 0.0, "percent_covered_display": "0.00", "missing_lines": 6, "excluded_lines": 0}, "missing_lines": [88, 89, 91, 92, 93, 95], "excluded_lines": []}, "MGraph.get_edges": {"executed_lines": [], "summary": {"covered_lines": 0, "num_statements": 26, "percent_covered": 0.0, "percent_covered_display": "0.00", "missing_lines": 26, "excluded_lines": 0}, "missing_lines": [99, 101, 103, 104, 105, 106, 107, 108, 109, 115, 117, 118, 119, 120, 121, 122, 123, 129, 131, 132, 133, 134, 135, 136, 137, 144], "excluded_lines": []}, "MGraph.query": {"executed_lines": [], "summary": {"covered_lines": 0, "num_statements": 15, "percent_covered": 0.0, "percent_covered_display": "0.00", "missing_lines": 15, "excluded_lines": 0}, "missing_lines": [159, 160, 162, 164, 165, 166, 167, 169, 170, 171, 172, 174, 176, 177, 179], "excluded_lines": []}, "MGraph.all_nodes": {"executed_lines": [], "summary": {"covered_lines": 0, "num_statements": 2, "percent_covered": 0.0, "percent_covered_display": "0.00", "missing_lines": 2, "excluded_lines": 0}, "missing_lines": [183, 184], "excluded_lines": []}, "MGraph.all_edges": {"executed_lines": [], "summary": {"covered_lines": 0, "num_statements": 3, "percent_covered": 0.0, "percent_covered_display": "0.00", "missing_lines": 3, "excluded_lines": 0}, "missing_lines": [188, 189, 190], "excluded_lines": []}, "MGraph.node_count": {"executed_lines": [], "summary": {"covered_lines": 0, "num_statements": 1, "percent_covered": 0.0, "percent_covered_display": "0.00", "missing_lines": 1, "excluded_lines": 0}, "missing_lines": [199], "excluded_lines": []}, "MGraph.edge_count": {"executed_lines": [], "summary": {"covered_lines": 0, "num_statements": 1, "percent_covered": 0.0, "percent_covered_display": "0.00", "missing_lines": 1, "excluded_lines": 0}, "missing_lines": [203], "excluded_lines": []}, "MGraph.save_to_json": {"executed_lines": [], "summary": {"covered_lines": 0, "num_statements": 3, "percent_covered": 0.0, "percent_covered_display": "0.00", "missing_lines": 3, "excluded_lines": 0}, "missing_lines": [207, 212, 213], "excluded_lines": []}, "MGraph.load_from_json": {"executed_lines": [], "summary": {"covered_lines": 0, "num_statements": 9, "percent_covered": 0.0, "percent_covered_display": "0.00", "missing_lines": 9, "excluded_lines": 0}, "missing_lines": [217, 218, 221, 222, 223, 226, 227, 234, 235], "excluded_lines": []}, "MGraph.export_graphml": {"executed_lines": [], "summary": {"covered_lines": 0, "num_statements": 1, "percent_covered": 0.0, "percent_covered_display": "0.00", "missing_lines": 1, "excluded_lines": 0}, "missing_lines": [244], "excluded_lines": []}, "MGraph.export_cypher": {"executed_lines": [], "summary": {"covered_lines": 0, "num_statements": 8, "percent_covered": 0.0, "percent_covered_display": "0.00", "missing_lines": 8, "excluded_lines": 0}, "missing_lines": [248, 250, 251, 252, 255, 256, 257, 258], "excluded_lines": []}, "MGraph.export_mermaid": {"executed_lines": [], "summary": {"covered_lines": 0, "num_statements": 7, "percent_covered": 0.0, "percent_covered_display": "0.00", "missing_lines": 7, "excluded_lines": 0}, "missing_lines": [263, 264, 267, 268, 269, 272, 273], "excluded_lines": []}, "MGraph.export_dot": {"executed_lines": [], "summary": {"covered_lines": 0, "num_statements": 1, "percent_covered": 0.0, "percent_covered_display": "0.00", "missing_lines": 1, "excluded_lines": 0}, "missing_lines": [277], "excluded_lines": []}, "MGraph.traverse": {"executed_lines": [], "summary": {"covered_lines": 0, "num_statements": 23, "percent_covered": 0.0, "percent_covered_display": "0.00", "missing_lines": 23, "excluded_lines": 0}, "missing_lines": [291, 292, 294, 295, 296, 298, 299, 301, 302, 304, 306, 307, 308, 309, 311, 312, 313, 315, 316, 317, 318, 320, 322], "excluded_lines": []}, "MGraph.traverse_reverse": {"executed_lines": [], "summary": {"covered_lines": 0, "num_statements": 23, "percent_covered": 0.0, "percent_covered_display": "0.00", "missing_lines": 23, "excluded_lines": 0}, "missing_lines": [326, 327, 329, 330, 331, 333, 334, 336, 337, 339, 341, 342, 343, 344, 346, 347, 348, 349, 350, 351, 352, 354, 356], "excluded_lines": []}, "": {"executed_lines": [], "summary": {"covered_lines": 0, "num_statements": 37, "percent_covered": 0.0, "percent_covered_display": "0.00", "missing_lines": 37, "excluded_lines": 0}, "missing_lines": [8, 9, 10, 11, 12, 15, 16, 18, 19, 20, 22, 26, 27, 29, 30, 31, 32, 34, 38, 45, 50, 66, 86, 97, 146, 181, 186, 197, 201, 205, 215, 242, 246, 261, 275, 279, 324], "excluded_lines": []}}, "classes": {"MNode": {"executed_lines": [], "summary": {"covered_lines": 0, "num_statements": 1, "percent_covered": 0.0, "percent_covered_display": "0.00", "missing_lines": 1, "excluded_lines": 0}, "missing_lines": [23], "excluded_lines": []}, "MEdge": {"executed_lines": [], "summary": {"covered_lines": 0, "num_statements": 1, "percent_covered": 0.0, "percent_covered_display": "0.00", "missing_lines": 1, "excluded_lines": 0}, "missing_lines": [35], "excluded_lines": []}, "MGraph": {"executed_lines": [], "summary": {"covered_lines": 0, "num_statements": 142, "percent_covered": 0.0, "percent_covered_display": "0.00", "missing_lines": 142, 
[...]
splay": "0.00", "missing_lines": 120, "excluded_lines": 0}, "missing_lines": [10, 11, 12, 14, 22, 25, 35, 37, 38, 40, 53, 55, 56, 57, 58, 59, 61, 62, 65, 72, 79, 80, 83, 84, 85, 87, 90, 92, 105, 107, 108, 109, 110, 111, 114, 117, 124, 131, 132, 135, 136, 137, 139, 142, 144, 154, 156, 157, 158, 160, 161, 162, 165, 166, 168, 171, 178, 185, 186, 189, 190, 191, 193, 194, 196, 212, 215, 216, 217, 219, 220, 221, 223, 224, 225, 227, 228, 231, 233, 234, 236, 237, 238, 239, 240, 241, 242, 244, 245, 247, 248, 249, 250, 251, 259, 260, 261, 262, 264, 265, 266, 267, 269, 270, 272, 273, 274, 282, 283, 290, 293, 295, 302, 303, 304, 306, 310, 318, 320, 321], "excluded_lines": [], "functions": {"ContainsRelationshipExtractor.__init__": {"executed_lines": [], "summary": {"covered_lines": 0, "num_statements": 2, "percent_covered": 0.0, "percent_covered_display": "0.00", "missing_lines": 2, "excluded_lines": 0}, "missing_lines": [37, 38], "excluded_lines": []}, "ContainsRelationshipExtractor.extract_page_sections": {"executed_lines": [], "summary": {"covered_lines": 0, "num_statements": 17, "percent_covered": 0.0, "percent_covered_display": "0.00", "missing_lines": 17, "excluded_lines": 0}, "missing_lines": [53, 55, 56, 57, 58, 59, 61, 62, 65, 72, 79, 80, 83, 84, 85, 87, 90], "excluded_lines": []}, "ContainsRelationshipExtractor.extract_section_content": {"executed_lines": [], "summary": {"covered_lines": 0, "num_statements": 16, "percent_covered": 0.0, "percent_covered_display": "0.00", "missing_lines": 16, "excluded_lines": 0}, "missing_lines": [105, 107, 108, 109, 110, 111, 114, 117, 124, 131, 132, 135, 136, 137, 139, 142], "excluded_lines": []}, "ContainsRelationshipExtractor.extract_nested_sections": {"executed_lines": [], "summary": {"covered_lines": 0, "num_statements": 19, "percent_covered": 0.0, "percent_covered_display": "0.00", "missing_lines": 19, "excluded_lines": 0}, "missing_lines": [154, 156, 157, 158, 160, 161, 162, 165, 166, 168, 171, 178, 185, 186, 189, 190, 191, 193, 194], "excluded_lines": []}, "ContainsRelationshipExtractor.validate_hierarchy": {"executed_lines": [], "summary": {"covered_lines": 0, "num_statements": 35, "percent_covered": 0.0, "percent_covered_display": "0.00", "missing_lines": 35, "excluded_lines": 0}, "missing_lines": [212, 215, 216, 217, 219, 220, 221, 223, 224, 225, 227, 228, 231, 247, 248, 249, 250, 251, 259, 260, 261, 262, 264, 265, 266, 267, 269, 270, 272, 273, 274, 282, 283, 290, 293], "excluded_lines": []}, "ContainsRelationshipExtractor.validate_hierarchy.has_cycle": {"executed_lines": [], "summary": {"covered_lines": 0, "num_statements": 11, "percent_covered": 0.0, "percent_covered_display": "0.00", "missing_lines": 11, "excluded_lines": 0}, "missing_lines": [233, 234, 236, 237, 238, 239, 240, 241, 242, 244, 245], "excluded_lines": []}, "ContainsRelationshipExtractor.get_statistics": {"executed_lines": [], "summary": {"covered_lines": 0, "num_statements": 5, "percent_covered": 0.0, "percent_covered_display": "0.00", "missing_lines": 5, "excluded_lines": 0}, "missing_lines": [302, 303, 304, 306, 310], "excluded_lines": []}, "ContainsRelationshipExtractor.reset": {"executed_lines": [], "summary": {"covered_lines": 0, "num_statements": 2, "percent_covered": 0.0, "percent_covered_display": "0.00", "missing_lines": 2, "excluded_lines": 0}, "missing_lines": [320, 321], "excluded_lines": []}, "": {"executed_lines": [], "summary": {"covered_lines": 0, "num_statements": 13, "percent_covered": 0.0, "percent_covered_display": "0.00", "missing_lines": 13, "excluded_lines": 0}, "missing_lines": [10, 11, 12, 14, 22, 25, 35, 40, 92, 144, 196, 295, 318], "excluded_lines": []}}, "classes": {"ContainsRelationshipExtractor": {"executed_lines": [], "summary": {"covered_lines": 0, "num_statements": 107, "percent_covered": 0.0, "percent_covered_display": "0.00", "missing_lines": 107, "excluded_lines": 0}, "missing_lines": [37, 38, 53, 55, 56, 57, 58, 59, 61, 62, 65, 72, 79, 80, 83, 84, 85, 87, 90, 105, 107, 108, 109, 110, 111, 114, 117, 124, 131, 132, 135, 136, 137, 139, 142, 154, 156, 157, 158, 160, 161, 162, 165, 166, 168, 171, 178, 185, 186, 189, 190, 191, 193, 194, 212, 215, 216, 217, 219, 220, 221, 223, 224, 225, 227, 228, 231, 233, 234, 236, 237, 238, 239, 240, 241, 242, 244, 245, 247, 248, 249, 250, 251, 259, 260, 261, 262, 264, 265, 266, 267, 269, 270, 272, 273, 274, 282, 283, 290, 293, 302, 303, 304, 306, 310, 320, 321], "excluded_lines": []}, "": {"executed_lines": [], "summary": {"covered_lines": 0, "num_statements": 13, "percent_covered": 0.0, "percent_covered_display": "0.00", "missing_lines": 13, "excluded_lines": 0}, "missing_lines": [10, 11, 12, 14, 22, 25, 35, 40, 92, 144, 196, 295, 318], "excluded_lines": []}}}, "src/relationships/links_to_extractor.py": {"executed_lines": [], "summary": {"covered_lines": 0, "num_statements": 128, "percent_covered": 0.0, "percent_covered_display": "0.00", "missing_lines": 128, "excluded_lines": 0}, "missing_lines": [12, 13, 14, 15, 16, 18, 25, 28, 38, 45, 46, 47, 50, 61, 69, 82, 83, 84, 85, 87, 88, 89, 92, 94, 95, 96, 97, 100, 103, 105, 108, 109, 110, 111, 114, 115, 118, 119, 120, 123, 126, 129, 138, 145, 146, 149, 150, 151, 153, 154, 156, 167, 168, 169, 172, 173, 175, 177, 180, 181, 183, 184, 186, 187, 190, 191, 192, 195, 196, 203, 204, 205, 208, 210, 224, 227, 228, 231, 232, 233, 234, 235, 236, 237, 240, 241, 242, 245, 246, 249, 251, 261, 263, 264, 265, 267, 268, 270, 280, 281, 284, 285, 288, 289, 290, 291, 293, 303, 304, 305, 306, 307, 309, 319, 321, 328, 329, 330, 333, 334, 335, 336, 339, 343, 345, 354, 356, 357], "excluded_lines": [], "functions": {"LinksToRelationshipExtractor.__init__": {"executed_lines": [], "summary": {"covered_lines": 0, "num_statements": 5, "percent_covered": 0.0, "percent_covered_display": "0.00", "missing_lines": 5, "excluded_lines": 0}, "missing_lines": [45, 46, 47, 50, 61], "excluded_lines": []}, "LinksToRelationshipExtractor.extract_page_links": {"executed_lines": [], "summary": {"covered_lines": 0, "num_statements": 35, "percent_covered": 0.0, "percent_covered_display": "0.00", "missing_lines": 35, "excluded_lines": 0}, "missing_lines": [82, 83, 84, 85, 87, 88, 89, 92, 94, 95, 96, 97, 100, 103, 105, 108, 109, 110, 111, 114, 115, 118, 119, 120, 123, 126, 129, 138, 145, 146, 149, 150, 151, 153, 154], "excluded_lines": []}, "LinksToRelationshipExtractor.classify_link_type": {"executed_lines": [], "summary": {"covered_lines": 0, "num_statements": 22, "percent_covered": 0.0, "percent_covered_display": "0.00", "missing_lines": 22, "excluded_lines": 0}, "missing_lines": [167, 168, 169, 172, 173, 175, 177, 180, 181, 183, 184, 186, 187, 190, 191, 192, 195, 196, 203, 204, 205, 208], "excluded_lines": []}, "LinksToRelationshipExtractor.calculate_link_strength": {"executed_lines": [], "summary": {"covered_lines": 0, "num_statements": 16, "percent_covered": 0.0, "percent_covered_display": "0.00", "missing_lines": 16, "excluded_lines": 0}, "missing_lines": [224, 227, 228, 231, 232, 233, 234, 235, 236, 237, 240, 241, 242, 245, 246, 249], "excluded_lines": []}, "LinksToRelationshipExtractor.build_link_graph": {"executed_lines": [], "summary": {"covered_lines": 0, "num_statements": 6, "percent_covered": 0.0, "percent_covered_display": "0.00", "missing_lines": 6, "excluded_lines": 0}, "missing_lines": [261, 263, 264, 265, 267, 268], "excluded_lines": []}, "LinksToRelationshipExtractor._is_internal_link": {"executed_lines": [], "summary": {"covered_lines": 0, "num_statements": 8, "percent_covered": 0.0, "percent_covered_display": "0.00", "missing_lines": 8, "excluded_lines": 0}, "missing_lines": [280, 281, 284, 285, 288, 289, 290, 291], "excluded_lines": []}, "LinksToRelationshipExtractor.get_inbound_links": {"executed_lines": [], "summary": {"covered_lines": 0, "num_statements": 5, "percent_covered": 0.0, "percent_covered_display": "0.00", "missing_lines": 5, "excluded_lines": 0}, "missing_lines": [303, 304, 305, 306, 307], "excluded_lines": []}, "LinksToRelationshipExtractor.get_outbound_links": {"executed_lines": [], "summary": {"covered_lines": 0, "num_statements": 1, "percent_covered": 0.0, "percent_covered_display": "0.00", "missing_lines": 1, "excluded_lines": 0}, "missing_lines": [319], "excluded_lines": []}, "LinksToRelationshipExtractor.get_statistics": {"executed_lines": [], "summary": {"covered_lines": 0, "num_statements": 10, "percent_covered": 0.0, "percent_covered_display": "0.00", "missing_lines": 10, "excluded_lines": 0}, "missing_lines": [328, 329, 330, 333, 334, 335, 336, 339, 343, 345], "excluded_lines": []}, "LinksToRelationshipExtractor.reset": {"executed_lines": [], "summary": {"covered_lines": 0, "num_statements": 2, "percent_covered": 0.0, "percent_covered_display": "0.00", "missing_lines": 2, "excluded_lines": 0}, "missing_lines": [356, 357], "excluded_lines": []}, "": {"executed_lines": [], "summary": {"covered_lines": 0, "num_statements": 18, "percent_covered": 0.0, "percent_covered_display": "0.00", "missing_lines": 18, "excluded_lines": 0}, "missing_lines": [12, 13, 14, 15, 16, 18, 25, 28, 38, 69, 156, 210, 251, 270, 293, 309, 321, 354], "excluded_lines": []}}, "classes": {"LinksToRelationshipExtractor": {"executed_lines": [], "summary": {"covered_lines": 0, "num_statements": 110, "percent_covered": 0.0, "percent_covered_display": "0.00", "missing_lines": 110, "excluded_lines": 0}, "missing_lines": [45, 46, 47, 50, 61, 82, 83, 84, 85, 87, 88, 89, 92, 94, 95, 96, 97, 100, 103, 105, 108, 109, 110, 111, 114, 115, 118, 119, 120, 123, 126, 129, 138, 145, 146, 149, 150, 151, 153, 154, 167, 168, 169, 172, 173, 175, 177, 180, 181, 183, 184, 186, 187, 190, 191, 192, 195, 196, 203, 204, 205, 208, 224, 227, 228, 231, 232, 233, 234, 235, 236, 237, 240, 241, 242, 245, 246, 249, 261, 263, 264, 265, 267, 268, 280, 281, 284, 285, 288, 289, 290, 291, 303, 304, 305, 306, 307, 319, 328, 329, 330, 333, 334, 335, 336, 339, 343, 345, 356, 357], "excluded_lines": []}, "": {"executed_lines": [], "summary": {"covered_lines": 0, "num_statements": 18, "percent_covered": 0.0, "percent_covered_display": "0.00", "missing_lines": 18, "excluded_lines": 0}, "missing_lines": [12, 13, 14, 15, 16, 18, 25, 28, 38, 69, 156, 210, 251, 270, 293, 309, 321, 354], "excluded_lines": []}}}, "src/relationships/models.py": {"executed_lines": [], "summary": {"covered_lines": 0, "num_statements": 81, "percent_covered": 0.0, "percent_covered_display": "0.00", "missing_lines": 81, "excluded_lines": 0}, "missing_lines": [5, 6, 7, 8, 11, 14, 15, 16, 17, 18, 19, 22, 25, 26, 27, 28, 29, 30, 33, 40, 41, 42, 43, 44, 46, 47, 48, 50, 51, 52, 54, 56, 58, 60, 61, 62, 69, 72, 73, 74, 75, 78, 81, 82, 83, 84, 85, 88, 91, 92, 93, 94, 95, 98, 101, 102, 103, 104, 105, 106, 107, 108, 110, 119, 126, 129, 130, 131, 132, 133, 134, 135, 138, 141, 142, 143, 144, 145, 146, 147, 148], "excluded_lines": [], "functions": {"Edge.validate_ids": {"executed_lines": [], "summary": {"covered_lines": 0, "num_statements": 3, "percent_covered": 0.0, "percent_covered_display": "0.00", "missing_lines": 3, "excluded_lines": 0}, "missing_lines": [50, 51, 52], "excluded_lines": []}, "Edge.__hash__": {"executed_lines": [], "summary": {"covered_lines": 0, "num_statements": 1, "percent_covered": 0.0, "percent_covered_display": "0.00", "missing_lines": 1, "excluded_lines": 0}, "missing_lines": [56], "excluded_lines": []}, "Edge.__eq__": {"executed_lines": [], "summary": {"covered_lines": 0, "num_statements": 3, "percent_covered": 0.0, "percent_covered_display": "0.00", "missing_lines": 3, "excluded_lines": 0}, "missing_lines": [60, 61, 62], "excluded_lines": []}, "ValidationReport.add_issue": {"executed_lines": [], "summary": {"covered_lines": 0, "num_statements": 9, "percent_covered": 0.0, "percent_covered_display": "0.00", "missing_lines": 9, "excluded_lines": 0}, "missing_lines": [119, 126, 129, 130, 131, 132, 133, 134, 135], "excluded_lines": []}, "": {"executed_lines": [], "summary": {"covered_lines": 0, "num_statements": 65, "percent_covered": 0.0, "percent_covered_display": "0.00", "missing_lines": 65, "excluded_lines": 0}, "missing_lines": [5, 6, 7, 8, 11, 14, 15, 16, 17, 18, 19, 22, 25, 26, 27, 28, 29, 30, 33, 40, 41, 42, 43, 44, 46, 47, 48, 54, 58, 69, 72, 73, 74, 75, 78, 81, 82, 83, 84, 85, 88, 91, 92, 93, 94, 95, 98, 101, 102, 103, 104, 105, 106, 107, 108, 110, 138, 141, 142, 143, 144, 145, 146, 147, 148], "excluded_lines": []}}, "classes": {"LinkType": {"executed_lines": [], "summary": {"covered_lines": 0, "num_statements": 0, "percent_covered": 100.0, "percent_covered_display": "100.00", "missing_lines": 0, "excluded_lines": 0}, "missing_lines": [], "excluded_lines": []}, "EdgeType": {"executed_lines": [], "summary": {"covered_lines": 0, "num_statements": 0, "percent_covered": 100.0, "percent_covered_display": "100.00", "missing_lines": 0, "excluded_lines": 0}, "missing_lines": [], "excluded_lines": []}, "Edge": {"executed_lines": [], "summary": {"covered_lines": 0, "num_statements": 7, "percent_covered": 0.0, "percent_covered_display": "0.00", "missing_lines": 7, "excluded_lines": 0}, "missing_lines": [50, 51, 52, 56, 60, 61, 62], "excluded_lines": []}, "ContainsProperties": {"executed_lines": [], "summary": {"covered_lines": 0, "num_statements": 0, "percent_covered": 100.0, "percent_covered_display": "100.00", "missing_lines": 0, "excluded_lines": 0}, "missing_lines": [], "excluded_lines": []}, "LinksToProperties": {"executed_lines": [], "summary": {"covered_lines": 0, "num_statements": 0, "percent_covered": 100.0, "percent_covered_display": "100.00", "missing_lines": 0, "excluded_lines": 0}, "missing_lines": [], "excluded_lines": []}, "ValidationIssue": {"executed_lines": [], "summary": {"covered_lines": 0, "num_statements": 0, "percent_covered": 100.0, "percent_covered_display": "100.00", "missing_lines": 0, "excluded_lines": 0}, "missing_lines": [], "excluded_lines": []}, "ValidationReport": {"executed_lines": [], "summary": {"covered_lines": 0, "num_statements": 9, "percent_covered": 0.0, "percent_covered_display": "0.00", "missing_lines": 9, "excluded_lines": 0}, "missing_lines": [119, 126, 129, 130, 131, 132, 133, 134, 135], "excluded_lines": []}, "GraphStatistics": {"executed_lines": [], "summary": {"covered_lines": 0, "num_statements": 0, "percent_covered": 100.0, "percent_covered_display": "100.00", "missing_lines": 0, "excluded_lines": 0}, "missing_lines": [], "excluded_lines": []}, "": {"executed_lines": [], "summary": {"covered_lines": 0, "num_statements": 65, "percent_covered": 0.0, "percent_covered_display": "0.00", "missing_lines": 65, "excluded_lines": 0}, "missing_lines": [5, 6, 7, 8, 11, 14, 15, 16, 17, 18, 19, 22, 25, 26, 27, 28, 29, 30, 33, 40, 41, 42, 43, 44, 46, 47, 48, 54, 58, 69, 72, 73, 74, 75, 78, 81, 82, 83, 84, 85, 88, 91, 92, 93, 94, 95, 98, 101, 102, 103, 104, 105, 106, 107, 108, 110, 138, 141, 142, 143, 144, 145, 146, 147, 148], "excluded_lines": []}}}, "src/relationships/relationship_builder.py": {"executed_lines": [], "summary": {"covered_lines": 0, "num_statements": 132, "percent_covered": 0.0, "percent_covered_display": "0.00", "missing_lines": 132, "excluded_lines": 0}, "missing_lines": [12, 13, 14, 16, 17, 18, 20, 21, 23, 24, 25, 32, 35, 46, 53, 54, 56, 57, 58, 60, 77, 78, 81, 82, 83, 84, 85, 86, 87, 88, 90, 91, 92, 95, 96, 97, 98, 99, 100, 102, 103, 104, 105, 107, 108, 109, 112, 113, 114, 115, 116, 119, 120, 121, 124, 125, 126, 129, 132, 134, 135, 137, 145, 148, 149, 151, 152, 155, 161, 162, 166, 168, 170, 183, 185, 186, 189, 190, 193, 203, 205, 206, 207, 208, 209, 211, 212, 213, 214, 221, 222, 229, 233, 235, 243, 244, 247, 248, 249, 252, 253, 254, 255, 256, 258, 260, 268, 269, 271, 273, 283, 284, 294, 296, 297, 298, 301, 305, 306, 308, 310, 317, 319, 320, 321, 322, 324, 326, 327, 328, 329, 330], "excluded_lines": [], "functions": {"RelationshipBuilder.__init__": {"executed_lines": [], "summary": {"covered_lines": 0, "num_statements": 5, "percent_covered": 0.0, "percent_covered_display": "0.00", "missing_lines": 5, "excluded_lines": 0}, "missing_lines": [53, 54, 56, 57, 58], "excluded_lines": []}, "RelationshipBuilder.build_all_relationships": {"executed_lines": [], "summary": {"covered_lines": 0, "num_statements": 41, "percent_covered": 0.0, "percent_covered_display": "0.00", "missing_lines": 41, "excluded_lines": 0}, "missing_lines": [77, 78, 81, 82, 83, 84, 85, 86, 87, 88, 90, 91, 92, 95, 96, 97, 98, 99, 100, 102, 103, 104, 105, 107, 108, 109, 112, 113, 114, 115, 116, 119, 120, 121, 124, 125, 126, 129, 132, 134, 135], "excluded_lines": []}, "RelationshipBuilder.add_to_graph": {"executed_lines": [], "summary": {"covered_lines": 0, "num_statements": 10, "percent_covered": 0.0, "percent_covered_display": "0.00", "missing_lines": 10, "excluded_lines": 0}, "missing_lines": [145, 148, 149, 151, 152, 155, 161, 162, 166, 168], "excluded_lines": []}, "RelationshipBuilder.validate_relationships": {"executed_lines": [], "summary": {"covered_lines": 0, "num_statements": 20, "percent_covered": 0.0, "percent_covered_display": "0.00", "missing_lines": 20, "excluded_lines": 0}, "missing_lines": [183, 185, 186, 189, 190, 193, 203, 205, 206, 207, 208, 209, 211, 212, 213, 214, 221, 222, 229, 233], "excluded_lines": []}, "RelationshipBuilder.get_statistics": {"executed_lines": [], "summary": {"covered_lines": 0, "num_statements": 15, "percent_covered": 0.0, "percent_covered_display": "0.00", "missing_lines": 15, "excluded_lines": 0}, "missing_lines": [243, 244, 247, 248, 249, 252, 253, 254, 255, 256, 258, 260, 268, 269, 271], "excluded_lines": []}, "RelationshipBuilder.export_edges": {"executed_lines": [], "summary": {"covered_lines": 0, "num_statements": 10, "percent_covered": 0.0, "percent_covered_display": "0.00", "missing_lines": 10, "excluded_lines": 0}, "missing_lines": [283, 284, 294, 296, 297, 298, 301, 305, 306, 308], "excluded_lines": []}, "RelationshipBuilder._group_edges_by_type": {"executed_lines": [], "summary": {"covered_lines": 0, "num_statements": 5, "percent_covered": 0.0, "percent_covered_display": "0.00", "missing_lines": 5, "excluded_lines": 0}, "missing_lines": [317, 319, 320, 321, 322], "excluded_lines": []}, "RelationshipBuilder.reset": {"executed_lines": [], "summary": {"covered_lines": 0, "num_statements": 5, "percent_covered": 0.0, "percent_covered_display": "0.00", "missing_lines": 5, "excluded_lines": 0}, "missing_lines": [326, 327, 328, 329, 330], "excluded_lines": []}, "": {"executed_lines": [], "summary": {"covered_lines": 0, "num_statements": 21, "percent_covered": 0.0, "percent_covered_display": "0.00", "missing_lines": 21, "excluded_lines": 0}, "missing_lines": [12, 13, 14, 16, 17, 18, 20, 21, 23, 24, 25, 32, 35, 46, 60, 137, 170, 235, 273, 310, 324], "excluded_lines": []}}, "classes": {"RelationshipBuilder": {"executed_lines": [], "summary": {"covered_lines": 0, "num_statements": 111, "percent_covered": 0.0, "percent_covered_display": "0.00", "missing_lines": 111, "excluded_lines": 0}, "missing_lines": [53, 54, 56, 57, 58, 77, 78, 81, 82, 83, 84, 85, 86, 87, 88, 90, 91, 92, 95, 96, 97, 98, 99, 100, 102, 103, 104, 105, 107, 108, 109, 112, 113, 114, 115, 116, 119, 120, 121, 124, 125, 126, 129, 132, 134, 135, 145, 148, 149, 151, 152, 155, 161, 162, 166, 168, 183, 185, 186, 189, 190, 193, 203, 205, 206, 207, 208, 209, 211, 212, 213, 214, 221, 222, 229, 233, 243, 244, 247, 248, 249, 252, 253, 254, 255, 256, 258, 260, 268, 269, 271, 283, 284, 294, 296, 297, 298, 301, 305, 306, 308, 317, 319, 320, 321, 322, 326, 327, 328, 329, 330], "excluded_lines": []}, "": {"executed_lines": [], "summary": {"covered_lines": 0, "num_statements": 21, "percent_covered": 0.0, "percent_covered_display": "0.00", "missing_lines": 21, "excluded_lines": 0}, "missing_lines": [12, 13, 14, 16, 17, 18, 20, 21, 23, 24, 25, 32, 35, 46, 60, 137, 170, 235, 273, 310, 324], "excluded_lines": []}}}}, "totals": {"covered_lines": 79, "num_statements": 2928, "percent_covered": 2.698087431693989, "percent_covered_display": "2.70", "missing_lines": 2849, "excluded_lines": 58}}